            "\u001b[32m[I 2022-02-27 13:49:23,023]\u001b[0m Trial 44 finished with value: 0.015703721793798874 and parameters: {'iterations': 15958, 'od_wait': 2208, 'learning_rate': 0.045865836713063, 'reg_lambda': 68.78628903010997, 'random_strength': 29.44954892062163, 'depth': 2, 'min_data_in_leaf': 9, 'leaf_estimation_iterations': 15, 'bagging_temperature': 0.06888482993803063, 'colsample_bylevel': 0.9809639780592926}. Best is trial 21 with value: 0.01551220661402284.\u001b[0m\n",
            "\u001b[32m[I 2022-02-27 13:49:23,616]\u001b[0m Trial 45 finished with value: 0.015322408594267062 and parameters: {'iterations': 16320, 'od_wait': 2243, 'learning_rate': 0.046472247411496664, 'reg_lambda': 71.7275626442973, 'random_strength': 28.57628804402612, 'depth': 3, 'min_data_in_leaf': 9, 'leaf_estimation_iterations': 14, 'bagging_temperature': 0.02317923558550421, 'colsample_bylevel': 0.9993874548275299}. Best is trial 45 with value: 0.015322408594267062.\u001b[0m\n",
            "\u001b[32m[I 2022-02-27 13:49:24,327]\u001b[0m Trial 46 finished with value: 0.016720395506284378 and parameters: {'iterations': 16066, 'od_wait': 2229, 'learning_rate': 0.05230783188214988, 'reg_lambda': 75.34216342225353, 'random_strength': 30.134730413560412, 'depth': 1, 'min_data_in_leaf': 9, 'leaf_estimation_iterations': 1, 'bagging_temperature': 0.014609514939342403, 'colsample_bylevel': 0.997479423167282}. Best is trial 45 with value: 0.015322408594267062.\u001b[0m\n",
            "\u001b[32m[I 2022-02-27 13:49:24,724]\u001b[0m Trial 47 finished with value: 0.016187157824407394 and parameters: {'iterations': 18032, 'od_wait': 2137, 'learning_rate': 0.04453548494605514, 'reg_lambda': 70.99666099586905, 'random_strength': 31.54780541317874, 'depth': 3, 'min_data_in_leaf': 10, 'leaf_estimation_iterations': 14, 'bagging_temperature': 0.034054503397441274, 'colsample_bylevel': 0.9643947312147779}. Best is trial 45 with value: 0.015322408594267062.\u001b[0m\n",
            "\u001b[32m[I 2022-02-27 13:49:24,943]\u001b[0m Trial 48 finished with value: 0.015773618789838108 and parameters: {'iterations': 19149, 'od_wait': 2298, 'learning_rate': 0.19058524459182732, 'reg_lambda': 87.34303239663123, 'random_strength': 29.38617781435641, 'depth': 2, 'min_data_in_leaf': 9, 'leaf_estimation_iterations': 15, 'bagging_temperature': 0.019176134397534406, 'colsample_bylevel': 0.9970932558559057}. Best is trial 45 with value: 0.015322408594267062.\u001b[0m\n",
            "\u001b[32m[I 2022-02-27 13:49:25,388]\u001b[0m Trial 49 finished with value: 0.01587496911706675 and parameters: {'iterations': 17083, 'od_wait': 2039, 'learning_rate': 0.04402927718816817, 'reg_lambda': 97.21483827273399, 'random_strength': 24.93129869898085, 'depth': 2, 'min_data_in_leaf': 9, 'leaf_estimation_iterations': 10, 'bagging_temperature': 0.07146049178358979, 'colsample_bylevel': 0.9341553904511267}. Best is trial 45 with value: 0.015322408594267062.\u001b[0m\n",
            "\u001b[32m[I 2022-02-27 13:49:25,633]\u001b[0m Trial 50 finished with value: 0.016423209671627453 and parameters: {'iterations': 12386, 'od_wait': 2146, 'learning_rate': 0.15942825699164478, 'reg_lambda': 67.05838411210864, 'random_strength': 26.58721240892462, 'depth': 1, 'min_data_in_leaf': 8, 'leaf_estimation_iterations': 8, 'bagging_temperature': 0.06987302947003049, 'colsample_bylevel': 0.9630471573271296}. Best is trial 45 with value: 0.015322408594267062.\u001b[0m\n",
            "\u001b[32m[I 2022-02-27 13:49:25,864]\u001b[0m Trial 51 finished with value: 0.01619126599138053 and parameters: {'iterations': 15723, 'od_wait': 1995, 'learning_rate': 0.14907622807109489, 'reg_lambda': 77.93662888060719, 'random_strength': 28.20152311827451, 'depth': 4, 'min_data_in_leaf': 7, 'leaf_estimation_iterations': 13, 'bagging_temperature': 0.03863689398712878, 'colsample_bylevel': 0.9090549053920011}. Best is trial 45 with value: 0.015322408594267062.\u001b[0m\n",
            "\u001b[32m[I 2022-02-27 13:49:25,987]\u001b[0m Trial 52 finished with value: 0.017373043435943945 and parameters: {'iterations': 14511, 'od_wait': 1923, 'learning_rate': 0.3663807969300884, 'reg_lambda': 53.79444899888248, 'random_strength': 31.374875137514053, 'depth': 3, 'min_data_in_leaf': 8, 'leaf_estimation_iterations': 13, 'bagging_temperature': 0.010845694276631025, 'colsample_bylevel': 0.982743090342684}. Best is trial 45 with value: 0.015322408594267062.\u001b[0m\n",
            "\u001b[32m[I 2022-02-27 13:49:26,297]\u001b[0m Trial 53 finished with value: 0.015912129503126603 and parameters: {'iterations': 14356, 'od_wait': 2212, 'learning_rate': 0.06504832101044544, 'reg_lambda': 57.48627779312878, 'random_strength': 21.124653615409976, 'depth': 4, 'min_data_in_leaf': 10, 'leaf_estimation_iterations': 14, 'bagging_temperature': 0.026650773999763174, 'colsample_bylevel': 0.8669756581530057}. Best is trial 45 with value: 0.015322408594267062.\u001b[0m\n",
            "\u001b[32m[I 2022-02-27 13:49:31,244]\u001b[0m Trial 54 finished with value: 0.016022577991316192 and parameters: {'iterations': 12940, 'od_wait': 1814, 'learning_rate': 0.0023512585151516385, 'reg_lambda': 44.942707822471675, 'random_strength': 18.69069654740276, 'depth': 3, 'min_data_in_leaf': 8, 'leaf_estimation_iterations': 11, 'bagging_temperature': 0.17617330341143017, 'colsample_bylevel': 0.9243164897049334}. Best is trial 45 with value: 0.015322408594267062.\u001b[0m\n",
            "\u001b[32m[I 2022-02-27 13:49:31,516]\u001b[0m Trial 55 finished with value: 0.015704606839802234 and parameters: {'iterations': 16366, 'od_wait': 1956, 'learning_rate': 0.19187087384819929, 'reg_lambda': 82.14699519711326, 'random_strength': 49.09435272570293, 'depth': 2, 'min_data_in_leaf': 6, 'leaf_estimation_iterations': 15, 'bagging_temperature': 0.5077595084426977, 'colsample_bylevel': 0.9617069663511311}. Best is trial 45 with value: 0.015322408594267062.\u001b[0m\n",
            "\u001b[32m[I 2022-02-27 13:49:31,716]\u001b[0m Trial 56 finished with value: 0.01611987668777123 and parameters: {'iterations': 16542, 'od_wait': 2289, 'learning_rate': 0.28204428767956563, 'reg_lambda': 89.31539037361941, 'random_strength': 47.06136856151181, 'depth': 2, 'min_data_in_leaf': 6, 'leaf_estimation_iterations': 15, 'bagging_temperature': 0.22663566764130952, 'colsample_bylevel': 0.9720729193645931}. Best is trial 45 with value: 0.015322408594267062.\u001b[0m\n",
            "\u001b[32m[I 2022-02-27 13:49:32,031]\u001b[0m Trial 57 finished with value: 0.015951758156300188 and parameters: {'iterations': 15184, 'od_wait': 1972, 'learning_rate': 0.20638030469405155, 'reg_lambda': 74.23622304164114, 'random_strength': 17.400215329162943, 'depth': 1, 'min_data_in_leaf': 6, 'leaf_estimation_iterations': 15, 'bagging_temperature': 1.69396030886096, 'colsample_bylevel': 0.9555829287122635}. Best is trial 45 with value: 0.015322408594267062.\u001b[0m\n",
            "\u001b[32m[I 2022-02-27 13:49:32,114]\u001b[0m Trial 58 finished with value: 0.019210111419605696 and parameters: {'iterations': 17734, 'od_wait': 2093, 'learning_rate': 0.9911536017032891, 'reg_lambda': 82.8447473930625, 'random_strength': 48.67185352327081, 'depth': 2, 'min_data_in_leaf': 9, 'leaf_estimation_iterations': 3, 'bagging_temperature': 0.0763829689230817, 'colsample_bylevel': 0.46425296631030477}. Best is trial 45 with value: 0.015322408594267062.\u001b[0m\n",
            "\u001b[32m[I 2022-02-27 13:49:32,338]\u001b[0m Trial 59 finished with value: 0.024142326843838945 and parameters: {'iterations': 19755, 'od_wait': 1647, 'learning_rate': 0.8922545398852193, 'reg_lambda': 65.42782202468001, 'random_strength': 43.789252430606965, 'depth': 9, 'min_data_in_leaf': 5, 'leaf_estimation_iterations': 14, 'bagging_temperature': 0.12558529891940853, 'colsample_bylevel': 0.9917864740382094}. Best is trial 45 with value: 0.015322408594267062.\u001b[0m\n",
            "\u001b[32m[I 2022-02-27 13:49:32,500]\u001b[0m Trial 60 finished with value: 0.01626968471362108 and parameters: {'iterations': 18791, 'od_wait': 2178, 'learning_rate': 0.2567171573969047, 'reg_lambda': 81.86520775582731, 'random_strength': 10.702436261069067, 'depth': 3, 'min_data_in_leaf': 9, 'leaf_estimation_iterations': 12, 'bagging_temperature': 0.3173467065084309, 'colsample_bylevel': 0.9262548087307689}. Best is trial 45 with value: 0.015322408594267062.\u001b[0m\n",
            "\u001b[32m[I 2022-02-27 13:49:32,781]\u001b[0m Trial 61 finished with value: 0.01569330328206239 and parameters: {'iterations': 15885, 'od_wait': 2077, 'learning_rate': 0.12372112482584015, 'reg_lambda': 70.84019753031356, 'random_strength': 24.097968156794515, 'depth': 3, 'min_data_in_leaf': 7, 'leaf_estimation_iterations': 15, 'bagging_temperature': 0.45223189707085787, 'colsample_bylevel': 0.8772757488802926}. Best is trial 45 with value: 0.015322408594267062.\u001b[0m\n",
            "\u001b[32m[I 2022-02-27 13:49:33,093]\u001b[0m Trial 62 finished with value: 0.015445038608558443 and parameters: {'iterations': 16105, 'od_wait': 2068, 'learning_rate': 0.10905127112073054, 'reg_lambda': 71.8863838047484, 'random_strength': 24.927057621530345, 'depth': 2, 'min_data_in_leaf': 6, 'leaf_estimation_iterations': 15, 'bagging_temperature': 1.0592347614172684, 'colsample_bylevel': 0.9729341658175659}. Best is trial 45 with value: 0.015322408594267062.\u001b[0m\n",
            "\u001b[32m[I 2022-02-27 13:49:33,414]\u001b[0m Trial 63 finished with value: 0.015016386954000573 and parameters: {'iterations': 15636, 'od_wait': 2073, 'learning_rate': 0.10707149268600862, 'reg_lambda': 72.71946114780083, 'random_strength': 25.258353333557334, 'depth': 3, 'min_data_in_leaf': 7, 'leaf_estimation_iterations': 15, 'bagging_temperature': 1.206487802455036, 'colsample_bylevel': 0.8801871935444627}. Best is trial 63 with value: 0.015016386954000573.\u001b[0m\n",
            "\u001b[32m[I 2022-02-27 13:49:33,679]\u001b[0m Trial 64 finished with value: 0.01588951736265716 and parameters: {'iterations': 11625, 'od_wait': 2092, 'learning_rate': 0.08684235947686159, 'reg_lambda': 73.60511267553068, 'random_strength': 23.98450532049194, 'depth': 3, 'min_data_in_leaf': 7, 'leaf_estimation_iterations': 14, 'bagging_temperature': 9.959015765365136, 'colsample_bylevel': 0.8399278240964422}. Best is trial 63 with value: 0.015016386954000573.\u001b[0m\n",
            "\u001b[32m[I 2022-02-27 13:49:33,781]\u001b[0m Trial 65 finished with value: 0.017719806736382047 and parameters: {'iterations': 15086, 'od_wait': 2036, 'learning_rate': 0.49502951412246976, 'reg_lambda': 61.72259053644915, 'random_strength': 25.60020331379564, 'depth': 3, 'min_data_in_leaf': 7, 'leaf_estimation_iterations': 14, 'bagging_temperature': 1.0560956110510704, 'colsample_bylevel': 0.794118356726012}. Best is trial 63 with value: 0.015016386954000573.\u001b[0m\n",
            "\u001b[32m[I 2022-02-27 13:49:34,302]\u001b[0m Trial 66 finished with value: 0.016785103986652915 and parameters: {'iterations': 17147, 'od_wait': 1359, 'learning_rate': 0.12324941516530248, 'reg_lambda': 72.01832301384498, 'random_strength': 22.08188409188851, 'depth': 5, 'min_data_in_leaf': 8, 'leaf_estimation_iterations': 9, 'bagging_temperature': 2.9179283109624623, 'colsample_bylevel': 0.7591067181340444}. Best is trial 63 with value: 0.015016386954000573.\u001b[0m\n",
            "\u001b[32m[I 2022-02-27 13:49:34,879]\u001b[0m Trial 67 finished with value: 0.015554346286570849 and parameters: {'iterations': 14197, 'od_wait': 1462, 'learning_rate': 0.1654736079833222, 'reg_lambda': 77.67846928155586, 'random_strength': 26.618654504138583, 'depth': 3, 'min_data_in_leaf': 6, 'leaf_estimation_iterations': 6, 'bagging_temperature': 1.4681657351894644, 'colsample_bylevel': 0.8799656523227889}. Best is trial 63 with value: 0.015016386954000573.\u001b[0m\n",
            "\u001b[32m[I 2022-02-27 13:49:35,370]\u001b[0m Trial 68 finished with value: 0.015830017093095183 and parameters: {'iterations': 14073, 'od_wait': 1452, 'learning_rate': 0.09456516473458493, 'reg_lambda': 78.17618226836225, 'random_strength': 20.021478112005813, 'depth': 4, 'min_data_in_leaf': 6, 'leaf_estimation_iterations': 6, 'bagging_temperature': 4.921244406892085, 'colsample_bylevel': 0.8803566333830762}. Best is trial 63 with value: 0.015016386954000573.\u001b[0m\n",
            "\u001b[32m[I 2022-02-27 13:49:35,647]\u001b[0m Trial 69 finished with value: 0.015564572378969297 and parameters: {'iterations': 11912, 'od_wait': 1736, 'learning_rate': 0.16201280734743911, 'reg_lambda': 88.19593983818038, 'random_strength': 26.608917817797252, 'depth': 3, 'min_data_in_leaf': 6, 'leaf_estimation_iterations': 4, 'bagging_temperature': 2.577866719720608, 'colsample_bylevel': 0.8566017354646023}. Best is trial 63 with value: 0.015016386954000573.\u001b[0m\n",
            "\u001b[32m[I 2022-02-27 13:49:35,897]\u001b[0m Trial 70 finished with value: 0.01621256368385019 and parameters: {'iterations': 10259, 'od_wait': 1515, 'learning_rate': 0.17005702099995623, 'reg_lambda': 91.51376715306262, 'random_strength': 26.69619156332226, 'depth': 4, 'min_data_in_leaf': 5, 'leaf_estimation_iterations': 4, 'bagging_temperature': 2.0979352041142874, 'colsample_bylevel': 0.9135090285322943}. Best is trial 63 with value: 0.015016386954000573.\u001b[0m\n",
            "\u001b[32m[I 2022-02-27 13:49:36,271]\u001b[0m Trial 71 finished with value: 0.01549069503394323 and parameters: {'iterations': 11792, 'od_wait': 1605, 'learning_rate': 0.11431837371185202, 'reg_lambda': 85.60589785153279, 'random_strength': 24.86883454167365, 'depth': 3, 'min_data_in_leaf': 6, 'leaf_estimation_iterations': 5, 'bagging_temperature': 1.330222571425744, 'colsample_bylevel': 0.8233024325062607}. Best is trial 63 with value: 0.015016386954000573.\u001b[0m\n",
            "\u001b[32m[I 2022-02-27 13:49:36,533]\u001b[0m Trial 72 finished with value: 0.01653805118994307 and parameters: {'iterations': 11959, 'od_wait': 1716, 'learning_rate': 0.22989289993839918, 'reg_lambda': 85.61568050044009, 'random_strength': 25.077104254655325, 'depth': 3, 'min_data_in_leaf': 6, 'leaf_estimation_iterations': 5, 'bagging_temperature': 1.4528965879416944, 'colsample_bylevel': 0.8515360226842278}. Best is trial 63 with value: 0.015016386954000573.\u001b[0m\n",
            "\u001b[32m[I 2022-02-27 13:49:36,865]\u001b[0m Trial 73 finished with value: 0.01535345781370184 and parameters: {'iterations': 13117, 'od_wait': 1578, 'learning_rate': 0.08440749009971082, 'reg_lambda': 92.912199956117, 'random_strength': 26.69367852656447, 'depth': 3, 'min_data_in_leaf': 5, 'leaf_estimation_iterations': 5, 'bagging_temperature': 2.3620200898407884, 'colsample_bylevel': 0.7833916938256665}. Best is trial 63 with value: 0.015016386954000573.\u001b[0m\n",
            "\u001b[32m[I 2022-02-27 13:49:37,061]\u001b[0m Trial 74 finished with value: 0.015421400836686718 and parameters: {'iterations': 13090, 'od_wait': 1564, 'learning_rate': 0.16031841630747745, 'reg_lambda': 94.590525493384, 'random_strength': 22.995721469616708, 'depth': 2, 'min_data_in_leaf': 5, 'leaf_estimation_iterations': 5, 'bagging_temperature': 3.064859648959695, 'colsample_bylevel': 0.8149613347794809}. Best is trial 63 with value: 0.015016386954000573.\u001b[0m\n",
            "\u001b[32m[I 2022-02-27 13:49:37,335]\u001b[0m Trial 75 finished with value: 0.015611317152789225 and parameters: {'iterations': 10704, 'od_wait': 1413, 'learning_rate': 0.10151216699657264, 'reg_lambda': 99.92799132387258, 'random_strength': 23.13270744917493, 'depth': 2, 'min_data_in_leaf': 5, 'leaf_estimation_iterations': 6, 'bagging_temperature': 4.009264139988199, 'colsample_bylevel': 0.8118376152132953}. Best is trial 63 with value: 0.015016386954000573.\u001b[0m\n",
            "\u001b[32m[I 2022-02-27 13:49:40,570]\u001b[0m Trial 76 finished with value: 0.01651749382986709 and parameters: {'iterations': 13171, 'od_wait': 1579, 'learning_rate': 0.004016042107313739, 'reg_lambda': 93.32568430607391, 'random_strength': 21.30044790081249, 'depth': 2, 'min_data_in_leaf': 5, 'leaf_estimation_iterations': 5, 'bagging_temperature': 7.130330790855681, 'colsample_bylevel': 0.7803282368873131}. Best is trial 63 with value: 0.015016386954000573.\u001b[0m\n",
            "\u001b[32m[I 2022-02-27 13:49:41,163]\u001b[0m Trial 77 finished with value: 0.016205837821623558 and parameters: {'iterations': 12758, 'od_wait': 1595, 'learning_rate': 0.07152745088101023, 'reg_lambda': 79.14756778206466, 'random_strength': 22.828660712877824, 'depth': 1, 'min_data_in_leaf': 5, 'leaf_estimation_iterations': 6, 'bagging_temperature': 1.3119984190539853, 'colsample_bylevel': 0.8236801428253107}. Best is trial 63 with value: 0.015016386954000573.\u001b[0m\n",
            "\u001b[32m[I 2022-02-27 13:49:41,383]\u001b[0m Trial 78 finished with value: 0.01829423244987751 and parameters: {'iterations': 13841, 'od_wait': 1663, 'learning_rate': 0.29949580370488554, 'reg_lambda': 94.56493148863372, 'random_strength': 28.512741553026803, 'depth': 7, 'min_data_in_leaf': 4, 'leaf_estimation_iterations': 3, 'bagging_temperature': 3.3108451848925395, 'colsample_bylevel': 0.7805107772181719}. Best is trial 63 with value: 0.015016386954000573.\u001b[0m\n",
            "\u001b[32m[I 2022-02-27 13:49:41,540]\u001b[0m Trial 79 finished with value: 0.016011120807976068 and parameters: {'iterations': 11307, 'od_wait': 1852, 'learning_rate': 0.22232537374461148, 'reg_lambda': 91.99036960698702, 'random_strength': 24.601648618430136, 'depth': 3, 'min_data_in_leaf': 4, 'leaf_estimation_iterations': 7, 'bagging_temperature': 1.774251374727227, 'colsample_bylevel': 0.7379578546773718}. Best is trial 63 with value: 0.015016386954000573.\u001b[0m\n",
            "\u001b[32m[I 2022-02-27 13:49:41,892]\u001b[0m Trial 80 finished with value: 0.01585402509534674 and parameters: {'iterations': 9608, 'od_wait': 1508, 'learning_rate': 0.1217185174083111, 'reg_lambda': 97.30143085226888, 'random_strength': 27.161461449360555, 'depth': 2, 'min_data_in_leaf': 5, 'leaf_estimation_iterations': 5, 'bagging_temperature': 10.849267151358257, 'colsample_bylevel': 0.824387216000687}. Best is trial 63 with value: 0.015016386954000573.\u001b[0m\n",
            "\u001b[32m[I 2022-02-27 13:49:42,262]\u001b[0m Trial 81 finished with value: 0.015214137954428664 and parameters: {'iterations': 11743, 'od_wait': 1442, 'learning_rate': 0.16663736153838296, 'reg_lambda': 88.36192252596862, 'random_strength': 25.620078078371236, 'depth': 3, 'min_data_in_leaf': 6, 'leaf_estimation_iterations': 4, 'bagging_temperature': 2.4454786291836896, 'colsample_bylevel': 0.8527248281027305}. Best is trial 63 with value: 0.015016386954000573.\u001b[0m\n",
            "\u001b[32m[I 2022-02-27 13:49:42,443]\u001b[0m Trial 82 finished with value: 0.016151640819300223 and parameters: {'iterations': 12491, 'od_wait': 1444, 'learning_rate': 0.15347327514022607, 'reg_lambda': 85.63709633194446, 'random_strength': 25.44315987700594, 'depth': 4, 'min_data_in_leaf': 6, 'leaf_estimation_iterations': 5, 'bagging_temperature': 2.356808358907581, 'colsample_bylevel': 0.8403267286506283}. Best is trial 63 with value: 0.015016386954000573.\u001b[0m\n",
            "\u001b[32m[I 2022-02-27 13:49:42,884]\u001b[0m Trial 83 finished with value: 0.015296663835484002 and parameters: {'iterations': 13669, 'od_wait': 1342, 'learning_rate': 0.09221422686006377, 'reg_lambda': 90.61862114268335, 'random_strength': 28.467180973897968, 'depth': 3, 'min_data_in_leaf': 6, 'leaf_estimation_iterations': 2, 'bagging_temperature': 5.43658787008168, 'colsample_bylevel': 0.8890555483307705}. Best is trial 63 with value: 0.015016386954000573.\u001b[0m\n",
            "\u001b[32m[I 2022-02-27 13:49:43,612]\u001b[0m Trial 84 finished with value: 0.015828950043769364 and parameters: {'iterations': 10714, 'od_wait': 1345, 'learning_rate': 0.028815181639959477, 'reg_lambda': 89.91701233094055, 'random_strength': 28.877051002015335, 'depth': 2, 'min_data_in_leaf': 5, 'leaf_estimation_iterations': 4, 'bagging_temperature': 5.016365418733102, 'colsample_bylevel': 0.766259128509668}. Best is trial 63 with value: 0.015016386954000573.\u001b[0m\n",
            "\u001b[32m[I 2022-02-27 13:49:44,011]\u001b[0m Trial 85 finished with value: 0.01550846430095235 and parameters: {'iterations': 13360, 'od_wait': 1132, 'learning_rate': 0.0843301220951935, 'reg_lambda': 96.20724043162012, 'random_strength': 22.490174078319356, 'depth': 3, 'min_data_in_leaf': 6, 'leaf_estimation_iterations': 2, 'bagging_temperature': 5.988737880097546, 'colsample_bylevel': 0.8104971852557503}. Best is trial 63 with value: 0.015016386954000573.\u001b[0m\n",
            "\u001b[32m[I 2022-02-27 13:49:44,516]\u001b[0m Trial 86 finished with value: 0.015928904711872756 and parameters: {'iterations': 14943, 'od_wait': 1393, 'learning_rate': 0.08434545692309478, 'reg_lambda': 97.2608000960726, 'random_strength': 21.945151260241524, 'depth': 4, 'min_data_in_leaf': 6, 'leaf_estimation_iterations': 2, 'bagging_temperature': 6.103126839231284, 'colsample_bylevel': 0.8949472700474168}. Best is trial 63 with value: 0.015016386954000573.\u001b[0m\n",
            "\u001b[32m[I 2022-02-27 13:49:44,609]\u001b[0m Trial 87 finished with value: 0.017317355343133025 and parameters: {'iterations': 13585, 'od_wait': 1167, 'learning_rate': 0.6530879836878163, 'reg_lambda': 95.41254827448651, 'random_strength': 19.523061027236324, 'depth': 3, 'min_data_in_leaf': 5, 'leaf_estimation_iterations': 2, 'bagging_temperature': 3.243048615455114, 'colsample_bylevel': 0.8606952181494635}. Best is trial 63 with value: 0.015016386954000573.\u001b[0m\n",
