            "\u001b[32m[I 2022-02-27 13:46:35,768]\u001b[0m Trial 44 finished with value: 0.023168810401121776 and parameters: {'iterations': 24027, 'od_wait': 2182, 'learning_rate': 0.5381141570583291, 'reg_lambda': 64.52432011468245, 'random_strength': 16.250338791591982, 'depth': 2, 'min_data_in_leaf': 3, 'leaf_estimation_iterations': 5, 'bagging_temperature': 3.117644498813015, 'colsample_bylevel': 0.8052010339887741}. Best is trial 44 with value: 0.023168810401121776.\u001b[0m\n",
            "\u001b[32m[I 2022-02-27 13:46:35,857]\u001b[0m Trial 45 finished with value: 0.024781820772315253 and parameters: {'iterations': 22255, 'od_wait': 2179, 'learning_rate': 0.624047562658662, 'reg_lambda': 65.96495315596789, 'random_strength': 16.036853633065206, 'depth': 2, 'min_data_in_leaf': 3, 'leaf_estimation_iterations': 5, 'bagging_temperature': 2.367371856498767, 'colsample_bylevel': 0.8102845171065588}. Best is trial 44 with value: 0.023168810401121776.\u001b[0m\n",
            "\u001b[32m[I 2022-02-27 13:46:35,969]\u001b[0m Trial 46 finished with value: 0.025351197425576375 and parameters: {'iterations': 23975, 'od_wait': 2299, 'learning_rate': 0.5427919444070668, 'reg_lambda': 71.16661042671019, 'random_strength': 13.254775996220289, 'depth': 3, 'min_data_in_leaf': 2, 'leaf_estimation_iterations': 3, 'bagging_temperature': 3.230331414752191, 'colsample_bylevel': 0.7723611969786622}. Best is trial 44 with value: 0.023168810401121776.\u001b[0m\n",
            "\u001b[32m[I 2022-02-27 13:46:36,083]\u001b[0m Trial 47 finished with value: 0.024101519105963632 and parameters: {'iterations': 20951, 'od_wait': 2207, 'learning_rate': 0.7100884343840711, 'reg_lambda': 58.145683752163066, 'random_strength': 13.136533387405894, 'depth': 2, 'min_data_in_leaf': 2, 'leaf_estimation_iterations': 4, 'bagging_temperature': 1.6979759964890506, 'colsample_bylevel': 0.8359110174118345}. Best is trial 44 with value: 0.023168810401121776.\u001b[0m\n",
            "\u001b[32m[I 2022-02-27 13:46:36,971]\u001b[0m Trial 48 finished with value: 0.028528501120275607 and parameters: {'iterations': 5255, 'od_wait': 2075, 'learning_rate': 0.6479039424224465, 'reg_lambda': 41.28856155944126, 'random_strength': 16.67065578033648, 'depth': 10, 'min_data_in_leaf': 8, 'leaf_estimation_iterations': 1, 'bagging_temperature': 7.298749923975124, 'colsample_bylevel': 0.7215458466726842}. Best is trial 44 with value: 0.023168810401121776.\u001b[0m\n",
            "\u001b[32m[I 2022-02-27 13:46:37,149]\u001b[0m Trial 49 finished with value: 0.02457402383355814 and parameters: {'iterations': 24246, 'od_wait': 1967, 'learning_rate': 0.4782307729566612, 'reg_lambda': 81.96072577263752, 'random_strength': 24.558363690621945, 'depth': 1, 'min_data_in_leaf': 5, 'leaf_estimation_iterations': 5, 'bagging_temperature': 1.5386047997440881, 'colsample_bylevel': 0.6450405701675945}. Best is trial 44 with value: 0.023168810401121776.\u001b[0m\n",
            "\u001b[32m[I 2022-02-27 13:46:37,236]\u001b[0m Trial 50 finished with value: 0.02555722877984218 and parameters: {'iterations': 22543, 'od_wait': 1283, 'learning_rate': 0.5377115965340686, 'reg_lambda': 36.19918077941879, 'random_strength': 13.735467837616, 'depth': 3, 'min_data_in_leaf': 3, 'leaf_estimation_iterations': 7, 'bagging_temperature': 13.43821453821618, 'colsample_bylevel': 0.6988973835701537}. Best is trial 44 with value: 0.023168810401121776.\u001b[0m\n",
            "\u001b[32m[I 2022-02-27 13:46:37,371]\u001b[0m Trial 51 finished with value: 0.02418601342126492 and parameters: {'iterations': 24101, 'od_wait': 1850, 'learning_rate': 0.4968665676619957, 'reg_lambda': 90.67315543711481, 'random_strength': 19.883028177316234, 'depth': 1, 'min_data_in_leaf': 4, 'leaf_estimation_iterations': 7, 'bagging_temperature': 0.6295279405043779, 'colsample_bylevel': 0.6751771467493781}. Best is trial 44 with value: 0.023168810401121776.\u001b[0m\n",
            "\u001b[32m[I 2022-02-27 13:46:38,661]\u001b[0m Trial 52 finished with value: 0.025101929249956165 and parameters: {'iterations': 23367, 'od_wait': 2038, 'learning_rate': 0.020043738202667333, 'reg_lambda': 94.45008922722465, 'random_strength': 18.791151262458495, 'depth': 1, 'min_data_in_leaf': 3, 'leaf_estimation_iterations': 8, 'bagging_temperature': 3.0614115525183507, 'colsample_bylevel': 0.6274721965276292}. Best is trial 44 with value: 0.023168810401121776.\u001b[0m\n",
            "\u001b[32m[I 2022-02-27 13:46:38,894]\u001b[0m Trial 53 finished with value: 0.024998302697097772 and parameters: {'iterations': 22771, 'od_wait': 622, 'learning_rate': 0.3547245847906071, 'reg_lambda': 88.06390761228644, 'random_strength': 21.963019432569695, 'depth': 1, 'min_data_in_leaf': 4, 'leaf_estimation_iterations': 5, 'bagging_temperature': 0.3958211721393967, 'colsample_bylevel': 0.753910645123955}. Best is trial 44 with value: 0.023168810401121776.\u001b[0m\n",
            "\u001b[32m[I 2022-02-27 13:46:39,085]\u001b[0m Trial 54 finished with value: 0.024364495263919237 and parameters: {'iterations': 19698, 'od_wait': 2218, 'learning_rate': 0.08765337444512433, 'reg_lambda': 98.58769833976571, 'random_strength': 23.54063304891252, 'depth': 2, 'min_data_in_leaf': 5, 'leaf_estimation_iterations': 6, 'bagging_temperature': 0.9266534277190216, 'colsample_bylevel': 0.7900841082308178}. Best is trial 44 with value: 0.023168810401121776.\u001b[0m\n",
            "\u001b[32m[I 2022-02-27 13:46:39,328]\u001b[0m Trial 55 finished with value: 0.023128395466546266 and parameters: {'iterations': 23736, 'od_wait': 2113, 'learning_rate': 0.2922590776559207, 'reg_lambda': 97.1460302653959, 'random_strength': 16.25306828400163, 'depth': 1, 'min_data_in_leaf': 3, 'leaf_estimation_iterations': 9, 'bagging_temperature': 0.28464409923356826, 'colsample_bylevel': 0.5982582851481133}. Best is trial 55 with value: 0.023128395466546266.\u001b[0m\n",
            "\u001b[32m[I 2022-02-27 13:46:39,472]\u001b[0m Trial 56 finished with value: 0.02401814142123159 and parameters: {'iterations': 21460, 'od_wait': 2146, 'learning_rate': 0.1733456642383548, 'reg_lambda': 79.59644616096517, 'random_strength': 11.813912214297249, 'depth': 2, 'min_data_in_leaf': 1, 'leaf_estimation_iterations': 9, 'bagging_temperature': 8.9933927968956, 'colsample_bylevel': 0.5372954405622331}. Best is trial 55 with value: 0.023128395466546266.\u001b[0m\n",
            "\u001b[32m[I 2022-02-27 13:46:39,729]\u001b[0m Trial 57 finished with value: 0.02492948481785552 and parameters: {'iterations': 24668, 'od_wait': 2093, 'learning_rate': 0.2856213627879462, 'reg_lambda': 55.04379317105945, 'random_strength': 16.7917849398599, 'depth': 1, 'min_data_in_leaf': 10, 'leaf_estimation_iterations': 13, 'bagging_temperature': 0.2891637270395823, 'colsample_bylevel': 0.5822980289058697}. Best is trial 55 with value: 0.023128395466546266.\u001b[0m\n",
            "\u001b[32m[I 2022-02-27 13:46:39,831]\u001b[0m Trial 58 finished with value: 0.024220269337254473 and parameters: {'iterations': 20537, 'od_wait': 2234, 'learning_rate': 0.43827860582682165, 'reg_lambda': 70.23630414370726, 'random_strength': 17.463722047332695, 'depth': 2, 'min_data_in_leaf': 3, 'leaf_estimation_iterations': 10, 'bagging_temperature': 0.2275913813931272, 'colsample_bylevel': 0.43576176280496615}. Best is trial 55 with value: 0.023128395466546266.\u001b[0m\n",
            "\u001b[32m[I 2022-02-27 13:46:39,957]\u001b[0m Trial 59 finished with value: 0.024295622145974305 and parameters: {'iterations': 24102, 'od_wait': 1874, 'learning_rate': 0.5991578425039465, 'reg_lambda': 12.207203027469577, 'random_strength': 27.225021547180262, 'depth': 1, 'min_data_in_leaf': 2, 'leaf_estimation_iterations': 15, 'bagging_temperature': 3.3034904027079994, 'colsample_bylevel': 0.6004084189877887}. Best is trial 55 with value: 0.023128395466546266.\u001b[0m\n",
            "\u001b[32m[I 2022-02-27 13:46:40,049]\u001b[0m Trial 60 finished with value: 0.024789148669518965 and parameters: {'iterations': 22309, 'od_wait': 1991, 'learning_rate': 0.31160250329712674, 'reg_lambda': 22.17300084990906, 'random_strength': 15.800367716645985, 'depth': 4, 'min_data_in_leaf': 3, 'leaf_estimation_iterations': 8, 'bagging_temperature': 15.938144157866576, 'colsample_bylevel': 0.5565712417689272}. Best is trial 55 with value: 0.023128395466546266.\u001b[0m\n",
            "\u001b[32m[I 2022-02-27 13:46:40,233]\u001b[0m Trial 61 finished with value: 0.024470343225901702 and parameters: {'iterations': 23223, 'od_wait': 2039, 'learning_rate': 0.36568616859076014, 'reg_lambda': 91.14452706647745, 'random_strength': 19.219633048829266, 'depth': 1, 'min_data_in_leaf': 4, 'leaf_estimation_iterations': 7, 'bagging_temperature': 0.6389938040696491, 'colsample_bylevel': 0.6485054041264856}. Best is trial 55 with value: 0.023128395466546266.\u001b[0m\n",
            "\u001b[32m[I 2022-02-27 13:46:40,428]\u001b[0m Trial 62 finished with value: 0.02331449267439848 and parameters: {'iterations': 23681, 'od_wait': 2170, 'learning_rate': 0.5389747093792607, 'reg_lambda': 99.45139606208983, 'random_strength': 43.355317863776705, 'depth': 1, 'min_data_in_leaf': 3, 'leaf_estimation_iterations': 10, 'bagging_temperature': 0.8101229194633268, 'colsample_bylevel': 0.6334564221153766}. Best is trial 55 with value: 0.023128395466546266.\u001b[0m\n",
            "\u001b[32m[I 2022-02-27 13:46:40,543]\u001b[0m Trial 63 finished with value: 0.02271319056422283 and parameters: {'iterations': 23785, 'od_wait': 2176, 'learning_rate': 0.5432593285872475, 'reg_lambda': 96.05295974004618, 'random_strength': 43.582547119367625, 'depth': 2, 'min_data_in_leaf': 2, 'leaf_estimation_iterations': 10, 'bagging_temperature': 0.4681192420608618, 'colsample_bylevel': 0.6152152628973216}. Best is trial 63 with value: 0.02271319056422283.\u001b[0m\n",
            "\u001b[32m[I 2022-02-27 13:46:40,638]\u001b[0m Trial 64 finished with value: 0.025213495461486195 and parameters: {'iterations': 24640, 'od_wait': 2258, 'learning_rate': 0.5649753072530277, 'reg_lambda': 99.43054173950716, 'random_strength': 45.17207919105786, 'depth': 2, 'min_data_in_leaf': 3, 'leaf_estimation_iterations': 9, 'bagging_temperature': 0.10146592113372535, 'colsample_bylevel': 0.5829368155315867}. Best is trial 63 with value: 0.02271319056422283.\u001b[0m\n",
            "\u001b[32m[I 2022-02-27 13:46:40,718]\u001b[0m Trial 65 finished with value: 0.027188859250957178 and parameters: {'iterations': 24950, 'od_wait': 2175, 'learning_rate': 0.6447313893331581, 'reg_lambda': 96.31613269511706, 'random_strength': 41.96134739165014, 'depth': 3, 'min_data_in_leaf': 2, 'leaf_estimation_iterations': 10, 'bagging_temperature': 0.4039511599341445, 'colsample_bylevel': 0.8619942750202716}. Best is trial 63 with value: 0.02271319056422283.\u001b[0m\n",
            "\u001b[32m[I 2022-02-27 13:46:40,834]\u001b[0m Trial 66 finished with value: 0.02711393684361332 and parameters: {'iterations': 13652, 'od_wait': 2075, 'learning_rate': 0.4554068190762406, 'reg_lambda': 87.00521540520384, 'random_strength': 43.992446754624915, 'depth': 5, 'min_data_in_leaf': 1, 'leaf_estimation_iterations': 11, 'bagging_temperature': 0.15413410987882584, 'colsample_bylevel': 0.6428051130589395}. Best is trial 63 with value: 0.02271319056422283.\u001b[0m\n",
            "\u001b[32m[I 2022-02-27 13:46:40,924]\u001b[0m Trial 67 finished with value: 0.02652148728842893 and parameters: {'iterations': 23753, 'od_wait': 2240, 'learning_rate': 0.5817678269779878, 'reg_lambda': 91.62875916929674, 'random_strength': 39.92999298198232, 'depth': 2, 'min_data_in_leaf': 3, 'leaf_estimation_iterations': 10, 'bagging_temperature': 1.4185242734418628, 'colsample_bylevel': 0.6029018350700258}. Best is trial 63 with value: 0.02271319056422283.\u001b[0m\n",
            "\u001b[32m[I 2022-02-27 13:46:41,027]\u001b[0m Trial 68 finished with value: 0.025755503502970803 and parameters: {'iterations': 21804, 'od_wait': 1155, 'learning_rate': 0.40883586978308534, 'reg_lambda': 84.58425720470957, 'random_strength': 36.793375911845175, 'depth': 2, 'min_data_in_leaf': 2, 'leaf_estimation_iterations': 9, 'bagging_temperature': 4.9601758319104565, 'colsample_bylevel': 0.5650401875863368}. Best is trial 63 with value: 0.02271319056422283.\u001b[0m\n",
            "\u001b[32m[I 2022-02-27 13:46:41,169]\u001b[0m Trial 69 finished with value: 0.024732090313764058 and parameters: {'iterations': 9888, 'od_wait': 2180, 'learning_rate': 0.20815413018172058, 'reg_lambda': 95.13568598119292, 'random_strength': 46.76384994276525, 'depth': 3, 'min_data_in_leaf': 6, 'leaf_estimation_iterations': 12, 'bagging_temperature': 0.541961411709724, 'colsample_bylevel': 0.7334172023692268}. Best is trial 63 with value: 0.02271319056422283.\u001b[0m\n",
            "\u001b[32m[I 2022-02-27 13:46:41,312]\u001b[0m Trial 70 finished with value: 0.02557405510650439 and parameters: {'iterations': 22650, 'od_wait': 1516, 'learning_rate': 0.5431798769222264, 'reg_lambda': 46.887297063585116, 'random_strength': 43.17615056319444, 'depth': 1, 'min_data_in_leaf': 9, 'leaf_estimation_iterations': 11, 'bagging_temperature': 0.30330776754109634, 'colsample_bylevel': 0.6840632461662945}. Best is trial 63 with value: 0.02271319056422283.\u001b[0m\n",
            "\u001b[32m[I 2022-02-27 13:46:41,420]\u001b[0m Trial 71 finished with value: 0.02489701268619942 and parameters: {'iterations': 22869, 'od_wait': 2127, 'learning_rate': 0.5368136405696678, 'reg_lambda': 6.078295115138834, 'random_strength': 33.369927669472034, 'depth': 1, 'min_data_in_leaf': 2, 'leaf_estimation_iterations': 13, 'bagging_temperature': 2.267568621126864, 'colsample_bylevel': 0.6143511928379958}. Best is trial 63 with value: 0.02271319056422283.\u001b[0m\n",
            "\u001b[32m[I 2022-02-27 13:46:41,549]\u001b[0m Trial 72 finished with value: 0.024015045150402318 and parameters: {'iterations': 24107, 'od_wait': 2106, 'learning_rate': 0.5108773658221851, 'reg_lambda': 99.42563351088022, 'random_strength': 47.65431125876245, 'depth': 1, 'min_data_in_leaf': 1, 'leaf_estimation_iterations': 8, 'bagging_temperature': 0.914643547056754, 'colsample_bylevel': 0.6271667267467125}. Best is trial 63 with value: 0.02271319056422283.\u001b[0m\n",
            "\u001b[32m[I 2022-02-27 13:46:41,628]\u001b[0m Trial 73 finished with value: 0.02444589332779026 and parameters: {'iterations': 22302, 'od_wait': 2263, 'learning_rate': 0.4808678629336967, 'reg_lambda': 4.062140889268052, 'random_strength': 14.162202430488371, 'depth': 2, 'min_data_in_leaf': 3, 'leaf_estimation_iterations': 10, 'bagging_temperature': 9.98544204029171, 'colsample_bylevel': 0.5406087295185333}. Best is trial 63 with value: 0.02271319056422283.\u001b[0m\n",
            "\u001b[32m[I 2022-02-27 13:46:41,790]\u001b[0m Trial 74 finished with value: 0.023101195953503868 and parameters: {'iterations': 21028, 'od_wait': 1930, 'learning_rate': 0.6175301985318499, 'reg_lambda': 14.504684850915531, 'random_strength': 20.705790704424842, 'depth': 1, 'min_data_in_leaf': 2, 'leaf_estimation_iterations': 14, 'bagging_temperature': 31.109871098056658, 'colsample_bylevel': 0.5783451427934236}. Best is trial 63 with value: 0.02271319056422283.\u001b[0m\n",
            "\u001b[32m[I 2022-02-27 13:46:41,941]\u001b[0m Trial 75 finished with value: 0.03152778839919042 and parameters: {'iterations': 21181, 'od_wait': 1929, 'learning_rate': 0.6166994326982937, 'reg_lambda': 29.455422882040395, 'random_strength': 20.731997591562465, 'depth': 8, 'min_data_in_leaf': 2, 'leaf_estimation_iterations': 11, 'bagging_temperature': 0.4659864057593419, 'colsample_bylevel': 0.5103101889445758}. Best is trial 63 with value: 0.02271319056422283.\u001b[0m\n",
            "\u001b[32m[I 2022-02-27 13:46:42,063]\u001b[0m Trial 76 finished with value: 0.02589543822169723 and parameters: {'iterations': 17149, 'od_wait': 2199, 'learning_rate': 0.6743705285537569, 'reg_lambda': 14.153211739255198, 'random_strength': 10.943985291033458, 'depth': 1, 'min_data_in_leaf': 2, 'leaf_estimation_iterations': 15, 'bagging_temperature': 1.123706038988594, 'colsample_bylevel': 0.9251722805576135}. Best is trial 63 with value: 0.02271319056422283.\u001b[0m\n",
            "\u001b[32m[I 2022-02-27 13:46:42,155]\u001b[0m Trial 77 finished with value: 0.026448686010145904 and parameters: {'iterations': 20253, 'od_wait': 2055, 'learning_rate': 0.7232128078941442, 'reg_lambda': 96.48917703907395, 'random_strength': 37.62818821338186, 'depth': 2, 'min_data_in_leaf': 3, 'leaf_estimation_iterations': 9, 'bagging_temperature': 0.21650031251963556, 'colsample_bylevel': 0.5762079547517056}. Best is trial 63 with value: 0.02271319056422283.\u001b[0m\n",
            "\u001b[32m[I 2022-02-27 13:46:42,286]\u001b[0m Trial 78 finished with value: 0.023516871922596508 and parameters: {'iterations': 24371, 'od_wait': 1969, 'learning_rate': 0.6438705547361263, 'reg_lambda': 92.53264355734201, 'random_strength': 11.904177273273433, 'depth': 1, 'min_data_in_leaf': 1, 'leaf_estimation_iterations': 12, 'bagging_temperature': 33.1696667582039, 'colsample_bylevel': 0.6576008750410794}. Best is trial 63 with value: 0.02271319056422283.\u001b[0m\n",
            "\u001b[32m[I 2022-02-27 13:46:42,393]\u001b[0m Trial 79 finished with value: 0.024498050677313154 and parameters: {'iterations': 21622, 'od_wait': 2165, 'learning_rate': 0.5851398275660846, 'reg_lambda': 32.56562731592547, 'random_strength': 40.08618168087141, 'depth': 1, 'min_data_in_leaf': 3, 'leaf_estimation_iterations': 2, 'bagging_temperature': 4.124520109468667, 'colsample_bylevel': 0.5494176511549118}. Best is trial 63 with value: 0.02271319056422283.\u001b[0m\n",
            "\u001b[32m[I 2022-02-27 13:46:42,497]\u001b[0m Trial 80 finished with value: 0.02557191815029361 and parameters: {'iterations': 23660, 'od_wait': 2285, 'learning_rate': 0.42848462814336824, 'reg_lambda': 26.51051979465042, 'random_strength': 29.247156065673, 'depth': 2, 'min_data_in_leaf': 2, 'leaf_estimation_iterations': 9, 'bagging_temperature': 7.7575079444874495, 'colsample_bylevel': 0.7095495400986084}. Best is trial 63 with value: 0.02271319056422283.\u001b[0m\n",
            "\u001b[32m[I 2022-02-27 13:46:42,698]\u001b[0m Trial 81 finished with value: 0.024979894775830718 and parameters: {'iterations': 24444, 'od_wait': 1950, 'learning_rate': 0.6442077532272977, 'reg_lambda': 88.90376546676391, 'random_strength': 12.576711335918466, 'depth': 1, 'min_data_in_leaf': 1, 'leaf_estimation_iterations': 12, 'bagging_temperature': 37.60000750219423, 'colsample_bylevel': 0.6616893097826867}. Best is trial 63 with value: 0.02271319056422283.\u001b[0m\n",
            "\u001b[32m[I 2022-02-27 13:46:42,837]\u001b[0m Trial 82 finished with value: 0.02290828137358536 and parameters: {'iterations': 22952, 'od_wait': 1829, 'learning_rate': 0.5599231794615859, 'reg_lambda': 94.18467517319756, 'random_strength': 15.504462383673657, 'depth': 1, 'min_data_in_leaf': 1, 'leaf_estimation_iterations': 10, 'bagging_temperature': 67.1382009160383, 'colsample_bylevel': 0.6367106060682819}. Best is trial 63 with value: 0.02271319056422283.\u001b[0m\n",
            "\u001b[32m[I 2022-02-27 13:46:42,988]\u001b[0m Trial 83 finished with value: 0.023070967968961173 and parameters: {'iterations': 23039, 'od_wait': 1838, 'learning_rate': 0.562090952034323, 'reg_lambda': 96.84921785508732, 'random_strength': 15.664877557942193, 'depth': 1, 'min_data_in_leaf': 1, 'leaf_estimation_iterations': 10, 'bagging_temperature': 67.99731242503759, 'colsample_bylevel': 0.6380124376523847}. Best is trial 63 with value: 0.02271319056422283.\u001b[0m\n",
            "\u001b[32m[I 2022-02-27 13:46:43,138]\u001b[0m Trial 84 finished with value: 0.023380990006174947 and parameters: {'iterations': 23075, 'od_wait': 1809, 'learning_rate': 0.569892482685083, 'reg_lambda': 96.85627584825092, 'random_strength': 16.151708411754726, 'depth': 1, 'min_data_in_leaf': 1, 'leaf_estimation_iterations': 10, 'bagging_temperature': 57.509200458518045, 'colsample_bylevel': 0.6096785174242743}. Best is trial 63 with value: 0.02271319056422283.\u001b[0m\n",
            "\u001b[32m[I 2022-02-27 13:46:43,308]\u001b[0m Trial 85 finished with value: 0.023286038134139875 and parameters: {'iterations': 23737, 'od_wait': 1834, 'learning_rate': 0.6112464615558486, 'reg_lambda': 97.06880570871277, 'random_strength': 15.633625213598867, 'depth': 1, 'min_data_in_leaf': 1, 'leaf_estimation_iterations': 10, 'bagging_temperature': 75.98251088996008, 'colsample_bylevel': 0.6379229954969363}. Best is trial 63 with value: 0.02271319056422283.\u001b[0m\n",
            "\u001b[32m[I 2022-02-27 13:46:43,408]\u001b[0m Trial 86 finished with value: 0.025787819513043386 and parameters: {'iterations': 22126, 'od_wait': 1769, 'learning_rate': 0.6905365244165819, 'reg_lambda': 96.69392738978145, 'random_strength': 14.369902769000944, 'depth': 2, 'min_data_in_leaf': 1, 'leaf_estimation_iterations': 10, 'bagging_temperature': 72.70644653694829, 'colsample_bylevel': 0.6057043438355024}. Best is trial 63 with value: 0.02271319056422283.\u001b[0m\n",
            "\u001b[32m[I 2022-02-27 13:46:43,551]\u001b[0m Trial 87 finished with value: 0.02337062137108494 and parameters: {'iterations': 24908, 'od_wait': 1701, 'learning_rate': 0.6162623959779211, 'reg_lambda': 89.32027900786967, 'random_strength': 16.28893732289577, 'depth': 1, 'min_data_in_leaf': 1, 'leaf_estimation_iterations': 10, 'bagging_temperature': 64.42159197272134, 'colsample_bylevel': 0.6398464533622902}. Best is trial 63 with value: 0.02271319056422283.\u001b[0m\n",
