            "\u001b[32m[I 2022-02-27 10:18:14,298]\u001b[0m Trial 49 finished with value: 0.01565516232464341 and parameters: {'iterations': 19924, 'od_wait': 1884, 'learning_rate': 0.04972098815320919, 'reg_lambda': 28.809022863316045, 'subsample': 0.4476277658743304, 'random_strength': 20.39435576373223, 'depth': 4, 'min_data_in_leaf': 2, 'leaf_estimation_iterations': 12, 'bagging_temperature': 0.08799904918095845, 'colsample_bylevel': 0.6406294712856861}. Best is trial 38 with value: 0.015022649308898217.\u001b[0m\n"
          ]
        },
        {
          "output_type": "stream",
          "name": "stdout",
          "text": [
            "Best Trial: score 0.015022649308898217,\n",
            "params {'iterations': 22998, 'od_wait': 1831, 'learning_rate': 0.1411711026794204, 'reg_lambda': 16.230836022516222, 'subsample': 0.4947654989658998, 'random_strength': 10.148417928412433, 'depth': 2, 'min_data_in_leaf': 2, 'leaf_estimation_iterations': 12, 'bagging_temperature': 0.6625045766184683, 'colsample_bylevel': 0.7588898583919745}\n"
          ]
        }
      ]
    },
    {
      "cell_type": "markdown",
      "source": [
        "7. train_d1 -> dinner_target"
      ],
      "metadata": {
        "id": "K5GBwpjPN38v"
      }
    },
    {
      "cell_type": "code",
      "source": [
        "# X_train, X_val, y_train, y_val = train_test_split(train_d1, dinner_target, test_size=0.2, random_state=42)\n",
        "\n",
        "# study = optuna.create_study(direction='minimize', sampler=sampler)\n",
        "# study.optimize(lambda trial : objective(trial, X_train, y_train, X_test), n_trials=50)\n",
        "\n",
        "# cbrm_trial = study.best_trial\n",
        "# cbrm_trial_params = cbrm_trial.params\n",
        "# print('Best Trial: score {},\\nparams {}'.format(cbrm_trial.value, cbrm_trial_params))"
      ],
      "metadata": {
        "id": "QE3I09q6OG-9"
      },
      "execution_count": 90,
      "outputs": []
    },
    {
      "cell_type": "markdown",
      "source": [
        "8. train_d2 -> dinner_target_ratio"
      ],
      "metadata": {
        "id": "6D3rEW2gN36C"
      }
    },
    {
      "cell_type": "code",
      "source": [
        "# X_train, X_val, y_train, y_val = train_test_split(train_d2, dinner_target_ratio, test_size=0.2, random_state=42)\n",
        "\n",
        "# study = optuna.create_study(direction='minimize', sampler=sampler)\n",
        "# study.optimize(lambda trial : objective(trial, X_train, y_train, X_test), n_trials=50)\n",
        "\n",
        "# cbrm_trial = study.best_trial\n",
        "# cbrm_trial_params = cbrm_trial.params\n",
        "# print('Best Trial: score {},\\nparams {}'.format(cbrm_trial.value, cbrm_trial_params))"
      ],
      "metadata": {
        "id": "12n-V5YmBaza"
      },
      "execution_count": 91,
      "outputs": []
    },
    {
      "cell_type": "markdown",
      "source": [
        "### RandomForest"
      ],
      "metadata": {
        "id": "rVXf1FcRAzSj"
      }
    },
    {
      "cell_type": "code",
      "source": [
        "# from sklearn.ensemble import RandomForestRegressor\n",
        "# from sklearn.model_selection import cross_val_score"
      ],
      "metadata": {
        "id": "AAtNPfEUR2fj"
      },
      "execution_count": 92,
      "outputs": []
    },
    {
      "cell_type": "code",
      "source": [
        "# def RF_objective(trial):\n",
        "#     criterion = trial.suggest_categorical('criterion', ['mse', 'mae'])\n",
        "#     bootstrap = trial.suggest_categorical('bootstrap',['True','False'])\n",
        "#     max_depth = trial.suggest_int('max_depth', 1, 10000)\n",
        "#     max_features = trial.suggest_categorical('max_features', ['auto', 'sqrt','log2'])\n",
        "#     max_leaf_nodes = trial.suggest_int('max_leaf_nodes', 1, 10000)\n",
        "#     n_estimators =  trial.suggest_int('n_estimators', 30, 1000)\n",
        "    \n",
        "#     model = RandomForestRegressor(bootstrap = bootstrap, criterion = criterion,\n",
        "#                                  max_depth = max_depth, max_features = max_features,\n",
        "#                                  max_leaf_nodes = max_leaf_nodes,n_estimators = n_estimators,n_jobs=-1)\n",
        "    \n",
        "#     model.fit(X_train, y_train)    \n",
        "#     score = cross_val_score(model, X_train, y_train, cv=5, scoring=\"neg_mean_absolute_error\")\n",
        "#     mae_mean = - score.mean()\n",
        "\n",
        "#     return mae_mean"
      ],
      "metadata": {
        "id": "vTJ6wqHpA6SV"
      },
      "execution_count": 93,
      "outputs": []
    },
    {
      "cell_type": "markdown",
      "source": [
        "1. train_lunch (모든피처) -> lunch_target(중식계)"
      ],
      "metadata": {
        "id": "iQym02boXZeL"
      }
    },
    {
      "cell_type": "code",
      "source": [
        "# X_train, X_val, y_train, y_val = train_test_split(train_lunch, lunch_target, test_size=0.2, random_state=42)\n",
        "\n",
        "# study = optuna.create_study(direction='minimize', sampler=sampler)\n",
        "# study.optimize(RF_objective, n_trials=50)\n",
        "\n",
        "# rf_trial = study.best_trial\n",
        "# rf_trial_params = rf_trial.params\n",
        "# print('Best Trial: score {},\\nparams {}'.format(rf_trial.value, rf_trial_params))"
      ],
      "metadata": {
        "id": "b8791fdKA6QJ"
      },
      "execution_count": 94,
      "outputs": []
    },
    {
      "cell_type": "markdown",
      "source": [
        "2. train_lunch (모든피처) -> lunch_target_ratio(중식계비율)"
      ],
      "metadata": {
        "id": "xOoOjK4aXU_W"
      }
    },
    {
      "cell_type": "code",
      "source": [
        "# X_train, X_val, y_train, y_val = train_test_split(train_lunch, lunch_target_ratio, test_size=0.2, random_state=42)\n",
        "\n",
        "# study = optuna.create_study(direction='minimize', sampler=sampler)\n",
        "# study.optimize(RF_objective, n_trials=50)\n",
        "\n",
        "# rf_trial = study.best_trial\n",
        "# rf_trial_params = rf_trial.params\n",
        "# print('Best Trial: score {},\\nparams {}'.format(rf_trial.value, rf_trial_params))"
      ],
      "metadata": {
        "id": "ddwiu5NiA6N1"
      },
      "execution_count": 95,
      "outputs": []
    },
    {
      "cell_type": "markdown",
      "source": [
        "3. train_dinner (모든피처) -> dinner_target(석식계)"
      ],
      "metadata": {
        "id": "JFgIFzPuYIm4"
      }
    },
    {
      "cell_type": "code",
      "source": [
        "# X_train, X_val, y_train, y_val = train_test_split(train_dinner, dinner_target, test_size=0.2, random_state=42)\n",
        "\n",
        "# study = optuna.create_study(direction='minimize', sampler=sampler)\n",
        "# study.optimize(RF_objective, n_trials=50)\n",
        "\n",
        "# rf_trial = study.best_trial\n",
        "# rf_trial_params = rf_trial.params\n",
        "# print('Best Trial: score {},\\nparams {}'.format(rf_trial.value, rf_trial_params))"
      ],
      "metadata": {
        "id": "08vegnyIA6LR"
      },
      "execution_count": 96,
      "outputs": []
    },
    {
      "cell_type": "markdown",
      "source": [
        "4. train_dinner (모든피처) -> dinner_target_ratio(석식계비율)"
      ],
      "metadata": {
        "id": "SAVpUkIzYJce"
      }
    },
    {
      "cell_type": "code",
      "source": [
        "# X_train, X_val, y_train, y_val = train_test_split(train_dinner, dinner_target_ratio, test_size=0.2, random_state=42)\n",
        "\n",
        "# study = optuna.create_study(direction='minimize', sampler=sampler)\n",
        "# study.optimize(RF_objective, n_trials=50)\n",
        "\n",
        "# rf_trial = study.best_trial\n",
        "# rf_trial_params = rf_trial.params\n",
        "# print('Best Trial: score {},\\nparams {}'.format(rf_trial.value, rf_trial_params))"
      ],
      "metadata": {
        "id": "g6XNLKVwA6I-"
      },
      "execution_count": 97,
      "outputs": []
    },
    {
      "cell_type": "code",
      "source": [
        ""
      ],
      "metadata": {
        "id": "dwK_af18A5gV"
      },
      "execution_count": 97,
      "outputs": []
    },
    {
      "cell_type": "markdown",
      "source": [
        "### GBM"
      ],
      "metadata": {
        "id": "nqZkrN76A6xZ"
      }
    },
    {
      "cell_type": "code",
      "source": [
        "from sklearn.ensemble import GradientBoostingRegressor"
      ],
      "metadata": {
        "id": "iA6jjruohi4r"
      },
      "execution_count": 98,
      "outputs": []
    },
    {
      "cell_type": "code",
      "source": [
        "def obj_gbm(trial, X, y):\n",
        "  params = {\n",
        "      'max_depth': trial.suggest_int('max_depth',2,10),\n",
        "      'n_estimators': trial.suggest_int('n_estimators',100,1000),\n",
        "      'learning_rate': trial.suggest_categorical('learning_rate', [0.01,0.02,0.05,0.1,0.15,0.2]),\n",
        "      'subsample': trial.suggest_float(\"subsample\", 0.6, 1, step=0.1),\n",
        "      'min_samples_split': trial.suggest_int('min_samples_split', 2,4),\n",
        "      'min_samples_leaf': trial.suggest_int('min_samples_leaf', 1,5)\n",
        "      # 'criterion':trial.suggest_categorical('criterion',['friedman_mse','mse','absolute_error'])\n",
        "  }\n",
        "\n",
        "  model = GradientBoostingRegressor(**params, random_state=42)\n",
        "  score = np.mean(cross_val_score(model, X, y, cv=10, scoring=\"neg_mean_absolute_error\", n_jobs=-1))\n",
        "\n",
        "  return -score"
      ],
      "metadata": {
        "id": "EiVZj1OfnJu1"
      },
      "execution_count": 99,
      "outputs": []
    },
    {
      "cell_type": "code",
      "source": [
        "# def GBM_objective(trial):\n",
        "#     criterion = trial.suggest_categorical('criterion', ['mse', 'mae'])\n",
        "#     max_depth = trial.suggest_int('max_depth', 1, 1000)\n",
        "#     max_features = trial.suggest_categorical('max_features', ['auto', 'sqrt','log2'])\n",
        "#     n_estimators =  trial.suggest_int('n_estimators', 30, 1000)\n",
        "#     learning_rate = trial.suggest_uniform('learning_rate', 0.1, 1.0)\n",
        "    \n",
        "#     model = GradientBoostingRegressor(criterion=criterion, max_depth=max_depth,\n",
        "#                                       max_features=max_features, n_estimators=n_estimators,\n",
        "#                                       learning_rate=learning_rate)\n",
        "    \n",
        "#     model.fit(X_train, y_train)    \n",
        "#     score = cross_val_score(model, X_train, y_train, cv=5, scoring=\"neg_mean_absolute_error\")\n",
        "#     mae_mean = - score.mean()\n",
        "\n",
        "#     return mae_mean"
      ],
      "metadata": {
        "id": "HvVME71LA7rs"
      },
      "execution_count": 100,
      "outputs": []
    },
    {
      "cell_type": "markdown",
      "source": [
        "1. train_lunch (모든피처) -> lunch_target(중식계)"
      ],
      "metadata": {
        "id": "j35wv-3ci-TL"
      }
    },
    {
      "cell_type": "code",
      "source": [
        "# study_gbm = optuna.create_study(direction='minimize')\n",
        "# study_gbm.optimize(lambda trial: obj_gbm(trial, train_lunch, lunch_target), n_trials=50)\n",
        "\n",
        "# gbm_trial = study_gbm.best_trial\n",
        "# gbm_trial_params = gbm_trial.params\n",
        "# print('Best Trial: score {},\\nparams {}'.format(gbm_trial.value, gbm_trial_params))"
      ],
      "metadata": {
        "colab": {
          "base_uri": "https://localhost:8080/",
          "height": 1000
        },
        "id": "1zHU6jGsA8e9",
        "outputId": "001907ff-5bd2-4e2f-dfdd-e6e4bc6379bf"
      },
      "execution_count": 101,
      "outputs": [
        {
          "output_type": "stream",
          "name": "stderr",
          "text": [
            "\u001b[32m[I 2022-02-27 10:18:14,360]\u001b[0m A new study created in memory with name: no-name-a9546b2d-640c-42dc-8870-2dece5a8d626\u001b[0m\n",
            "\u001b[33m[W 2022-02-27 10:18:14,363]\u001b[0m Trial 0 failed because of the following error: NameError(\"name 'cross_val_score' is not defined\")\u001b[0m\n",
            "Traceback (most recent call last):\n",
            "  File \"/Users/hyojin/opt/anaconda3/lib/python3.9/site-packages/optuna/study/_optimize.py\", line 213, in _run_trial\n",
            "    value_or_values = func(trial)\n",
            "  File \"/var/folders/cs/4cpv5sr95s55j7dqdctl5qpm0000gn/T/ipykernel_20262/467794595.py\", line 2, in <lambda>\n",
            "    study_gbm.optimize(lambda trial: obj_gbm(trial, train_lunch, lunch_target), n_trials=50)\n",
            "  File \"/var/folders/cs/4cpv5sr95s55j7dqdctl5qpm0000gn/T/ipykernel_20262/2259127694.py\", line 13, in obj_gbm\n",
            "    score = np.mean(cross_val_score(model, X, y, cv=10, scoring=\"neg_mean_absolute_error\", n_jobs=-1))\n",
            "NameError: name 'cross_val_score' is not defined\n"
          ]
        },
        {
          "output_type": "error",
          "ename": "NameError",
          "evalue": "ignored",
          "traceback": [
            "\u001b[0;31m---------------------------------------------------------------------------\u001b[0m",
            "\u001b[0;31mNameError\u001b[0m                                 Traceback (most recent call last)",
            "\u001b[0;32m/var/folders/cs/4cpv5sr95s55j7dqdctl5qpm0000gn/T/ipykernel_20262/467794595.py\u001b[0m in \u001b[0;36m<module>\u001b[0;34m\u001b[0m\n\u001b[1;32m      1\u001b[0m \u001b[0mstudy_gbm\u001b[0m \u001b[0;34m=\u001b[0m \u001b[0moptuna\u001b[0m\u001b[0;34m.\u001b[0m\u001b[0mcreate_study\u001b[0m\u001b[0;34m(\u001b[0m\u001b[0mdirection\u001b[0m\u001b[0;34m=\u001b[0m\u001b[0;34m'minimize'\u001b[0m\u001b[0;34m)\u001b[0m\u001b[0;34m\u001b[0m\u001b[0;34m\u001b[0m\u001b[0m\n\u001b[0;32m----> 2\u001b[0;31m \u001b[0mstudy_gbm\u001b[0m\u001b[0;34m.\u001b[0m\u001b[0moptimize\u001b[0m\u001b[0;34m(\u001b[0m\u001b[0;32mlambda\u001b[0m \u001b[0mtrial\u001b[0m\u001b[0;34m:\u001b[0m \u001b[0mobj_gbm\u001b[0m\u001b[0;34m(\u001b[0m\u001b[0mtrial\u001b[0m\u001b[0;34m,\u001b[0m \u001b[0mtrain_lunch\u001b[0m\u001b[0;34m,\u001b[0m \u001b[0mlunch_target\u001b[0m\u001b[0;34m)\u001b[0m\u001b[0;34m,\u001b[0m \u001b[0mn_trials\u001b[0m\u001b[0;34m=\u001b[0m\u001b[0;36m50\u001b[0m\u001b[0;34m)\u001b[0m\u001b[0;34m\u001b[0m\u001b[0;34m\u001b[0m\u001b[0m\n\u001b[0m\u001b[1;32m      3\u001b[0m \u001b[0;34m\u001b[0m\u001b[0m\n\u001b[1;32m      4\u001b[0m \u001b[0mgbm_trial\u001b[0m \u001b[0;34m=\u001b[0m \u001b[0mstudy_gbm\u001b[0m\u001b[0;34m.\u001b[0m\u001b[0mbest_trial\u001b[0m\u001b[0;34m\u001b[0m\u001b[0;34m\u001b[0m\u001b[0m\n\u001b[1;32m      5\u001b[0m \u001b[0mgbm_trial_params\u001b[0m \u001b[0;34m=\u001b[0m \u001b[0mgbm_trial\u001b[0m\u001b[0;34m.\u001b[0m\u001b[0mparams\u001b[0m\u001b[0;34m\u001b[0m\u001b[0;34m\u001b[0m\u001b[0m\n",
            "\u001b[0;32m~/opt/anaconda3/lib/python3.9/site-packages/optuna/study/study.py\u001b[0m in \u001b[0;36moptimize\u001b[0;34m(self, func, n_trials, timeout, n_jobs, catch, callbacks, gc_after_trial, show_progress_bar)\u001b[0m\n\u001b[1;32m    398\u001b[0m             )\n\u001b[1;32m    399\u001b[0m \u001b[0;34m\u001b[0m\u001b[0m\n\u001b[0;32m--> 400\u001b[0;31m         _optimize(\n\u001b[0m\u001b[1;32m    401\u001b[0m             \u001b[0mstudy\u001b[0m\u001b[0;34m=\u001b[0m\u001b[0mself\u001b[0m\u001b[0;34m,\u001b[0m\u001b[0;34m\u001b[0m\u001b[0;34m\u001b[0m\u001b[0m\n\u001b[1;32m    402\u001b[0m             \u001b[0mfunc\u001b[0m\u001b[0;34m=\u001b[0m\u001b[0mfunc\u001b[0m\u001b[0;34m,\u001b[0m\u001b[0;34m\u001b[0m\u001b[0;34m\u001b[0m\u001b[0m\n",
            "\u001b[0;32m~/opt/anaconda3/lib/python3.9/site-packages/optuna/study/_optimize.py\u001b[0m in \u001b[0;36m_optimize\u001b[0;34m(study, func, n_trials, timeout, n_jobs, catch, callbacks, gc_after_trial, show_progress_bar)\u001b[0m\n\u001b[1;32m     64\u001b[0m     \u001b[0;32mtry\u001b[0m\u001b[0;34m:\u001b[0m\u001b[0;34m\u001b[0m\u001b[0;34m\u001b[0m\u001b[0m\n\u001b[1;32m     65\u001b[0m         \u001b[0;32mif\u001b[0m \u001b[0mn_jobs\u001b[0m \u001b[0;34m==\u001b[0m \u001b[0;36m1\u001b[0m\u001b[0;34m:\u001b[0m\u001b[0;34m\u001b[0m\u001b[0;34m\u001b[0m\u001b[0m\n\u001b[0;32m---> 66\u001b[0;31m             _optimize_sequential(\n\u001b[0m\u001b[1;32m     67\u001b[0m                 \u001b[0mstudy\u001b[0m\u001b[0;34m,\u001b[0m\u001b[0;34m\u001b[0m\u001b[0;34m\u001b[0m\u001b[0m\n\u001b[1;32m     68\u001b[0m                 \u001b[0mfunc\u001b[0m\u001b[0;34m,\u001b[0m\u001b[0;34m\u001b[0m\u001b[0;34m\u001b[0m\u001b[0m\n",
            "\u001b[0;32m~/opt/anaconda3/lib/python3.9/site-packages/optuna/study/_optimize.py\u001b[0m in \u001b[0;36m_optimize_sequential\u001b[0;34m(study, func, n_trials, timeout, catch, callbacks, gc_after_trial, reseed_sampler_rng, time_start, progress_bar)\u001b[0m\n\u001b[1;32m    161\u001b[0m \u001b[0;34m\u001b[0m\u001b[0m\n\u001b[1;32m    162\u001b[0m         \u001b[0;32mtry\u001b[0m\u001b[0;34m:\u001b[0m\u001b[0;34m\u001b[0m\u001b[0;34m\u001b[0m\u001b[0m\n\u001b[0;32m--> 163\u001b[0;31m             \u001b[0mtrial\u001b[0m \u001b[0;34m=\u001b[0m \u001b[0m_run_trial\u001b[0m\u001b[0;34m(\u001b[0m\u001b[0mstudy\u001b[0m\u001b[0;34m,\u001b[0m \u001b[0mfunc\u001b[0m\u001b[0;34m,\u001b[0m \u001b[0mcatch\u001b[0m\u001b[0;34m)\u001b[0m\u001b[0;34m\u001b[0m\u001b[0;34m\u001b[0m\u001b[0m\n\u001b[0m\u001b[1;32m    164\u001b[0m         \u001b[0;32mexcept\u001b[0m \u001b[0mException\u001b[0m\u001b[0;34m:\u001b[0m\u001b[0;34m\u001b[0m\u001b[0;34m\u001b[0m\u001b[0m\n\u001b[1;32m    165\u001b[0m             \u001b[0;32mraise\u001b[0m\u001b[0;34m\u001b[0m\u001b[0;34m\u001b[0m\u001b[0m\n",
            "\u001b[0;32m~/opt/anaconda3/lib/python3.9/site-packages/optuna/study/_optimize.py\u001b[0m in \u001b[0;36m_run_trial\u001b[0;34m(study, func, catch)\u001b[0m\n\u001b[1;32m    262\u001b[0m \u001b[0;34m\u001b[0m\u001b[0m\n\u001b[1;32m    263\u001b[0m     \u001b[0;32mif\u001b[0m \u001b[0mstate\u001b[0m \u001b[0;34m==\u001b[0m \u001b[0mTrialState\u001b[0m\u001b[0;34m.\u001b[0m\u001b[0mFAIL\u001b[0m \u001b[0;32mand\u001b[0m \u001b[0mfunc_err\u001b[0m \u001b[0;32mis\u001b[0m \u001b[0;32mnot\u001b[0m \u001b[0;32mNone\u001b[0m \u001b[0;32mand\u001b[0m \u001b[0;32mnot\u001b[0m \u001b[0misinstance\u001b[0m\u001b[0;34m(\u001b[0m\u001b[0mfunc_err\u001b[0m\u001b[0;34m,\u001b[0m \u001b[0mcatch\u001b[0m\u001b[0;34m)\u001b[0m\u001b[0;34m:\u001b[0m\u001b[0;34m\u001b[0m\u001b[0;34m\u001b[0m\u001b[0m\n\u001b[0;32m--> 264\u001b[0;31m         \u001b[0;32mraise\u001b[0m \u001b[0mfunc_err\u001b[0m\u001b[0;34m\u001b[0m\u001b[0;34m\u001b[0m\u001b[0m\n\u001b[0m\u001b[1;32m    265\u001b[0m     \u001b[0;32mreturn\u001b[0m \u001b[0mtrial\u001b[0m\u001b[0;34m\u001b[0m\u001b[0;34m\u001b[0m\u001b[0m\n\u001b[1;32m    266\u001b[0m \u001b[0;34m\u001b[0m\u001b[0m\n",
            "\u001b[0;32m~/opt/anaconda3/lib/python3.9/site-packages/optuna/study/_optimize.py\u001b[0m in \u001b[0;36m_run_trial\u001b[0;34m(study, func, catch)\u001b[0m\n\u001b[1;32m    211\u001b[0m \u001b[0;34m\u001b[0m\u001b[0m\n\u001b[1;32m    212\u001b[0m     \u001b[0;32mtry\u001b[0m\u001b[0;34m:\u001b[0m\u001b[0;34m\u001b[0m\u001b[0;34m\u001b[0m\u001b[0m\n\u001b[0;32m--> 213\u001b[0;31m         \u001b[0mvalue_or_values\u001b[0m \u001b[0;34m=\u001b[0m \u001b[0mfunc\u001b[0m\u001b[0;34m(\u001b[0m\u001b[0mtrial\u001b[0m\u001b[0;34m)\u001b[0m\u001b[0;34m\u001b[0m\u001b[0;34m\u001b[0m\u001b[0m\n\u001b[0m\u001b[1;32m    214\u001b[0m     \u001b[0;32mexcept\u001b[0m \u001b[0mexceptions\u001b[0m\u001b[0;34m.\u001b[0m\u001b[0mTrialPruned\u001b[0m \u001b[0;32mas\u001b[0m \u001b[0me\u001b[0m\u001b[0;34m:\u001b[0m\u001b[0;34m\u001b[0m\u001b[0;34m\u001b[0m\u001b[0m\n\u001b[1;32m    215\u001b[0m         \u001b[0;31m# TODO(mamu): Handle multi-objective cases.\u001b[0m\u001b[0;34m\u001b[0m\u001b[0;34m\u001b[0m\u001b[0m\n",
            "\u001b[0;32m/var/folders/cs/4cpv5sr95s55j7dqdctl5qpm0000gn/T/ipykernel_20262/467794595.py\u001b[0m in \u001b[0;36m<lambda>\u001b[0;34m(trial)\u001b[0m\n\u001b[1;32m      1\u001b[0m \u001b[0mstudy_gbm\u001b[0m \u001b[0;34m=\u001b[0m \u001b[0moptuna\u001b[0m\u001b[0;34m.\u001b[0m\u001b[0mcreate_study\u001b[0m\u001b[0;34m(\u001b[0m\u001b[0mdirection\u001b[0m\u001b[0;34m=\u001b[0m\u001b[0;34m'minimize'\u001b[0m\u001b[0;34m)\u001b[0m\u001b[0;34m\u001b[0m\u001b[0;34m\u001b[0m\u001b[0m\n\u001b[0;32m----> 2\u001b[0;31m \u001b[0mstudy_gbm\u001b[0m\u001b[0;34m.\u001b[0m\u001b[0moptimize\u001b[0m\u001b[0;34m(\u001b[0m\u001b[0;32mlambda\u001b[0m \u001b[0mtrial\u001b[0m\u001b[0;34m:\u001b[0m \u001b[0mobj_gbm\u001b[0m\u001b[0;34m(\u001b[0m\u001b[0mtrial\u001b[0m\u001b[0;34m,\u001b[0m \u001b[0mtrain_lunch\u001b[0m\u001b[0;34m,\u001b[0m \u001b[0mlunch_target\u001b[0m\u001b[0;34m)\u001b[0m\u001b[0;34m,\u001b[0m \u001b[0mn_trials\u001b[0m\u001b[0;34m=\u001b[0m\u001b[0;36m50\u001b[0m\u001b[0;34m)\u001b[0m\u001b[0;34m\u001b[0m\u001b[0;34m\u001b[0m\u001b[0m\n\u001b[0m\u001b[1;32m      3\u001b[0m \u001b[0;34m\u001b[0m\u001b[0m\n\u001b[1;32m      4\u001b[0m \u001b[0mgbm_trial\u001b[0m \u001b[0;34m=\u001b[0m \u001b[0mstudy_gbm\u001b[0m\u001b[0;34m.\u001b[0m\u001b[0mbest_trial\u001b[0m\u001b[0;34m\u001b[0m\u001b[0;34m\u001b[0m\u001b[0m\n\u001b[1;32m      5\u001b[0m \u001b[0mgbm_trial_params\u001b[0m \u001b[0;34m=\u001b[0m \u001b[0mgbm_trial\u001b[0m\u001b[0;34m.\u001b[0m\u001b[0mparams\u001b[0m\u001b[0;34m\u001b[0m\u001b[0;34m\u001b[0m\u001b[0m\n",
            "\u001b[0;32m/var/folders/cs/4cpv5sr95s55j7dqdctl5qpm0000gn/T/ipykernel_20262/2259127694.py\u001b[0m in \u001b[0;36mobj_gbm\u001b[0;34m(trial, X, y)\u001b[0m\n\u001b[1;32m     11\u001b[0m \u001b[0;34m\u001b[0m\u001b[0m\n\u001b[1;32m     12\u001b[0m   \u001b[0mmodel\u001b[0m \u001b[0;34m=\u001b[0m \u001b[0mGradientBoostingRegressor\u001b[0m\u001b[0;34m(\u001b[0m\u001b[0;34m**\u001b[0m\u001b[0mparams\u001b[0m\u001b[0;34m,\u001b[0m \u001b[0mrandom_state\u001b[0