            "\u001b[32m[I 2022-02-27 10:17:55,116]\u001b[0m Trial 42 finished with value: 0.024947643242236008 and parameters: {'iterations': 11262, 'od_wait': 1301, 'learning_rate': 0.806325046541226, 'reg_lambda': 42.92003097563283, 'subsample': 0.49000188182898713, 'random_strength': 20.051127386295565, 'depth': 1, 'min_data_in_leaf': 10, 'leaf_estimation_iterations': 10, 'bagging_temperature': 27.045828882434705, 'colsample_bylevel': 0.8153913848942638}. Best is trial 12 with value: 0.023003899519454.\u001b[0m\n",
            "\u001b[32m[I 2022-02-27 10:17:55,238]\u001b[0m Trial 43 finished with value: 0.025013847007912204 and parameters: {'iterations': 4424, 'od_wait': 1133, 'learning_rate': 0.523557596102115, 'reg_lambda': 23.61319178156487, 'subsample': 0.8795704812641486, 'random_strength': 15.546269514556547, 'depth': 2, 'min_data_in_leaf': 9, 'leaf_estimation_iterations': 12, 'bagging_temperature': 57.088539840350215, 'colsample_bylevel': 0.8990534086049382}. Best is trial 12 with value: 0.023003899519454.\u001b[0m\n",
            "\u001b[32m[I 2022-02-27 10:17:55,400]\u001b[0m Trial 44 finished with value: 0.025345270585547388 and parameters: {'iterations': 12472, 'od_wait': 925, 'learning_rate': 0.3776569833989264, 'reg_lambda': 35.36584794916783, 'subsample': 0.6487596968502616, 'random_strength': 17.90103511473911, 'depth': 1, 'min_data_in_leaf': 8, 'leaf_estimation_iterations': 11, 'bagging_temperature': 38.847946610740294, 'colsample_bylevel': 0.9407112976590851}. Best is trial 12 with value: 0.023003899519454.\u001b[0m\n",
            "\u001b[32m[I 2022-02-27 10:17:55,620]\u001b[0m Trial 45 finished with value: 0.02928526012339247 and parameters: {'iterations': 21057, 'od_wait': 833, 'learning_rate': 0.6746146982012617, 'reg_lambda': 25.99316374332899, 'subsample': 0.5718768396467095, 'random_strength': 26.179840363026756, 'depth': 7, 'min_data_in_leaf': 6, 'leaf_estimation_iterations': 1, 'bagging_temperature': 0.15084453614067916, 'colsample_bylevel': 0.7342333518967672}. Best is trial 12 with value: 0.023003899519454.\u001b[0m\n",
            "\u001b[32m[I 2022-02-27 10:17:55,701]\u001b[0m Trial 46 finished with value: 0.02950470352698662 and parameters: {'iterations': 10441, 'od_wait': 1082, 'learning_rate': 0.7304172324646095, 'reg_lambda': 15.436518560814434, 'subsample': 0.7327906563982521, 'random_strength': 20.368625613967115, 'depth': 4, 'min_data_in_leaf': 10, 'leaf_estimation_iterations': 9, 'bagging_temperature': 3.0421620705354133, 'colsample_bylevel': 0.983146516768111}. Best is trial 12 with value: 0.023003899519454.\u001b[0m\n",
            "\u001b[32m[I 2022-02-27 10:17:55,815]\u001b[0m Trial 47 finished with value: 0.024974588757085883 and parameters: {'iterations': 13994, 'od_wait': 1575, 'learning_rate': 0.8628686060674039, 'reg_lambda': 80.89757531262912, 'subsample': 0.49766117471503635, 'random_strength': 12.021121949111878, 'depth': 1, 'min_data_in_leaf': 9, 'leaf_estimation_iterations': 8, 'bagging_temperature': 16.963487924107994, 'colsample_bylevel': 0.7744912138579206}. Best is trial 12 with value: 0.023003899519454.\u001b[0m\n",
            "\u001b[32m[I 2022-02-27 10:17:55,892]\u001b[0m Trial 48 finished with value: 0.026923624588483137 and parameters: {'iterations': 19848, 'od_wait': 1167, 'learning_rate': 0.8377060784177712, 'reg_lambda': 45.92778897359543, 'subsample': 0.7799463642003448, 'random_strength': 30.702381255748975, 'depth': 3, 'min_data_in_leaf': 4, 'leaf_estimation_iterations': 2, 'bagging_temperature': 49.93582447196899, 'colsample_bylevel': 0.5587210312907623}. Best is trial 12 with value: 0.023003899519454.\u001b[0m\n",
            "\u001b[32m[I 2022-02-27 10:17:55,983]\u001b[0m Trial 49 finished with value: 0.025466994465313083 and parameters: {'iterations': 15776, 'od_wait': 1423, 'learning_rate': 0.7712577599879502, 'reg_lambda': 91.43652349843967, 'subsample': 0.3267565481964002, 'random_strength': 24.343437489299408, 'depth': 2, 'min_data_in_leaf': 7, 'leaf_estimation_iterations': 6, 'bagging_temperature': 0.21090273546735813, 'colsample_bylevel': 0.8449893761939513}. Best is trial 12 with value: 0.023003899519454.\u001b[0m\n"
          ]
        },
        {
          "output_type": "stream",
          "name": "stdout",
          "text": [
            "Best Trial: score 0.023003899519454,\n",
            "params {'iterations': 19328, 'od_wait': 1061, 'learning_rate': 0.8405429865769085, 'reg_lambda': 56.4179366759767, 'subsample': 0.7218956121413891, 'random_strength': 22.319165019694346, 'depth': 1, 'min_data_in_leaf': 10, 'leaf_estimation_iterations': 1, 'bagging_temperature': 0.16633436919763092, 'colsample_bylevel': 0.772436954729787}\n"
          ]
        }
      ]
    },
    {
      "cell_type": "markdown",
      "source": [
        "3. train_l1 -> lunch_target(중식계)"
      ],
      "metadata": {
        "id": "kFb_Fc6GBO-W"
      }
    },
    {
      "cell_type": "code",
      "source": [
        "# X_train, X_val, y_train, y_val = train_test_split(train_l1, lunch_target, test_size=0.2, random_state=42)\n",
        "\n",
        "# study = optuna.create_study(direction='minimize', sampler=sampler)\n",
        "# study.optimize(lambda trial : objective(trial, X_train, y_train, X_test), n_trials=50)\n",
        "\n",
        "# cbrm_trial = study.best_trial\n",
        "# cbrm_trial_params = cbrm_trial.params\n",
        "# print('Best Trial: score {},\\nparams {}'.format(cbrm_trial.value, cbrm_trial_params))"
      ],
      "metadata": {
        "id": "d6sktnqFAyvw"
      },
      "execution_count": 86,
      "outputs": []
    },
    {
      "cell_type": "markdown",
      "source": [
        "4. train_l2 -> lunch_target_ratio(중식계비율)"
      ],
      "metadata": {
        "id": "EK4CpE2sN0BY"
      }
    },
    {
      "cell_type": "code",
      "source": [
        "# X_train, X_val, y_train, y_val = train_test_split(train_l2, lunch_target_ratio, test_size=0.2, random_state=42)\n",
        "\n",
        "# study = optuna.create_study(direction='minimize', sampler=sampler)\n",
        "# study.optimize(lambda trial : objective(trial, X_train, y_train, X_test), n_trials=50)\n",
        "\n",
        "# cbrm_trial = study.best_trial\n",
        "# cbrm_trial_params = cbrm_trial.params\n",
        "# print('Best Trial: score {},\\nparams {}'.format(cbrm_trial.value, cbrm_trial_params))"
      ],
      "metadata": {
        "id": "LIZwTqeZBUIe"
      },
      "execution_count": 87,
      "outputs": []
    },
    {
      "cell_type": "markdown",
      "source": [
        "5. train_dinner(모든피처) -> dinner_target"
      ],
      "metadata": {
        "id": "sJ7knolLN4ED"
      }
    },
    {
      "cell_type": "code",
      "source": [
        "# X_train, X_val, y_train, y_val = train_test_split(train_dinner, dinner_target, test_size=0.2, random_state=42)\n",
        "\n",
        "# study = optuna.create_study(direction='minimize', sampler=sampler)\n",
        "# study.optimize(lambda trial : objective(trial, X_train, y_train, X_test), n_trials=50)\n",
        "\n",
        "# cbrm_trial = study.best_trial\n",
        "# cbrm_trial_params = cbrm_trial.params\n",
        "# print('Best Trial: score {},\\nparams {}'.format(cbrm_trial.value, cbrm_trial_params))"
      ],
      "metadata": {
        "id": "AwSh5nRKOF8K"
      },
      "execution_count": 88,
      "outputs": []
    },
    {
      "cell_type": "markdown",
      "source": [
        "6. train_dinner(모든피처) -> dinner_target_ratio"
      ],
      "metadata": {
        "id": "wZM9Ij62N4BJ"
      }
    },
    {
      "cell_type": "code",
      "source": [
        "X_train, X_val, y_train, y_val = train_test_split(train_dinner, dinner_target_ratio, test_size=0.2, random_state=42)\n",
        "\n",
        "study = optuna.create_study(direction='minimize', sampler=sampler)\n",
        "study.optimize(lambda trial : objective(trial, X_train, y_train, X_test), n_trials=50)\n",
        "\n",
        "cbrm_trial = study.best_trial\n",
        "cbrm_trial_params = cbrm_trial.params\n",
        "print('Best Trial: score {},\\nparams {}'.format(cbrm_trial.value, cbrm_trial_params))"
      ],
      "metadata": {
        "colab": {
          "base_uri": "https://localhost:8080/"
        },
        "id": "_rZovSjLOGXx",
        "outputId": "65a51004-079a-4bd8-93d3-e72af27e1f90"
      },
      "execution_count": 89,
      "outputs": [
        {
          "output_type": "stream",
          "name": "stderr",
          "text": [
            "\u001b[32m[I 2022-02-27 10:17:56,002]\u001b[0m A new study created in memory with name: no-name-b05ec2ec-490c-4b4e-9765-bee85dcc4fa0\u001b[0m\n",
            "\u001b[32m[I 2022-02-27 10:17:56,077]\u001b[0m Trial 0 finished with value: 0.018267231968895827 and parameters: {'iterations': 10294, 'od_wait': 1422, 'learning_rate': 0.6737934583594358, 'reg_lambda': 15.919381745872016, 'subsample': 0.05047767015399762, 'random_strength': 23.51263548258718, 'depth': 2, 'min_data_in_leaf': 2, 'leaf_estimation_iterations': 14, 'bagging_temperature': 0.28937425139734485, 'colsample_bylevel': 0.531261609507722}. Best is trial 0 with value: 0.018267231968895827.\u001b[0m\n",
            "\u001b[32m[I 2022-02-27 10:17:56,152]\u001b[0m Trial 1 finished with value: 0.016429356296153292 and parameters: {'iterations': 19803, 'od_wait': 692, 'learning_rate': 0.7448586375347851, 'reg_lambda': 46.978534646196515, 'subsample': 0.5982556712791092, 'random_strength': 15.904807691411907, 'depth': 2, 'min_data_in_leaf': 7, 'leaf_estimation_iterations': 1, 'bagging_temperature': 0.09873020328180193, 'colsample_bylevel': 0.7254451097368025}. Best is trial 1 with value: 0.016429356296153292.\u001b[0m\n",
            "\u001b[32m[I 2022-02-27 10:17:56,296]\u001b[0m Trial 2 finished with value: 0.016297286995295816 and parameters: {'iterations': 8762, 'od_wait': 1186, 'learning_rate': 0.9223105541166428, 'reg_lambda': 92.53568803320896, 'subsample': 0.566749924575, 'random_strength': 31.338835399560104, 'depth': 1, 'min_data_in_leaf': 10, 'leaf_estimation_iterations': 9, 'bagging_temperature': 14.690209354958979, 'colsample_bylevel': 0.7369344161658213}. Best is trial 2 with value: 0.016297286995295816.\u001b[0m\n",
            "\u001b[32m[I 2022-02-27 10:17:56,346]\u001b[0m Trial 3 finished with value: 0.01774327556272934 and parameters: {'iterations': 22424, 'od_wait': 1552, 'learning_rate': 0.7091409765425862, 'reg_lambda': 14.853353650311343, 'subsample': 0.4284507389678964, 'random_strength': 37.75560265369647, 'depth': 2, 'min_data_in_leaf': 5, 'leaf_estimation_iterations': 3, 'bagging_temperature': 1.0663862019069803, 'colsample_bylevel': 0.8914215184817276}. Best is trial 2 with value: 0.016297286995295816.\u001b[0m\n",
            "\u001b[32m[I 2022-02-27 10:17:56,458]\u001b[0m Trial 4 finished with value: 0.016837969021042985 and parameters: {'iterations': 5892, 'od_wait': 1940, 'learning_rate': 0.5655612276038468, 'reg_lambda': 58.93477527458362, 'subsample': 0.1981006572162689, 'random_strength': 27.44473021355337, 'depth': 3, 'min_data_in_leaf': 1, 'leaf_estimation_iterations': 1, 'bagging_temperature': 0.6492620232791904, 'colsample_bylevel': 0.8469184461700406}. Best is trial 2 with value: 0.016297286995295816.\u001b[0m\n",
            "\u001b[32m[I 2022-02-27 10:17:57,808]\u001b[0m Trial 5 finished with value: 0.017920028552039165 and parameters: {'iterations': 15703, 'od_wait': 1193, 'learning_rate': 0.168904724735086, 'reg_lambda': 83.82613368775608, 'subsample': 0.5990517974614926, 'random_strength': 41.308592729798846, 'depth': 9, 'min_data_in_leaf': 7, 'leaf_estimation_iterations': 12, 'bagging_temperature': 2.903671648462054, 'colsample_bylevel': 0.412699114703293}. Best is trial 2 with value: 0.016297286995295816.\u001b[0m\n",
            "\u001b[32m[I 2022-02-27 10:17:57,880]\u001b[0m Trial 6 finished with value: 0.01661493684510603 and parameters: {'iterations': 19760, 'od_wait': 817, 'learning_rate': 0.45905569203103574, 'reg_lambda': 51.31227564199744, 'subsample': 0.4840208902868258, 'random_strength': 43.7754317815739, 'depth': 2, 'min_data_in_leaf': 1, 'leaf_estimation_iterations': 13, 'bagging_temperature': 9.347561027073857, 'colsample_bylevel': 0.6740185211921033}. Best is trial 2 with value: 0.016297286995295816.\u001b[0m\n",
            "\u001b[32m[I 2022-02-27 10:17:57,962]\u001b[0m Trial 7 finished with value: 0.016017583049373674 and parameters: {'iterations': 12755, 'od_wait': 710, 'learning_rate': 0.33934045385635037, 'reg_lambda': 9.465913127774897, 'subsample': 0.7158308727513142, 'random_strength': 13.083416176641546, 'depth': 3, 'min_data_in_leaf': 6, 'leaf_estimation_iterations': 5, 'bagging_temperature': 4.196690780918867, 'colsample_bylevel': 0.8821410086459318}. Best is trial 7 with value: 0.016017583049373674.\u001b[0m\n",
            "\u001b[32m[I 2022-02-27 10:17:58,027]\u001b[0m Trial 8 finished with value: 0.019438658131065854 and parameters: {'iterations': 11375, 'od_wait': 668, 'learning_rate': 0.8135027675871332, 'reg_lambda': 78.4866739790275, 'subsample': 0.3934191124365154, 'random_strength': 44.57916775207813, 'depth': 4, 'min_data_in_leaf': 3, 'leaf_estimation_iterations': 13, 'bagging_temperature': 8.821263911724783, 'colsample_bylevel': 0.7045605448329757}. Best is trial 7 with value: 0.016017583049373674.\u001b[0m\n",
            "\u001b[32m[I 2022-02-27 10:17:58,107]\u001b[0m Trial 9 finished with value: 0.017373461031739642 and parameters: {'iterations': 17531, 'od_wait': 883, 'learning_rate': 0.8958132397548545, 'reg_lambda': 96.594625491319, 'subsample': 0.31700156230578813, 'random_strength': 44.622104729091326, 'depth': 4, 'min_data_in_leaf': 1, 'leaf_estimation_iterations': 1, 'bagging_temperature': 0.05476553719971765, 'colsample_bylevel': 0.44142000497035244}. Best is trial 7 with value: 0.016017583049373674.\u001b[0m\n",
            "\u001b[32m[I 2022-02-27 10:17:58,329]\u001b[0m Trial 10 finished with value: 0.01733167316423945 and parameters: {'iterations': 12331, 'od_wait': 2228, 'learning_rate': 0.24680275335432164, 'reg_lambda': 0.7442724009369872, 'subsample': 0.9040336288112972, 'random_strength': 11.45159085960271, 'depth': 7, 'min_data_in_leaf': 10, 'leaf_estimation_iterations': 6, 'bagging_temperature': 66.76181632260206, 'colsample_bylevel': 0.9958691186057407}. Best is trial 7 with value: 0.016017583049373674.\u001b[0m\n",
            "\u001b[32m[I 2022-02-27 10:17:58,523]\u001b[0m Trial 11 finished with value: 0.01881511270667928 and parameters: {'iterations': 6493, 'od_wait': 1093, 'learning_rate': 0.31925483978841696, 'reg_lambda': 33.24915028421168, 'subsample': 0.8497837199650957, 'random_strength': 33.8261219999037, 'depth': 6, 'min_data_in_leaf': 10, 'leaf_estimation_iterations': 9, 'bagging_temperature': 95.94121490123293, 'colsample_bylevel': 0.8497448040732207}. Best is trial 7 with value: 0.016017583049373674.\u001b[0m\n",
            "\u001b[32m[I 2022-02-27 10:17:59,049]\u001b[0m Trial 12 finished with value: 0.017016244038233784 and parameters: {'iterations': 8645, 'od_wait': 1043, 'learning_rate': 0.06279098114607473, 'reg_lambda': 70.19926302743026, 'subsample': 0.7615810364931848, 'random_strength': 22.188444494128372, 'depth': 1, 'min_data_in_leaf': 8, 'leaf_estimation_iterations': 8, 'bagging_temperature': 13.065882163411574, 'colsample_bylevel': 0.7948815120850965}. Best is trial 7 with value: 0.016017583049373674.\u001b[0m\n",
            "\u001b[32m[I 2022-02-27 10:17:59,160]\u001b[0m Trial 13 finished with value: 0.017302415312429528 and parameters: {'iterations': 14330, 'od_wait': 543, 'learning_rate': 0.4558912611515813, 'reg_lambda': 98.56866473633049, 'subsample': 0.6488323976506527, 'random_strength': 30.844325127019996, 'depth': 4, 'min_data_in_leaf': 5, 'leaf_estimation_iterations': 5, 'bagging_temperature': 25.418158090131673, 'colsample_bylevel': 0.9789155374419464}. Best is trial 7 with value: 0.016017583049373674.\u001b[0m\n",
            "\u001b[32m[I 2022-02-27 10:17:59,266]\u001b[0m Trial 14 finished with value: 0.01669566603695328 and parameters: {'iterations': 4763, 'od_wait': 1646, 'learning_rate': 0.9992141713087292, 'reg_lambda': 33.39123571607283, 'subsample': 0.9997251125635902, 'random_strength': 19.078291457682997, 'depth': 1, 'min_data_in_leaf': 8, 'leaf_estimation_iterations': 9, 'bagging_temperature': 2.8451674821541366, 'colsample_bylevel': 0.5884656203842108}. Best is trial 7 with value: 0.016017583049373674.\u001b[0m\n",
            "\u001b[32m[I 2022-02-27 10:17:59,398]\u001b[0m Trial 15 finished with value: 0.017075053871132423 and parameters: {'iterations': 8722, 'od_wait': 1221, 'learning_rate': 0.3423543886500966, 'reg_lambda': 31.493282676475488, 'subsample': 0.7039563242217843, 'random_strength': 10.288189532490051, 'depth': 5, 'min_data_in_leaf': 4, 'leaf_estimation_iterations': 6, 'bagging_temperature': 0.013292244768820377, 'colsample_bylevel': 0.7684275514661952}. Best is trial 7 with value: 0.016017583049373674.\u001b[0m\n",
            "\u001b[32m[I 2022-02-27 10:17:59,976]\u001b[0m Trial 16 finished with value: 0.02046143013408601 and parameters: {'iterations': 12982, 'od_wait': 940, 'learning_rate': 0.5592121838218076, 'reg_lambda': 63.997165095240376, 'subsample': 0.8131916208949046, 'random_strength': 27.41215620423818, 'depth': 9, 'min_data_in_leaf': 9, 'leaf_estimation_iterations': 10, 'bagging_temperature': 2.1909091842231847, 'colsample_bylevel': 0.9079339533291567}. Best is trial 7 with value: 0.016017583049373674.\u001b[0m\n",
            "\u001b[32m[I 2022-02-27 10:18:00,581]\u001b[0m Trial 17 finished with value: 0.017323636611900107 and parameters: {'iterations': 8617, 'od_wait': 510, 'learning_rate': 0.07621556307953031, 'reg_lambda': 0.6690055602721756, 'subsample': 0.5398521290761163, 'random_strength': 48.81106519256035, 'depth': 7, 'min_data_in_leaf': 6, 'leaf_estimation_iterations': 4, 'bagging_temperature': 32.962399591917226, 'colsample_bylevel': 0.6177228742539963}. Best is trial 7 with value: 0.016017583049373674.\u001b[0m\n",
            "\u001b[32m[I 2022-02-27 10:18:00,680]\u001b[0m Trial 18 finished with value: 0.021146629746259193 and parameters: {'iterations': 24664, 'od_wait': 1783, 'learning_rate': 0.999092541163971, 'reg_lambda': 83.28799637489787, 'subsample': 0.25451698452199767, 'random_strength': 35.123901755185074, 'depth': 3, 'min_data_in_leaf': 9, 'leaf_estimation_iterations': 7, 'bagging_temperature': 5.376490776194439, 'colsample_bylevel': 0.7887997985988837}. Best is trial 7 with value: 0.016017583049373674.\u001b[0m\n",
            "\u001b[32m[I 2022-02-27 10:18:00,929]\u001b[0m Trial 19 finished with value: 0.016477753357504763 and parameters: {'iterations': 15973, 'od_wait': 1278, 'learning_rate': 0.37470694122925824, 'reg_lambda': 21.73867875473938, 'subsample': 0.7418961239851295, 'random_strength': 16.37211003948085, 'depth': 1, 'min_data_in_leaf': 6, 'leaf_estimation_iterations': 11, 'bagging_temperature': 23.207042426024096, 'colsample_bylevel': 0.9325259555368548}. Best is trial 7 with value: 0.016017583049373674.\u001b[0m\n",
            "\u001b[32m[I 2022-02-27 10:18:01,061]\u001b[0m Trial 20 finished with value: 0.017047221446483227 and parameters: {'iterations': 10365, 'od_wait': 1394, 'learning_rate': 0.5883771784686755, 'reg_lambda': 47.436807645144455, 'subsample': 0.9645328523351597, 'random_strength': 23.107400053610995, 'depth': 3, 'min_data_in_leaf': 4, 'leaf_estimation_iterations': 3, 'bagging_temperature': 0.7102745525909078, 'colsample_bylevel': 0.6494515631887204}. Best is trial 7 with value: 0.016017583049373674.\u001b[0m\n",
            "\u001b[32m[I 2022-02-27 10:18:01,169]\u001b[0m Trial 21 finished with value: 0.017230871977504104 and parameters: {'iterations': 19739, 'od_wait': 740, 'learning_rate': 0.7912117658530566, 'reg_lambda': 45.69272617382656, 'subsample': 0.6034617496697495, 'random_strength': 16.44866903391501, 'depth': 2, 'min_data_in_leaf': 8, 'leaf_estimation_iterations': 3, 'bagging_temperature': 0.16097777178525927, 'colsample_bylevel': 0.7158892737289532}. Best is trial 7 with value: 0.016017583049373674.\u001b[0m\n",
            "\u001b[32m[I 2022-02-27 10:18:01,297]\u001b[0m Trial 22 finished with value: 0.016635326964078885 and parameters: {'iterations': 19916, 'od_wait': 665, 'learning_rate': 0.8911659633814859, 'reg_lambda': 41.20423234132345, 'subsample': 0.5348269741627051, 'random_strength': 15.800509900467226, 'depth': 1, 'min_data_in_leaf': 7, 'leaf_estimation_iterations': 1, 'bagging_temperature': 0.051084164688192144, 'colsample_bylevel': 0.7471256256090729}. Best is trial 7 with value: 0.016017583049373674.\u001b[0m\n",
            "\u001b[32m[I 2022-02-27 10:18:01,400]\u001b[0m Trial 23 finished with value: 0.01797691941541323 and parameters: {'iterations': 17976, 'od_wait': 989, 'learning_rate': 0.7030455760608194, 'reg_lambda': 72.91156976514812, 'subsample': 0.6704144170741695, 'random_strength': 12.791553612656926, 'depth': 3, 'min_data_in_leaf': 7, 'leaf_estimation_iterations': 7, 'bagging_temperature': 0.17640727082739366, 'colsample_bylevel': 0.834363553932311}. Best is trial 7 with value: 0.016017583049373674.\u001b[0m\n",
            "\u001b[32m[I 2022-02-27 10:18:01,493]\u001b[0m Trial 24 finished with value: 0.01849129834924719 and parameters: {'iterations': 13445, 'od_wait': 771, 'learning_rate': 0.8790797490552722, 'reg_lambda': 57.52908799102613, 'subsample': 0.45186077022798066, 'random_strength': 19.549599248162203, 'depth': 5, 'min_data_in_leaf': 9, 'leaf_estimation_iterations': 5, 'bagging_temperature': 0.011848571508344787, 'colsample_bylevel': 0.725399254852692}. Best is trial 7 with value: 0.016017583049373674.\u001b[0m\n",
