            "\u001b[32m[I 2022-02-27 10:17:48,838]\u001b[0m Trial 0 finished with value: 0.02475076074765423 and parameters: {'iterations': 20198, 'od_wait': 537, 'learning_rate': 0.6340145866913491, 'reg_lambda': 74.88039076582236, 'subsample': 0.4985070123025904, 'random_strength': 18.991865821233908, 'depth': 2, 'min_data_in_leaf': 8, 'leaf_estimation_iterations': 3, 'bagging_temperature': 0.022561047334047252, 'colsample_bylevel': 0.8112158910206784}. Best is trial 0 with value: 0.02475076074765423.\u001b[0m\n",
            "\u001b[32m[I 2022-02-27 10:17:48,928]\u001b[0m Trial 1 finished with value: 0.026078851192308617 and parameters: {'iterations': 24022, 'od_wait': 507, 'learning_rate': 0.5126800711223909, 'reg_lambda': 81.26209803900173, 'subsample': 0.6125260668293881, 'random_strength': 38.87021269727198, 'depth': 3, 'min_data_in_leaf': 10, 'leaf_estimation_iterations': 11, 'bagging_temperature': 1.4797129411694714, 'colsample_bylevel': 0.4853020285609162}. Best is trial 0 with value: 0.02475076074765423.\u001b[0m\n",
            "\u001b[32m[I 2022-02-27 10:17:49,078]\u001b[0m Trial 2 finished with value: 0.02768271178793093 and parameters: {'iterations': 11840, 'od_wait': 1714, 'learning_rate': 0.4423913412485731, 'reg_lambda': 43.40140499318944, 'subsample': 0.6177669784693172, 'random_strength': 30.525529702175636, 'depth': 7, 'min_data_in_leaf': 7, 'leaf_estimation_iterations': 13, 'bagging_temperature': 1.2206428444236328, 'colsample_bylevel': 0.945189328485201}. Best is trial 0 with value: 0.02475076074765423.\u001b[0m\n",
            "\u001b[32m[I 2022-02-27 10:17:49,215]\u001b[0m Trial 3 finished with value: 0.027034864147979173 and parameters: {'iterations': 10704, 'od_wait': 662, 'learning_rate': 0.3013993565795672, 'reg_lambda': 11.398445046511357, 'subsample': 0.8286813263076767, 'random_strength': 11.87585277556999, 'depth': 7, 'min_data_in_leaf': 6, 'leaf_estimation_iterations': 13, 'bagging_temperature': 0.06248706964153717, 'colsample_bylevel': 0.91411018147464}. Best is trial 0 with value: 0.02475076074765423.\u001b[0m\n",
            "\u001b[32m[I 2022-02-27 10:17:49,299]\u001b[0m Trial 4 finished with value: 0.025598981235419906 and parameters: {'iterations': 11385, 'od_wait': 1859, 'learning_rate': 0.29666574517279903, 'reg_lambda': 88.39364911675383, 'subsample': 0.3255116378322488, 'random_strength': 16.600635908765938, 'depth': 4, 'min_data_in_leaf': 1, 'leaf_estimation_iterations': 13, 'bagging_temperature': 0.040235377334273736, 'colsample_bylevel': 0.6304686692153197}. Best is trial 0 with value: 0.02475076074765423.\u001b[0m\n",
            "\u001b[32m[I 2022-02-27 10:17:49,764]\u001b[0m Trial 5 finished with value: 0.031242057639255277 and parameters: {'iterations': 23830, 'od_wait': 2278, 'learning_rate': 0.4568482425476893, 'reg_lambda': 82.61228612304555, 'subsample': 0.25137413420705934, 'random_strength': 33.89486592923537, 'depth': 10, 'min_data_in_leaf': 6, 'leaf_estimation_iterations': 9, 'bagging_temperature': 0.01435909500290964, 'colsample_bylevel': 0.6143090551807218}. Best is trial 0 with value: 0.02475076074765423.\u001b[0m\n",
            "\u001b[32m[I 2022-02-27 10:17:49,904]\u001b[0m Trial 6 finished with value: 0.026867346623297646 and parameters: {'iterations': 5671, 'od_wait': 1050, 'learning_rate': 0.33138859267014986, 'reg_lambda': 77.38303188275663, 'subsample': 0.039959208689977266, 'random_strength': 27.17968713726553, 'depth': 4, 'min_data_in_leaf': 7, 'leaf_estimation_iterations': 6, 'bagging_temperature': 0.01487268654239264, 'colsample_bylevel': 0.9279491047107497}. Best is trial 0 with value: 0.02475076074765423.\u001b[0m\n",
            "\u001b[32m[I 2022-02-27 10:17:49,982]\u001b[0m Trial 7 finished with value: 0.02415347827301265 and parameters: {'iterations': 20028, 'od_wait': 2081, 'learning_rate': 0.4180916346954277, 'reg_lambda': 60.55776038360003, 'subsample': 0.5134666274082884, 'random_strength': 33.913465918518945, 'depth': 3, 'min_data_in_leaf': 4, 'leaf_estimation_iterations': 1, 'bagging_temperature': 0.16302351115057975, 'colsample_bylevel': 0.5452455252421164}. Best is trial 7 with value: 0.02415347827301265.\u001b[0m\n",
            "\u001b[32m[I 2022-02-27 10:17:50,073]\u001b[0m Trial 8 finished with value: 0.02791827725293418 and parameters: {'iterations': 15709, 'od_wait': 1518, 'learning_rate': 0.4756571151676355, 'reg_lambda': 29.279804700971145, 'subsample': 0.06425106069482445, 'random_strength': 49.152765830305704, 'depth': 4, 'min_data_in_leaf': 5, 'leaf_estimation_iterations': 15, 'bagging_temperature': 0.5795558575717401, 'colsample_bylevel': 0.5909636832873707}. Best is trial 7 with value: 0.02415347827301265.\u001b[0m\n",
            "\u001b[32m[I 2022-02-27 10:17:50,218]\u001b[0m Trial 9 finished with value: 0.031978496097644 and parameters: {'iterations': 14916, 'od_wait': 1541, 'learning_rate': 0.8540798167499859, 'reg_lambda': 6.809736672822267, 'subsample': 0.46453080777933253, 'random_strength': 41.27796474476594, 'depth': 8, 'min_data_in_leaf': 6, 'leaf_estimation_iterations': 1, 'bagging_temperature': 0.25271182560729794, 'colsample_bylevel': 0.737914410695647}. Best is trial 7 with value: 0.02415347827301265.\u001b[0m\n",
            "\u001b[32m[I 2022-02-27 10:17:50,958]\u001b[0m Trial 10 finished with value: 0.02509733238580219 and parameters: {'iterations': 19359, 'od_wait': 2259, 'learning_rate': 0.023281956814159288, 'reg_lambda': 59.52186407166647, 'subsample': 0.9080206766224226, 'random_strength': 23.74535420937262, 'depth': 1, 'min_data_in_leaf': 3, 'leaf_estimation_iterations': 5, 'bagging_temperature': 32.53588381944866, 'colsample_bylevel': 0.41098538599020107}. Best is trial 7 with value: 0.02415347827301265.\u001b[0m\n",
            "\u001b[32m[I 2022-02-27 10:17:51,079]\u001b[0m Trial 11 finished with value: 0.02376270154207367 and parameters: {'iterations': 18986, 'od_wait': 967, 'learning_rate': 0.7326996203923625, 'reg_lambda': 59.868065148482614, 'subsample': 0.48787951831715365, 'random_strength': 20.935958729476567, 'depth': 1, 'min_data_in_leaf': 10, 'leaf_estimation_iterations': 1, 'bagging_temperature': 0.16104300853620354, 'colsample_bylevel': 0.7777245074777993}. Best is trial 11 with value: 0.02376270154207367.\u001b[0m\n",
            "\u001b[32m[I 2022-02-27 10:17:51,234]\u001b[0m Trial 12 finished with value: 0.023003899519454 and parameters: {'iterations': 19328, 'od_wait': 1061, 'learning_rate': 0.8405429865769085, 'reg_lambda': 56.4179366759767, 'subsample': 0.7218956121413891, 'random_strength': 22.319165019694346, 'depth': 1, 'min_data_in_leaf': 10, 'leaf_estimation_iterations': 1, 'bagging_temperature': 0.16633436919763092, 'colsample_bylevel': 0.772436954729787}. Best is trial 12 with value: 0.023003899519454.\u001b[0m\n",
            "\u001b[32m[I 2022-02-27 10:17:51,397]\u001b[0m Trial 13 finished with value: 0.024423422049769772 and parameters: {'iterations': 17761, 'od_wait': 1123, 'learning_rate': 0.9828019626290235, 'reg_lambda': 41.4995199574362, 'subsample': 0.7793428422812039, 'random_strength': 21.25265962047444, 'depth': 1, 'min_data_in_leaf': 10, 'leaf_estimation_iterations': 4, 'bagging_temperature': 7.266004471580706, 'colsample_bylevel': 0.7860521063678217}. Best is trial 12 with value: 0.023003899519454.\u001b[0m\n",
            "\u001b[32m[I 2022-02-27 10:17:51,508]\u001b[0m Trial 14 finished with value: 0.023729669793752406 and parameters: {'iterations': 22253, 'od_wait': 1022, 'learning_rate': 0.7372733079265322, 'reg_lambda': 99.27753018308948, 'subsample': 0.7172139067829132, 'random_strength': 11.733769420959725, 'depth': 1, 'min_data_in_leaf': 9, 'leaf_estimation_iterations': 7, 'bagging_temperature': 0.1331078720910436, 'colsample_bylevel': 0.8350864510130631}. Best is trial 12 with value: 0.023003899519454.\u001b[0m\n",
            "\u001b[32m[I 2022-02-27 10:17:51,613]\u001b[0m Trial 15 finished with value: 0.030143969990940465 and parameters: {'iterations': 21829, 'od_wait': 1243, 'learning_rate': 0.8331884285777929, 'reg_lambda': 97.01596111173764, 'subsample': 0.985769339573257, 'random_strength': 10.928713076210173, 'depth': 6, 'min_data_in_leaf': 9, 'leaf_estimation_iterations': 8, 'bagging_temperature': 5.568393377062645, 'colsample_bylevel': 0.8579248411313528}. Best is trial 12 with value: 0.023003899519454.\u001b[0m\n",
            "\u001b[32m[I 2022-02-27 10:17:51,702]\u001b[0m Trial 16 finished with value: 0.026583806096737748 and parameters: {'iterations': 24770, 'od_wait': 770, 'learning_rate': 0.6503411607647351, 'reg_lambda': 97.74302555429753, 'subsample': 0.7430616096813799, 'random_strength': 14.883669687068846, 'depth': 2, 'min_data_in_leaf': 8, 'leaf_estimation_iterations': 8, 'bagging_temperature': 0.09862921669299647, 'colsample_bylevel': 0.7204350940398008}. Best is trial 12 with value: 0.023003899519454.\u001b[0m\n",
            "\u001b[32m[I 2022-02-27 10:17:51,791]\u001b[0m Trial 17 finished with value: 0.029549078917649536 and parameters: {'iterations': 16858, 'od_wait': 1364, 'learning_rate': 0.9396405061175266, 'reg_lambda': 23.17609542245738, 'subsample': 0.6741129828996764, 'random_strength': 25.33927328925481, 'depth': 5, 'min_data_in_leaf': 9, 'leaf_estimation_iterations': 3, 'bagging_temperature': 0.6308139560778481, 'colsample_bylevel': 0.8610429554552861}. Best is trial 12 with value: 0.023003899519454.\u001b[0m\n",
            "\u001b[32m[I 2022-02-27 10:17:51,888]\u001b[0m Trial 18 finished with value: 0.026117614559068116 and parameters: {'iterations': 21955, 'od_wait': 888, 'learning_rate': 0.7613762809951297, 'reg_lambda': 66.68822788205986, 'subsample': 0.8785933833958768, 'random_strength': 14.380979224107493, 'depth': 3, 'min_data_in_leaf': 8, 'leaf_estimation_iterations': 6, 'bagging_temperature': 3.525307387547285, 'colsample_bylevel': 0.6742966812339402}. Best is trial 12 with value: 0.023003899519454.\u001b[0m\n",
            "\u001b[32m[I 2022-02-27 10:17:51,967]\u001b[0m Trial 19 finished with value: 0.02395372045279905 and parameters: {'iterations': 13186, 'od_wait': 1215, 'learning_rate': 0.6129764304593701, 'reg_lambda': 33.89349428198845, 'subsample': 0.6875752320569699, 'random_strength': 18.538731713404154, 'depth': 2, 'min_data_in_leaf': 9, 'leaf_estimation_iterations': 10, 'bagging_temperature': 78.05871620966963, 'colsample_bylevel': 0.8602815622724147}. Best is trial 12 with value: 0.023003899519454.\u001b[0m\n",
            "\u001b[32m[I 2022-02-27 10:17:52,315]\u001b[0m Trial 20 finished with value: 0.034524495554175784 and parameters: {'iterations': 8113, 'od_wait': 821, 'learning_rate': 0.8992081822952306, 'reg_lambda': 47.02531359206794, 'subsample': 0.2857463801684397, 'random_strength': 10.409171198976615, 'depth': 10, 'min_data_in_leaf': 2, 'leaf_estimation_iterations': 7, 'bagging_temperature': 0.2728011426847841, 'colsample_bylevel': 0.9695674189961851}. Best is trial 12 with value: 0.023003899519454.\u001b[0m\n",
            "\u001b[32m[I 2022-02-27 10:17:52,411]\u001b[0m Trial 21 finished with value: 0.02591228802360821 and parameters: {'iterations': 18201, 'od_wait': 1003, 'learning_rate': 0.718585661709572, 'reg_lambda': 58.14225061370285, 'subsample': 0.42920464174366135, 'random_strength': 21.88608828407296, 'depth': 1, 'min_data_in_leaf': 10, 'leaf_estimation_iterations': 2, 'bagging_temperature': 0.13858049586292023, 'colsample_bylevel': 0.7910903487379174}. Best is trial 12 with value: 0.023003899519454.\u001b[0m\n",
            "\u001b[32m[I 2022-02-27 10:17:52,537]\u001b[0m Trial 22 finished with value: 0.02505806031047665 and parameters: {'iterations': 21535, 'od_wait': 975, 'learning_rate': 0.7682549587437438, 'reg_lambda': 67.95779191648626, 'subsample': 0.6269200682035426, 'random_strength': 28.991485207193143, 'depth': 1, 'min_data_in_leaf': 10, 'leaf_estimation_iterations': 3, 'bagging_temperature': 0.05378202583208602, 'colsample_bylevel': 0.7624632990385846}. Best is trial 12 with value: 0.023003899519454.\u001b[0m\n",
            "\u001b[32m[I 2022-02-27 10:17:52,638]\u001b[0m Trial 23 finished with value: 0.02544154753552022 and parameters: {'iterations': 22634, 'od_wait': 1370, 'learning_rate': 0.8089701829530989, 'reg_lambda': 51.622141291333264, 'subsample': 0.538784988282972, 'random_strength': 20.14100076707046, 'depth': 2, 'min_data_in_leaf': 9, 'leaf_estimation_iterations': 1, 'bagging_temperature': 0.3378394922104504, 'colsample_bylevel': 0.6797154720614568}. Best is trial 12 with value: 0.023003899519454.\u001b[0m\n",
            "\u001b[32m[I 2022-02-27 10:17:52,751]\u001b[0m Trial 24 finished with value: 0.026059036493300342 and parameters: {'iterations': 19566, 'od_wait': 686, 'learning_rate': 0.6935928109346506, 'reg_lambda': 18.0552415368132, 'subsample': 0.3706443756375647, 'random_strength': 16.262590540169917, 'depth': 1, 'min_data_in_leaf': 10, 'leaf_estimation_iterations': 5, 'bagging_temperature': 0.08618333713019238, 'colsample_bylevel': 0.8356404851662367}. Best is trial 12 with value: 0.023003899519454.\u001b[0m\n",
            "\u001b[32m[I 2022-02-27 10:17:52,846]\u001b[0m Trial 25 finished with value: 0.025534229295907516 and parameters: {'iterations': 16548, 'od_wait': 1227, 'learning_rate': 0.5941731075032896, 'reg_lambda': 91.05857721018563, 'subsample': 0.7514745836452202, 'random_strength': 24.156097499816997, 'depth': 3, 'min_data_in_leaf': 8, 'leaf_estimation_iterations': 2, 'bagging_temperature': 0.03390701885348299, 'colsample_bylevel': 0.8853377904250783}. Best is trial 12 with value: 0.023003899519454.\u001b[0m\n",
            "\u001b[32m[I 2022-02-27 10:17:52,912]\u001b[0m Trial 26 finished with value: 0.026045405814037165 and parameters: {'iterations': 18216, 'od_wait': 909, 'learning_rate': 0.9938890012852846, 'reg_lambda': 69.04688598401557, 'subsample': 0.5863327759552515, 'random_strength': 13.301428770331771, 'depth': 2, 'min_data_in_leaf': 9, 'leaf_estimation_iterations': 4, 'bagging_temperature': 0.6348530040840289, 'colsample_bylevel': 0.9995853024604604}. Best is trial 12 with value: 0.023003899519454.\u001b[0m\n",
            "\u001b[32m[I 2022-02-27 10:17:52,999]\u001b[0m Trial 27 finished with value: 0.03395518885586643 and parameters: {'iterations': 13802, 'od_wait': 1117, 'learning_rate': 0.9068215293136106, 'reg_lambda': 51.52116361071901, 'subsample': 0.9975682499858853, 'random_strength': 31.833002504669796, 'depth': 5, 'min_data_in_leaf': 7, 'leaf_estimation_iterations': 11, 'bagging_temperature': 0.17549102977702632, 'colsample_bylevel': 0.748502106083383}. Best is trial 12 with value: 0.023003899519454.\u001b[0m\n",
            "\u001b[32m[I 2022-02-27 10:17:53,115]\u001b[0m Trial 28 finished with value: 0.025678371577136667 and parameters: {'iterations': 20855, 'od_wait': 735, 'learning_rate': 0.5740233183363945, 'reg_lambda': 38.83623529471206, 'subsample': 0.13157984705652637, 'random_strength': 17.021639268529757, 'depth': 1, 'min_data_in_leaf': 10, 'leaf_estimation_iterations': 5, 'bagging_temperature': 1.7479081285587827, 'colsample_bylevel': 0.6811293429443462}. Best is trial 12 with value: 0.023003899519454.\u001b[0m\n",
            "\u001b[32m[I 2022-02-27 10:17:53,185]\u001b[0m Trial 29 finished with value: 0.026428657624253754 and parameters: {'iterations': 22976, 'od_wait': 636, 'learning_rate': 0.7110761911057473, 'reg_lambda': 0.44793905877182283, 'subsample': 0.6852127607535052, 'random_strength': 18.967973162799424, 'depth': 2, 'min_data_in_leaf': 8, 'leaf_estimation_iterations': 2, 'bagging_temperature': 0.023856176557267655, 'colsample_bylevel': 0.8297939383119844}. Best is trial 12 with value: 0.023003899519454.\u001b[0m\n",
            "\u001b[32m[I 2022-02-27 10:17:53,533]\u001b[0m Trial 30 finished with value: 0.02432556532486839 and parameters: {'iterations': 18879, 'od_wait': 1483, 'learning_rate': 0.07271653532351824, 'reg_lambda': 74.61425349804063, 'subsample': 0.3964373381058285, 'random_strength': 27.86432479287491, 'depth': 3, 'min_data_in_leaf': 9, 'leaf_estimation_iterations': 4, 'bagging_temperature': 0.01010520961843364, 'colsample_bylevel': 0.7986637468760212}. Best is trial 12 with value: 0.023003899519454.\u001b[0m\n",
            "\u001b[32m[I 2022-02-27 10:17:53,627]\u001b[0m Trial 31 finished with value: 0.025543408679131727 and parameters: {'iterations': 12927, 'od_wait': 1206, 'learning_rate': 0.6418985038041195, 'reg_lambda': 31.32834971496191, 'subsample': 0.7160250688129286, 'random_strength': 18.663241064468288, 'depth': 2, 'min_data_in_leaf': 9, 'leaf_estimation_iterations': 10, 'bagging_temperature': 76.27649988463993, 'colsample_bylevel': 0.8103816713147817}. Best is trial 12 with value: 0.023003899519454.\u001b[0m\n",
            "\u001b[32m[I 2022-02-27 10:17:53,823]\u001b[0m Trial 32 finished with value: 0.02401344111671683 and parameters: {'iterations': 8558, 'od_wait': 1104, 'learning_rate': 0.563583271643952, 'reg_lambda': 30.74481524671519, 'subsample': 0.8133733080498105, 'random_strength': 22.21705620952398, 'depth': 1, 'min_data_in_leaf': 10, 'leaf_estimation_iterations': 11, 'bagging_temperature': 10.276907883448294, 'colsample_bylevel': 0.8774832868061868}. Best is trial 12 with value: 0.023003899519454.\u001b[0m\n",
            "\u001b[32m[I 2022-02-27 10:17:53,909]\u001b[0m Trial 33 finished with value: 0.023730286874299095 and parameters: {'iterations': 14564, 'od_wait': 1312, 'learning_rate': 0.7892133771921718, 'reg_lambda': 38.50211230267593, 'subsample': 0.5507174320931946, 'random_strength': 18.5292184882026, 'depth': 2, 'min_data_in_leaf': 8, 'leaf_estimation_iterations': 9, 'bagging_temperature': 23.39767932582677, 'colsample_bylevel': 0.897384464674365}. Best is trial 12 with value: 0.023003899519454.\u001b[0m\n",
            "\u001b[32m[I 2022-02-27 10:17:54,014]\u001b[0m Trial 34 finished with value: 0.02459190121911827 and parameters: {'iterations': 20446, 'od_wait': 550, 'learning_rate': 0.7923096152994558, 'reg_lambda': 55.29349808450804, 'subsample': 0.5227395700041347, 'random_strength': 13.527874998934848, 'depth': 1, 'min_data_in_leaf': 8, 'leaf_estimation_iterations': 7, 'bagging_temperature': 18.940762490148867, 'colsample_bylevel': 0.9032691540618258}. Best is trial 12 with value: 0.023003899519454.\u001b[0m\n",
            "\u001b[32m[I 2022-02-27 10:17:54,115]\u001b[0m Trial 35 finished with value: 0.02584696185954402 and parameters: {'iterations': 17111, 'od_wait': 1721, 'learning_rate': 0.8705804117312793, 'reg_lambda': 47.66007797738652, 'subsample': 0.5972795283042363, 'random_strength': 25.650565995258813, 'depth': 2, 'min_data_in_leaf': 7, 'leaf_estimation_iterations': 9, 'bagging_temperature': 1.3246862339176324, 'colsample_bylevel': 0.7134840482702035}. Best is trial 12 with value: 0.023003899519454.\u001b[0m\n",
            "\u001b[32m[I 2022-02-27 10:17:54,205]\u001b[0m Trial 36 finished with value: 0.026136148297196255 and parameters: {'iterations': 15900, 'od_wait': 1316, 'learning_rate': 0.7426239450290608, 'reg_lambda': 85.6271389559649, 'subsample': 0.6398399216780232, 'random_strength': 16.412688775607826, 'depth': 3, 'min_data_in_leaf': 10, 'leaf_estimation_iterations': 12, 'bagging_temperature': 1.9092594017302582, 'colsample_bylevel': 0.9561025750459279}. Best is trial 12 with value: 0.023003899519454.\u001b[0m\n",
            "\u001b[32m[I 2022-02-27 10:17:54,568]\u001b[0m Trial 37 finished with value: 0.032080235273876614 and parameters: {'iterations': 23407, 'od_wait': 897, 'learning_rate': 0.5231211576793621, 'reg_lambda': 38.391791610792325, 'subsample': 0.5618522734542202, 'random_strength': 12.997778307708977, 'depth': 9, 'min_data_in_leaf': 7, 'leaf_estimation_iterations': 15, 'bagging_temperature': 0.3924571671215882, 'colsample_bylevel': 0.7697812707708138}. Best is trial 12 with value: 0.023003899519454.\u001b[0m\n",
            "\u001b[32m[I 2022-02-27 10:17:54,655]\u001b[0m Trial 38 finished with value: 0.028327446601182315 and parameters: {'iterations': 9971, 'od_wait': 1019, 'learning_rate': 0.6780487162954116, 'reg_lambda': 63.82946648974321, 'subsample': 0.4493785521896717, 'random_strength': 10.039201105365455, 'depth': 4, 'min_data_in_leaf': 5, 'leaf_estimation_iterations': 9, 'bagging_temperature': 0.0809990675027473, 'colsample_bylevel': 0.8363352553394234}. Best is trial 12 with value: 0.023003899519454.\u001b[0m\n",
            "\u001b[32m[I 2022-02-27 10:17:54,793]\u001b[0m Trial 39 finished with value: 0.025192272652303036 and parameters: {'iterations': 24831, 'od_wait': 1658, 'learning_rate': 0.20146495280537913, 'reg_lambda': 75.84224788348203, 'subsample': 0.20621208335058172, 'random_strength': 22.872621275040295, 'depth': 3, 'min_data_in_leaf': 8, 'leaf_estimation_iterations': 14, 'bagging_temperature': 0.04178352959002525, 'colsample_bylevel': 0.9246307332617173}. Best is trial 12 with value: 0.023003899519454.\u001b[0m\n",
            "\u001b[32m[I 2022-02-27 10:17:54,876]\u001b[0m Trial 40 finished with value: 0.026929816590065714 and parameters: {'iterations': 14786, 'od_wait': 1458, 'learning_rate': 0.9343221948712345, 'reg_lambda': 20.231052029597087, 'subsample': 0.8104655434970897, 'random_strength': 38.2511431019597, 'depth': 2, 'min_data_in_leaf': 9, 'leaf_estimation_iterations': 7, 'bagging_temperature': 0.8955381010007718, 'colsample_bylevel': 0.6491894724458606}. Best is trial 12 with value: 0.023003899519454.\u001b[0m\n",
            "\u001b[32m[I 2022-02-27 10:17:55,011]\u001b[0m Trial 41 finished with value: 0.023621923463902125 and parameters: {'iterations': 12273, 'od_wait': 1166, 'learning_rate': 0.6058150197298239, 'reg_lambda': 33.86851867877555, 'subsample': 0.6661704749119808, 'random_strength': 18.660502385687312, 'depth': 2, 'min_data_in_leaf': 9, 'leaf_estimation_iterations': 10, 'bagging_temperature': 88.79573886473459, 'colsample_bylevel': 0.8899771409298721}. Best is trial 12 with value: 0.023003899519454.\u001b[0m\n",
