            "\u001b[32m[I 2022-02-27 13:48:58,284]\u001b[0m Trial 0 finished with value: 0.016626522700333053 and parameters: {'iterations': 21374, 'od_wait': 1882, 'learning_rate': 0.6068731198447376, 'reg_lambda': 82.97154136830311, 'random_strength': 38.25212665337125, 'depth': 6, 'min_data_in_leaf': 1, 'leaf_estimation_iterations': 1, 'bagging_temperature': 3.4904975231837323, 'colsample_bylevel': 0.543996221491103}. Best is trial 0 with value: 0.016626522700333053.\u001b[0m\n",
            "\u001b[32m[I 2022-02-27 13:49:05,679]\u001b[0m Trial 1 finished with value: 0.017626168039410858 and parameters: {'iterations': 5888, 'od_wait': 822, 'learning_rate': 0.03277849574005869, 'reg_lambda': 43.665315460237245, 'random_strength': 12.439469431807701, 'depth': 10, 'min_data_in_leaf': 9, 'leaf_estimation_iterations': 6, 'bagging_temperature': 6.816660839355558, 'colsample_bylevel': 0.974949287909908}. Best is trial 0 with value: 0.016626522700333053.\u001b[0m\n",
            "\u001b[32m[I 2022-02-27 13:49:05,758]\u001b[0m Trial 2 finished with value: 0.02040856149174489 and parameters: {'iterations': 5620, 'od_wait': 626, 'learning_rate': 0.594379330283928, 'reg_lambda': 27.90836314827558, 'random_strength': 36.00732014207277, 'depth': 6, 'min_data_in_leaf': 1, 'leaf_estimation_iterations': 8, 'bagging_temperature': 1.3903911000859288, 'colsample_bylevel': 0.5356965296053124}. Best is trial 0 with value: 0.016626522700333053.\u001b[0m\n",
            "\u001b[32m[I 2022-02-27 13:49:05,825]\u001b[0m Trial 3 finished with value: 0.01820000485730593 and parameters: {'iterations': 24919, 'od_wait': 2105, 'learning_rate': 0.5244264290473706, 'reg_lambda': 11.306601910082259, 'random_strength': 47.29112423685444, 'depth': 4, 'min_data_in_leaf': 1, 'leaf_estimation_iterations': 3, 'bagging_temperature': 0.053843335106367234, 'colsample_bylevel': 0.47298006176425367}. Best is trial 0 with value: 0.016626522700333053.\u001b[0m\n",
            "\u001b[32m[I 2022-02-27 13:49:06,017]\u001b[0m Trial 4 finished with value: 0.018538908687520984 and parameters: {'iterations': 7478, 'od_wait': 663, 'learning_rate': 0.5224215957994093, 'reg_lambda': 84.18312829006382, 'random_strength': 23.689348107858677, 'depth': 8, 'min_data_in_leaf': 8, 'leaf_estimation_iterations': 13, 'bagging_temperature': 0.05180533881351182, 'colsample_bylevel': 0.626037184328122}. Best is trial 0 with value: 0.016626522700333053.\u001b[0m\n",
            "\u001b[32m[I 2022-02-27 13:49:06,098]\u001b[0m Trial 5 finished with value: 0.01669958675981775 and parameters: {'iterations': 17196, 'od_wait': 738, 'learning_rate': 0.5970414778789722, 'reg_lambda': 87.87944014493655, 'random_strength': 17.971370170333717, 'depth': 1, 'min_data_in_leaf': 6, 'leaf_estimation_iterations': 13, 'bagging_temperature': 6.354983269770539, 'colsample_bylevel': 0.4265405924500167}. Best is trial 0 with value: 0.016626522700333053.\u001b[0m\n",
            "\u001b[32m[I 2022-02-27 13:49:06,170]\u001b[0m Trial 6 finished with value: 0.020352935341318077 and parameters: {'iterations': 19674, 'od_wait': 1703, 'learning_rate': 0.5434767551313676, 'reg_lambda': 28.593776271359143, 'random_strength': 45.89395191999417, 'depth': 6, 'min_data_in_leaf': 2, 'leaf_estimation_iterations': 11, 'bagging_temperature': 0.3837072435444215, 'colsample_bylevel': 0.6239133378303777}. Best is trial 0 with value: 0.016626522700333053.\u001b[0m\n",
            "\u001b[32m[I 2022-02-27 13:49:06,316]\u001b[0m Trial 7 finished with value: 0.016881570592173212 and parameters: {'iterations': 9434, 'od_wait': 2233, 'learning_rate': 0.535990791242641, 'reg_lambda': 46.285918617482665, 'random_strength': 10.605130641955629, 'depth': 6, 'min_data_in_leaf': 8, 'leaf_estimation_iterations': 1, 'bagging_temperature': 0.026313266310291697, 'colsample_bylevel': 0.946249140866567}. Best is trial 0 with value: 0.016626522700333053.\u001b[0m\n",
            "\u001b[32m[I 2022-02-27 13:49:08,442]\u001b[0m Trial 8 finished with value: 0.019091351889070414 and parameters: {'iterations': 6264, 'od_wait': 1457, 'learning_rate': 0.1665181332004081, 'reg_lambda': 79.06499124911927, 'random_strength': 29.7679694070233, 'depth': 10, 'min_data_in_leaf': 7, 'leaf_estimation_iterations': 14, 'bagging_temperature': 0.010325402553987317, 'colsample_bylevel': 0.9438154065845299}. Best is trial 0 with value: 0.016626522700333053.\u001b[0m\n",
            "\u001b[32m[I 2022-02-27 13:49:08,790]\u001b[0m Trial 9 finished with value: 0.025575820727075208 and parameters: {'iterations': 12995, 'od_wait': 978, 'learning_rate': 0.984426750901733, 'reg_lambda': 94.82954271552526, 'random_strength': 32.03420684846944, 'depth': 10, 'min_data_in_leaf': 3, 'leaf_estimation_iterations': 13, 'bagging_temperature': 0.10136744612910262, 'colsample_bylevel': 0.8712267464095018}. Best is trial 0 with value: 0.016626522700333053.\u001b[0m\n",
            "\u001b[32m[I 2022-02-27 13:49:08,876]\u001b[0m Trial 10 finished with value: 0.018362939308315868 and parameters: {'iterations': 23351, 'od_wait': 1853, 'learning_rate': 0.8485653822003676, 'reg_lambda': 69.4565598126508, 'random_strength': 40.9233860103235, 'depth': 2, 'min_data_in_leaf': 5, 'leaf_estimation_iterations': 5, 'bagging_temperature': 64.03700886161938, 'colsample_bylevel': 0.7502933500789553}. Best is trial 0 with value: 0.016626522700333053.\u001b[0m\n",
            "\u001b[32m[I 2022-02-27 13:49:09,076]\u001b[0m Trial 11 finished with value: 0.016414304325888193 and parameters: {'iterations': 18179, 'od_wait': 1161, 'learning_rate': 0.3316692490879011, 'reg_lambda': 63.55028810627965, 'random_strength': 20.641473624018282, 'depth': 1, 'min_data_in_leaf': 5, 'leaf_estimation_iterations': 10, 'bagging_temperature': 7.734471677268769, 'colsample_bylevel': 0.4123521275690191}. Best is trial 11 with value: 0.016414304325888193.\u001b[0m\n",
            "\u001b[32m[I 2022-02-27 13:49:09,299]\u001b[0m Trial 12 finished with value: 0.01608641459299568 and parameters: {'iterations': 19899, 'od_wait': 1197, 'learning_rate': 0.29328502066146644, 'reg_lambda': 62.143483472330516, 'random_strength': 20.35813158255641, 'depth': 4, 'min_data_in_leaf': 4, 'leaf_estimation_iterations': 9, 'bagging_temperature': 15.89498508414331, 'colsample_bylevel': 0.5385741414770111}. Best is trial 12 with value: 0.01608641459299568.\u001b[0m\n",
            "\u001b[32m[I 2022-02-27 13:49:09,407]\u001b[0m Trial 13 finished with value: 0.01593076338298366 and parameters: {'iterations': 15450, 'od_wait': 1161, 'learning_rate': 0.3203154606005674, 'reg_lambda': 60.31761542960539, 'random_strength': 22.350690203893844, 'depth': 3, 'min_data_in_leaf': 4, 'leaf_estimation_iterations': 10, 'bagging_temperature': 55.206229597192, 'colsample_bylevel': 0.40944293998188336}. Best is trial 13 with value: 0.01593076338298366.\u001b[0m\n",
            "\u001b[32m[I 2022-02-27 13:49:09,520]\u001b[0m Trial 14 finished with value: 0.0176181521029709 and parameters: {'iterations': 14051, 'od_wait': 1334, 'learning_rate': 0.33185709187462764, 'reg_lambda': 59.99524796644871, 'random_strength': 26.199139401869274, 'depth': 4, 'min_data_in_leaf': 4, 'leaf_estimation_iterations': 9, 'bagging_temperature': 96.51495752218709, 'colsample_bylevel': 0.5005308917208515}. Best is trial 13 with value: 0.01593076338298366.\u001b[0m\n",
            "\u001b[32m[I 2022-02-27 13:49:09,644]\u001b[0m Trial 15 finished with value: 0.01692543969266467 and parameters: {'iterations': 15485, 'od_wait': 1121, 'learning_rate': 0.3204471067898206, 'reg_lambda': 53.885038946737325, 'random_strength': 17.41332543143911, 'depth': 4, 'min_data_in_leaf': 3, 'leaf_estimation_iterations': 7, 'bagging_temperature': 25.957380519089877, 'colsample_bylevel': 0.6332368478674701}. Best is trial 13 with value: 0.01593076338298366.\u001b[0m\n",
            "\u001b[32m[I 2022-02-27 13:49:09,844]\u001b[0m Trial 16 finished with value: 0.016032406460210303 and parameters: {'iterations': 11216, 'od_wait': 1394, 'learning_rate': 0.17192465948714516, 'reg_lambda': 36.148596024860474, 'random_strength': 26.1868786794228, 'depth': 2, 'min_data_in_leaf': 4, 'leaf_estimation_iterations': 11, 'bagging_temperature': 22.413787162220576, 'colsample_bylevel': 0.6911639732884834}. Best is trial 13 with value: 0.01593076338298366.\u001b[0m\n",
            "\u001b[32m[I 2022-02-27 13:49:10,565]\u001b[0m Trial 17 finished with value: 0.01612025265890639 and parameters: {'iterations': 11266, 'od_wait': 1484, 'learning_rate': 0.021655052162414812, 'reg_lambda': 32.86970470421347, 'random_strength': 27.77372780077316, 'depth': 2, 'min_data_in_leaf': 6, 'leaf_estimation_iterations': 11, 'bagging_temperature': 32.356946546319875, 'colsample_bylevel': 0.7629554799542229}. Best is trial 13 with value: 0.01593076338298366.\u001b[0m\n",
            "\u001b[32m[I 2022-02-27 13:49:10,719]\u001b[0m Trial 18 finished with value: 0.016529111091864213 and parameters: {'iterations': 10939, 'od_wait': 1547, 'learning_rate': 0.18071483792849735, 'reg_lambda': 4.706474273366162, 'random_strength': 33.3347880256084, 'depth': 3, 'min_data_in_leaf': 10, 'leaf_estimation_iterations': 15, 'bagging_temperature': 1.3335006259935893, 'colsample_bylevel': 0.8306694944834411}. Best is trial 13 with value: 0.01593076338298366.\u001b[0m\n",
            "\u001b[32m[I 2022-02-27 13:49:10,928]\u001b[0m Trial 19 finished with value: 0.015699815222542008 and parameters: {'iterations': 15964, 'od_wait': 1032, 'learning_rate': 0.18651591982039273, 'reg_lambda': 37.69257141388408, 'random_strength': 23.818658921797994, 'depth': 2, 'min_data_in_leaf': 3, 'leaf_estimation_iterations': 11, 'bagging_temperature': 0.3749903221846464, 'colsample_bylevel': 0.7169368232926521}. Best is trial 19 with value: 0.015699815222542008.\u001b[0m\n",
            "\u001b[32m[I 2022-02-27 13:49:11,045]\u001b[0m Trial 20 finished with value: 0.0168865579363601 and parameters: {'iterations': 16242, 'od_wait': 939, 'learning_rate': 0.41230193522078057, 'reg_lambda': 17.47062351015905, 'random_strength': 15.423763369103337, 'depth': 3, 'min_data_in_leaf': 3, 'leaf_estimation_iterations': 4, 'bagging_temperature': 0.3169219093773743, 'colsample_bylevel': 0.8322745469278454}. Best is trial 19 with value: 0.015699815222542008.\u001b[0m\n",
            "\u001b[32m[I 2022-02-27 13:49:11,250]\u001b[0m Trial 21 finished with value: 0.01551220661402284 and parameters: {'iterations': 13115, 'od_wait': 1292, 'learning_rate': 0.15871681214076272, 'reg_lambda': 38.201941404921186, 'random_strength': 24.315545468829264, 'depth': 2, 'min_data_in_leaf': 4, 'leaf_estimation_iterations': 11, 'bagging_temperature': 0.3277804584148166, 'colsample_bylevel': 0.6948907455172686}. Best is trial 21 with value: 0.01551220661402284.\u001b[0m\n",
            "\u001b[32m[I 2022-02-27 13:49:11,507]\u001b[0m Trial 22 finished with value: 0.015729194676027566 and parameters: {'iterations': 13553, 'od_wait': 996, 'learning_rate': 0.11314245858533417, 'reg_lambda': 39.556320472901696, 'random_strength': 22.967743391746257, 'depth': 3, 'min_data_in_leaf': 2, 'leaf_estimation_iterations': 12, 'bagging_temperature': 0.3818226916239124, 'colsample_bylevel': 0.6891520406631737}. Best is trial 21 with value: 0.01551220661402284.\u001b[0m\n",
            "\u001b[32m[I 2022-02-27 13:49:11,828]\u001b[0m Trial 23 finished with value: 0.016319425083847452 and parameters: {'iterations': 13762, 'od_wait': 948, 'learning_rate': 0.09804181718896661, 'reg_lambda': 19.32671737065033, 'random_strength': 24.227748958991636, 'depth': 1, 'min_data_in_leaf': 2, 'leaf_estimation_iterations': 12, 'bagging_temperature': 0.43399854698950097, 'colsample_bylevel': 0.7412824931989367}. Best is trial 21 with value: 0.01551220661402284.\u001b[0m\n",
            "\u001b[32m[I 2022-02-27 13:49:12,020]\u001b[0m Trial 24 finished with value: 0.015798355126249358 and parameters: {'iterations': 8676, 'od_wait': 1270, 'learning_rate': 0.23696763546185054, 'reg_lambda': 39.160761613228765, 'random_strength': 30.11711099670063, 'depth': 2, 'min_data_in_leaf': 2, 'leaf_estimation_iterations': 15, 'bagging_temperature': 0.16301634834422446, 'colsample_bylevel': 0.6890513559902445}. Best is trial 21 with value: 0.01551220661402284.\u001b[0m\n",
            "\u001b[32m[I 2022-02-27 13:49:12,401]\u001b[0m Trial 25 finished with value: 0.0160680324007233 and parameters: {'iterations': 12399, 'od_wait': 529, 'learning_rate': 0.08976606992315686, 'reg_lambda': 50.36007704085775, 'random_strength': 15.228096245290534, 'depth': 5, 'min_data_in_leaf': 3, 'leaf_estimation_iterations': 12, 'bagging_temperature': 0.6168478990681078, 'colsample_bylevel': 0.6616386318883267}. Best is trial 21 with value: 0.01551220661402284.\u001b[0m\n",
            "\u001b[32m[I 2022-02-27 13:49:12,482]\u001b[0m Trial 26 finished with value: 0.017124810203599086 and parameters: {'iterations': 18547, 'od_wait': 1026, 'learning_rate': 0.4208906168430474, 'reg_lambda': 24.921577714947997, 'random_strength': 19.448559093891845, 'depth': 3, 'min_data_in_leaf': 2, 'leaf_estimation_iterations': 9, 'bagging_temperature': 0.2167974603252403, 'colsample_bylevel': 0.5957781997005005}. Best is trial 21 with value: 0.01551220661402284.\u001b[0m\n",
            "\u001b[32m[I 2022-02-27 13:49:12,682]\u001b[0m Trial 27 finished with value: 0.016384770808204576 and parameters: {'iterations': 15053, 'od_wait': 843, 'learning_rate': 0.10205330893986078, 'reg_lambda': 41.998491313585205, 'random_strength': 23.473306157059547, 'depth': 5, 'min_data_in_leaf': 5, 'leaf_estimation_iterations': 8, 'bagging_temperature': 0.8466955825582774, 'colsample_bylevel': 0.8003077276596408}. Best is trial 21 with value: 0.01551220661402284.\u001b[0m\n",
            "\u001b[32m[I 2022-02-27 13:49:12,915]\u001b[0m Trial 28 finished with value: 0.016231834850998328 and parameters: {'iterations': 16768, 'od_wait': 1632, 'learning_rate': 0.23046430481263736, 'reg_lambda': 51.26007713359049, 'random_strength': 28.500269735443112, 'depth': 1, 'min_data_in_leaf': 3, 'leaf_estimation_iterations': 12, 'bagging_temperature': 1.8077163271723378, 'colsample_bylevel': 0.717948125725236}. Best is trial 21 with value: 0.01551220661402284.\u001b[0m\n",
            "\u001b[32m[I 2022-02-27 13:49:13,073]\u001b[0m Trial 29 finished with value: 0.022099102247402896 and parameters: {'iterations': 21203, 'od_wait': 1057, 'learning_rate': 0.7537712838350686, 'reg_lambda': 34.510703292553615, 'random_strength': 36.47982399571081, 'depth': 8, 'min_data_in_leaf': 1, 'leaf_estimation_iterations': 14, 'bagging_temperature': 2.9026803672573855, 'colsample_bylevel': 0.5843384968055765}. Best is trial 21 with value: 0.01551220661402284.\u001b[0m\n",
            "\u001b[32m[I 2022-02-27 13:49:13,203]\u001b[0m Trial 30 finished with value: 0.016429891893883566 and parameters: {'iterations': 12448, 'od_wait': 1316, 'learning_rate': 0.4074761187829231, 'reg_lambda': 20.525963142887235, 'random_strength': 40.49030039258156, 'depth': 2, 'min_data_in_leaf': 2, 'leaf_estimation_iterations': 10, 'bagging_temperature': 0.11162136578781297, 'colsample_bylevel': 0.7828894479464892}. Best is trial 21 with value: 0.01551220661402284.\u001b[0m\n",
            "\u001b[32m[I 2022-02-27 13:49:13,438]\u001b[0m Trial 31 finished with value: 0.01645441457732805 and parameters: {'iterations': 9124, 'od_wait': 1292, 'learning_rate': 0.2385221651708788, 'reg_lambda': 37.636893937606494, 'random_strength': 31.694651223584238, 'depth': 2, 'min_data_in_leaf': 2, 'leaf_estimation_iterations': 15, 'bagging_temperature': 0.1805299393428575, 'colsample_bylevel': 0.6743662540410825}. Best is trial 21 with value: 0.01551220661402284.\u001b[0m\n",
            "\u001b[32m[I 2022-02-27 13:49:18,321]\u001b[0m Trial 32 finished with value: 0.016344014409731284 and parameters: {'iterations': 8097, 'od_wait': 841, 'learning_rate': 0.0021717140351797115, 'reg_lambda': 42.443299630064466, 'random_strength': 25.389259730877953, 'depth': 3, 'min_data_in_leaf': 1, 'leaf_estimation_iterations': 14, 'bagging_temperature': 0.11377962351850415, 'colsample_bylevel': 0.7003186144412314}. Best is trial 21 with value: 0.01551220661402284.\u001b[0m\n",
            "\u001b[32m[I 2022-02-27 13:49:18,546]\u001b[0m Trial 33 finished with value: 0.015711969107463055 and parameters: {'iterations': 4245, 'od_wait': 1248, 'learning_rate': 0.11300139737005224, 'reg_lambda': 39.49972188049276, 'random_strength': 34.39585336033548, 'depth': 2, 'min_data_in_leaf': 4, 'leaf_estimation_iterations': 15, 'bagging_temperature': 0.7358449649010537, 'colsample_bylevel': 0.7242556643810002}. Best is trial 21 with value: 0.01551220661402284.\u001b[0m\n",
            "\u001b[32m[I 2022-02-27 13:49:18,954]\u001b[0m Trial 34 finished with value: 0.016763681596636378 and parameters: {'iterations': 4933, 'od_wait': 1217, 'learning_rate': 0.07600267821916984, 'reg_lambda': 29.43293414452703, 'random_strength': 33.50836512626017, 'depth': 1, 'min_data_in_leaf': 4, 'leaf_estimation_iterations': 7, 'bagging_temperature': 0.7260549606557182, 'colsample_bylevel': 0.7279697702665494}. Best is trial 21 with value: 0.01551220661402284.\u001b[0m\n",
            "\u001b[32m[I 2022-02-27 13:49:19,225]\u001b[0m Trial 35 finished with value: 0.016391908806065506 and parameters: {'iterations': 4354, 'od_wait': 1081, 'learning_rate': 0.13574542983140686, 'reg_lambda': 47.26125435255278, 'random_strength': 36.373489496927874, 'depth': 3, 'min_data_in_leaf': 5, 'leaf_estimation_iterations': 12, 'bagging_temperature': 2.1970824360377708, 'colsample_bylevel': 0.6513801007567057}. Best is trial 21 with value: 0.01551220661402284.\u001b[0m\n",
            "\u001b[32m[I 2022-02-27 13:49:19,732]\u001b[0m Trial 36 finished with value: 0.01693814904764874 and parameters: {'iterations': 6799, 'od_wait': 784, 'learning_rate': 0.07046096874681469, 'reg_lambda': 12.834676628822432, 'random_strength': 21.96681637478273, 'depth': 7, 'min_data_in_leaf': 6, 'leaf_estimation_iterations': 13, 'bagging_temperature': 0.051228416658619484, 'colsample_bylevel': 0.8101181357316438}. Best is trial 21 with value: 0.01551220661402284.\u001b[0m\n",
            "\u001b[32m[I 2022-02-27 13:49:19,825]\u001b[0m Trial 37 finished with value: 0.02046778074787493 and parameters: {'iterations': 17417, 'od_wait': 891, 'learning_rate': 0.6682200531677588, 'reg_lambda': 56.356725712315836, 'random_strength': 39.62375958235275, 'depth': 5, 'min_data_in_leaf': 3, 'leaf_estimation_iterations': 11, 'bagging_temperature': 1.1534133260493622, 'colsample_bylevel': 0.5931858649820041}. Best is trial 21 with value: 0.01551220661402284.\u001b[0m\n",
            "\u001b[32m[I 2022-02-27 13:49:19,954]\u001b[0m Trial 38 finished with value: 0.015905402893233493 and parameters: {'iterations': 10209, 'od_wait': 658, 'learning_rate': 0.20891625454321416, 'reg_lambda': 25.151280459089342, 'random_strength': 14.231442991570631, 'depth': 2, 'min_data_in_leaf': 4, 'leaf_estimation_iterations': 14, 'bagging_temperature': 4.289160109057674, 'colsample_bylevel': 0.8561340226179905}. Best is trial 21 with value: 0.01551220661402284.\u001b[0m\n",
            "\u001b[32m[I 2022-02-27 13:49:20,154]\u001b[0m Trial 39 finished with value: 0.015708784798339304 and parameters: {'iterations': 13658, 'od_wait': 1793, 'learning_rate': 0.13971555911686057, 'reg_lambda': 31.433537177909006, 'random_strength': 27.58977636227402, 'depth': 4, 'min_data_in_leaf': 7, 'leaf_estimation_iterations': 13, 'bagging_temperature': 0.464633441189306, 'colsample_bylevel': 0.888967005842534}. Best is trial 21 with value: 0.01551220661402284.\u001b[0m\n",
            "\u001b[32m[I 2022-02-27 13:49:20,341]\u001b[0m Trial 40 finished with value: 0.01695554468743724 and parameters: {'iterations': 21877, 'od_wait': 1899, 'learning_rate': 0.2665152337186169, 'reg_lambda': 2.07124516541289, 'random_strength': 43.60940228947878, 'depth': 4, 'min_data_in_leaf': 7, 'leaf_estimation_iterations': 13, 'bagging_temperature': 0.27564922442389944, 'colsample_bylevel': 0.9412696169406478}. Best is trial 21 with value: 0.01551220661402284.\u001b[0m\n",
            "\u001b[32m[I 2022-02-27 13:49:20,554]\u001b[0m Trial 41 finished with value: 0.015839740373018555 and parameters: {'iterations': 13348, 'od_wait': 1777, 'learning_rate': 0.13649882942886787, 'reg_lambda': 31.86529434505154, 'random_strength': 27.515311542068062, 'depth': 4, 'min_data_in_leaf': 8, 'leaf_estimation_iterations': 13, 'bagging_temperature': 0.49931881377053616, 'colsample_bylevel': 0.8993256114931195}. Best is trial 21 with value: 0.01551220661402284.\u001b[0m\n",
            "\u001b[32m[I 2022-02-27 13:49:20,978]\u001b[0m Trial 42 finished with value: 0.015679326094037084 and parameters: {'iterations': 14496, 'od_wait': 2016, 'learning_rate': 0.045807278152824385, 'reg_lambda': 43.74623791461572, 'random_strength': 30.712645111509776, 'depth': 3, 'min_data_in_leaf': 7, 'leaf_estimation_iterations': 14, 'bagging_temperature': 0.7885429969847512, 'colsample_bylevel': 0.9881878408062926}. Best is trial 21 with value: 0.01551220661402284.\u001b[0m\n",
            "\u001b[32m[I 2022-02-27 13:49:22,552]\u001b[0m Trial 43 finished with value: 0.016459278327110916 and parameters: {'iterations': 14685, 'od_wait': 2037, 'learning_rate': 0.021895188552083455, 'reg_lambda': 46.368815916848156, 'random_strength': 34.409260196319096, 'depth': 1, 'min_data_in_leaf': 7, 'leaf_estimation_iterations': 14, 'bagging_temperature': 0.8154708787462562, 'colsample_bylevel': 0.9045095800105476}. Best is trial 21 with value: 0.01551220661402284.\u001b[0m\n",
