            "\u001b[32m[I 2022-02-27 13:46:45,033]\u001b[0m Trial 99 finished with value: 0.023710785792754933 and parameters: {'iterations': 19571, 'od_wait': 2005, 'learning_rate': 0.7555022673167937, 'reg_lambda': 63.74725720055408, 'random_strength': 16.196190045584217, 'depth': 1, 'min_data_in_leaf': 2, 'leaf_estimation_iterations': 9, 'bagging_temperature': 44.13154877386848, 'colsample_bylevel': 0.6459494114870729}. Best is trial 63 with value: 0.02271319056422283.\u001b[0m\n"
          ]
        },
        {
          "output_type": "stream",
          "name": "stdout",
          "text": [
            "Best Trial: score 0.02271319056422283,\n",
            "params {'iterations': 23785, 'od_wait': 2176, 'learning_rate': 0.5432593285872475, 'reg_lambda': 96.05295974004618, 'random_strength': 43.582547119367625, 'depth': 2, 'min_data_in_leaf': 2, 'leaf_estimation_iterations': 10, 'bagging_temperature': 0.4681192420608618, 'colsample_bylevel': 0.6152152628973216}\n"
          ]
        }
      ]
    },
    {
      "cell_type": "code",
      "source": [
        "test_lunch_f = test_lunch[['본사정원수', '월', '일', '휴가비율', '출장비율', '야근비율', '재택비율', '식사가능비율', '일_초중말',\n",
        "       '요일', '평균기온', '일강수량', '밥_중식', '국_중식', '반찬1_중식', '쌀밥_중식', '반찬상위1_중식',\n",
        "        '상위반찬수_중식']].copy()"
      ],
      "metadata": {
        "id": "9FINdVcQz2wV"
      },
      "execution_count": 185,
      "outputs": []
    },
    {
      "cell_type": "code",
      "source": [
        "cb1 = CatBoostRegressor(iterations = 23785, \n",
        "                        od_wait = 2176, \n",
        "                        learning_rate = 0.5432593285872475, \n",
        "                        reg_lambda = 96.05295974004618, \n",
        "                        random_strength = 43.582547119367625, \n",
        "                        depth = 2, \n",
        "                        min_data_in_leaf = 2, \n",
        "                        leaf_estimation_iterations = 10, \n",
        "                        bagging_temperature = 0.4681192420608618, \n",
        "                        colsample_bylevel = 0.6152152628973216)"
      ],
      "metadata": {
        "id": "CY7ysSn_z4Fu"
      },
      "execution_count": 186,
      "outputs": []
    },
    {
      "cell_type": "code",
      "source": [
        "cb1.fit(train_lunch_f, lunch_target_ratio)\n",
        "\n",
        "pred_l = cb1.predict(test_lunch_f)\n",
        "\n",
        "sub['중식계'] = pred_l * test_lunch.reset_index(drop=True)['본사정원수']\n",
        "# sub.to_csv(\"./catboost_ratio.csv\", index=False)"
      ],
      "metadata": {
        "colab": {
          "base_uri": "https://localhost:8080/"
        },
        "id": "RIkmpO48zhef",
        "outputId": "5a7bf216-a8ce-4626-bdfe-d2b01179db99"
      },
      "execution_count": 187,
      "outputs": [
        {
          "output_type": "stream",
          "name": "stdout",
          "text": [
            "\u001b[1;30;43m스트리밍 출력 내용이 길어서 마지막 5000줄이 삭제되었습니다.\u001b[0m\n",
            "18785:\tlearn: 0.0000333\ttotal: 11.2s\tremaining: 2.99s\n",
            "18786:\tlearn: 0.0000333\ttotal: 11.2s\tremaining: 2.98s\n",
            "18787:\tlearn: 0.0000333\ttotal: 11.2s\tremaining: 2.98s\n",
            "18788:\tlearn: 0.0000333\ttotal: 11.2s\tremaining: 2.98s\n",
            "18789:\tlearn: 0.0000333\ttotal: 11.2s\tremaining: 2.98s\n",
            "18790:\tlearn: 0.0000333\ttotal: 11.2s\tremaining: 2.98s\n",
            "18791:\tlearn: 0.0000333\ttotal: 11.2s\tremaining: 2.98s\n",
            "18792:\tlearn: 0.0000333\ttotal: 11.2s\tremaining: 2.98s\n",
            "18793:\tlearn: 0.0000333\ttotal: 11.2s\tremaining: 2.98s\n",
            "18794:\tlearn: 0.0000333\ttotal: 11.2s\tremaining: 2.98s\n",
            "18795:\tlearn: 0.0000333\ttotal: 11.2s\tremaining: 2.98s\n",
            "18796:\tlearn: 0.0000333\ttotal: 11.2s\tremaining: 2.98s\n",
            "18797:\tlearn: 0.0000333\ttotal: 11.2s\tremaining: 2.98s\n",
            "18798:\tlearn: 0.0000332\ttotal: 11.2s\tremaining: 2.98s\n",
            "18799:\tlearn: 0.0000332\ttotal: 11.2s\tremaining: 2.98s\n",
            "18800:\tlearn: 0.0000332\ttotal: 11.2s\tremaining: 2.98s\n",
            "18801:\tlearn: 0.0000332\ttotal: 11.2s\tremaining: 2.98s\n",
            "18802:\tlearn: 0.0000332\ttotal: 11.2s\tremaining: 2.98s\n",
            "18803:\tlearn: 0.0000332\ttotal: 11.2s\tremaining: 2.98s\n",
            "18804:\tlearn: 0.0000332\ttotal: 11.2s\tremaining: 2.98s\n",
            "18805:\tlearn: 0.0000332\ttotal: 11.2s\tremaining: 2.97s\n",
            "18806:\tlearn: 0.0000332\ttotal: 11.2s\tremaining: 2.97s\n",
            "18807:\tlearn: 0.0000331\ttotal: 11.2s\tremaining: 2.97s\n",
            "18808:\tlearn: 0.0000331\ttotal: 11.2s\tremaining: 2.97s\n",
            "18809:\tlearn: 0.0000331\ttotal: 11.2s\tremaining: 2.97s\n",
            "18810:\tlearn: 0.0000331\ttotal: 11.2s\tremaining: 2.97s\n",
            "18811:\tlearn: 0.0000331\ttotal: 11.2s\tremaining: 2.97s\n",
            "18812:\tlearn: 0.0000331\ttotal: 11.2s\tremaining: 2.97s\n",
            "18813:\tlearn: 0.0000331\ttotal: 11.2s\tremaining: 2.97s\n",
            "18814:\tlearn: 0.0000331\ttotal: 11.2s\tremaining: 2.97s\n",
            "18815:\tlearn: 0.0000330\ttotal: 11.2s\tremaining: 2.97s\n",
            "18816:\tlearn: 0.0000330\ttotal: 11.2s\tremaining: 2.97s\n",
            "18817:\tlearn: 0.0000330\ttotal: 11.2s\tremaining: 2.97s\n",
            "18818:\tlearn: 0.0000330\ttotal: 11.2s\tremaining: 2.97s\n",
            "18819:\tlearn: 0.0000330\ttotal: 11.2s\tremaining: 2.96s\n",
            "18820:\tlearn: 0.0000330\ttotal: 11.2s\tremaining: 2.96s\n",
            "18821:\tlearn: 0.0000330\ttotal: 11.2s\tremaining: 2.96s\n",
            "18822:\tlearn: 0.0000330\ttotal: 11.2s\tremaining: 2.96s\n",
            "18823:\tlearn: 0.0000330\ttotal: 11.2s\tremaining: 2.96s\n",
            "18824:\tlearn: 0.0000330\ttotal: 11.2s\tremaining: 2.96s\n",
            "18825:\tlearn: 0.0000330\ttotal: 11.2s\tremaining: 2.96s\n",
            "18826:\tlearn: 0.0000330\ttotal: 11.2s\tremaining: 2.96s\n",
            "18827:\tlearn: 0.0000329\ttotal: 11.2s\tremaining: 2.96s\n",
            "18828:\tlearn: 0.0000329\ttotal: 11.2s\tremaining: 2.96s\n",
            "18829:\tlearn: 0.0000329\ttotal: 11.2s\tremaining: 2.96s\n",
            "18830:\tlearn: 0.0000329\ttotal: 11.2s\tremaining: 2.96s\n",
            "18831:\tlearn: 0.0000329\ttotal: 11.2s\tremaining: 2.96s\n",
            "18832:\tlearn: 0.0000329\ttotal: 11.2s\tremaining: 2.96s\n",
            "18833:\tlearn: 0.0000329\ttotal: 11.2s\tremaining: 2.96s\n",
            "18834:\tlearn: 0.0000329\ttotal: 11.3s\tremaining: 2.96s\n",
            "18835:\tlearn: 0.0000329\ttotal: 11.3s\tremaining: 2.96s\n",
            "18836:\tlearn: 0.0000328\ttotal: 11.3s\tremaining: 2.96s\n",
            "18837:\tlearn: 0.0000328\ttotal: 11.3s\tremaining: 2.95s\n",
            "18838:\tlearn: 0.0000328\ttotal: 11.3s\tremaining: 2.95s\n",
            "18839:\tlearn: 0.0000328\ttotal: 11.3s\tremaining: 2.95s\n",
            "18840:\tlearn: 0.0000328\ttotal: 11.3s\tremaining: 2.95s\n",
            "18841:\tlearn: 0.0000328\ttotal: 11.3s\tremaining: 2.95s\n",
            "18842:\tlearn: 0.0000328\ttotal: 11.3s\tremaining: 2.95s\n",
            "18843:\tlearn: 0.0000328\ttotal: 11.3s\tremaining: 2.95s\n",
            "18844:\tlearn: 0.0000328\ttotal: 11.3s\tremaining: 2.95s\n",
            "18845:\tlearn: 0.0000328\ttotal: 11.3s\tremaining: 2.95s\n",
            "18846:\tlearn: 0.0000328\ttotal: 11.3s\tremaining: 2.95s\n",
            "18847:\tlearn: 0.0000328\ttotal: 11.3s\tremaining: 2.95s\n",
            "18848:\tlearn: 0.0000328\ttotal: 11.3s\tremaining: 2.95s\n",
            "18849:\tlearn: 0.0000327\ttotal: 11.3s\tremaining: 2.95s\n",
            "18850:\tlearn: 0.0000327\ttotal: 11.3s\tremaining: 2.95s\n",
            "18851:\tlearn: 0.0000327\ttotal: 11.3s\tremaining: 2.95s\n",
            "18852:\tlearn: 0.0000327\ttotal: 11.3s\tremaining: 2.94s\n",
            "18853:\tlearn: 0.0000327\ttotal: 11.3s\tremaining: 2.94s\n",
            "18854:\tlearn: 0.0000327\ttotal: 11.3s\tremaining: 2.94s\n",
            "18855:\tlearn: 0.0000327\ttotal: 11.3s\tremaining: 2.94s\n",
            "18856:\tlearn: 0.0000327\ttotal: 11.3s\tremaining: 2.94s\n",
            "18857:\tlearn: 0.0000327\ttotal: 11.3s\tremaining: 2.94s\n",
            "18858:\tlearn: 0.0000327\ttotal: 11.3s\tremaining: 2.94s\n",
            "18859:\tlearn: 0.0000326\ttotal: 11.3s\tremaining: 2.94s\n",
            "18860:\tlearn: 0.0000326\ttotal: 11.3s\tremaining: 2.94s\n",
            "18861:\tlearn: 0.0000326\ttotal: 11.3s\tremaining: 2.94s\n",
            "18862:\tlearn: 0.0000326\ttotal: 11.3s\tremaining: 2.94s\n",
            "18863:\tlearn: 0.0000326\ttotal: 11.3s\tremaining: 2.94s\n",
            "18864:\tlearn: 0.0000326\ttotal: 11.3s\tremaining: 2.94s\n",
            "18865:\tlearn: 0.0000326\ttotal: 11.3s\tremaining: 2.94s\n",
            "18866:\tlearn: 0.0000326\ttotal: 11.3s\tremaining: 2.94s\n",
            "18867:\tlearn: 0.0000325\ttotal: 11.3s\tremaining: 2.94s\n",
            "18868:\tlearn: 0.0000325\ttotal: 11.3s\tremaining: 2.94s\n",
            "18869:\tlearn: 0.0000325\ttotal: 11.3s\tremaining: 2.94s\n",
            "18870:\tlearn: 0.0000325\ttotal: 11.3s\tremaining: 2.93s\n",
            "18871:\tlearn: 0.0000325\ttotal: 11.3s\tremaining: 2.93s\n",
            "18872:\tlearn: 0.0000325\ttotal: 11.3s\tremaining: 2.93s\n",
            "18873:\tlearn: 0.0000325\ttotal: 11.3s\tremaining: 2.93s\n",
            "18874:\tlearn: 0.0000325\ttotal: 11.3s\tremaining: 2.93s\n",
            "18875:\tlearn: 0.0000325\ttotal: 11.3s\tremaining: 2.93s\n",
            "18876:\tlearn: 0.0000325\ttotal: 11.3s\tremaining: 2.93s\n",
            "18877:\tlearn: 0.0000325\ttotal: 11.3s\tremaining: 2.93s\n",
            "18878:\tlearn: 0.0000325\ttotal: 11.3s\tremaining: 2.93s\n",
            "18879:\tlearn: 0.0000324\ttotal: 11.3s\tremaining: 2.93s\n",
            "18880:\tlearn: 0.0000324\ttotal: 11.3s\tremaining: 2.93s\n",
            "18881:\tlearn: 0.0000324\ttotal: 11.3s\tremaining: 2.93s\n",
            "18882:\tlearn: 0.0000324\ttotal: 11.3s\tremaining: 2.93s\n",
            "18883:\tlearn: 0.0000324\ttotal: 11.3s\tremaining: 2.93s\n",
            "18884:\tlearn: 0.0000324\ttotal: 11.3s\tremaining: 2.93s\n",
            "18885:\tlearn: 0.0000324\ttotal: 11.3s\tremaining: 2.92s\n",
            "18886:\tlearn: 0.0000324\ttotal: 11.3s\tremaining: 2.92s\n",
            "18887:\tlearn: 0.0000324\ttotal: 11.3s\tremaining: 2.92s\n",
            "18888:\tlearn: 0.0000324\ttotal: 11.3s\tremaining: 2.92s\n",
            "18889:\tlearn: 0.0000324\ttotal: 11.3s\tremaining: 2.92s\n",
            "18890:\tlearn: 0.0000324\ttotal: 11.3s\tremaining: 2.92s\n",
            "18891:\tlearn: 0.0000324\ttotal: 11.3s\tremaining: 2.92s\n",
            "18892:\tlearn: 0.0000324\ttotal: 11.3s\tremaining: 2.92s\n",
            "18893:\tlearn: 0.0000324\ttotal: 11.3s\tremaining: 2.92s\n",
            "18894:\tlearn: 0.0000323\ttotal: 11.3s\tremaining: 2.92s\n",
            "18895:\tlearn: 0.0000323\ttotal: 11.3s\tremaining: 2.92s\n",
            "18896:\tlearn: 0.0000323\ttotal: 11.3s\tremaining: 2.92s\n",
            "18897:\tlearn: 0.0000323\ttotal: 11.3s\tremaining: 2.92s\n",
            "18898:\tlearn: 0.0000323\ttotal: 11.3s\tremaining: 2.92s\n",
            "18899:\tlearn: 0.0000323\ttotal: 11.3s\tremaining: 2.92s\n",
            "18900:\tlearn: 0.0000323\ttotal: 11.3s\tremaining: 2.92s\n",
            "18901:\tlearn: 0.0000323\ttotal: 11.3s\tremaining: 2.92s\n",
            "18902:\tlearn: 0.0000323\ttotal: 11.3s\tremaining: 2.91s\n",
            "18903:\tlearn: 0.0000323\ttotal: 11.3s\tremaining: 2.91s\n",
            "18904:\tlearn: 0.0000323\ttotal: 11.3s\tremaining: 2.91s\n",
            "18905:\tlearn: 0.0000323\ttotal: 11.3s\tremaining: 2.91s\n",
            "18906:\tlearn: 0.0000322\ttotal: 11.3s\tremaining: 2.91s\n",
            "18907:\tlearn: 0.0000322\ttotal: 11.3s\tremaining: 2.91s\n",
            "18908:\tlearn: 0.0000322\ttotal: 11.3s\tremaining: 2.91s\n",
            "18909:\tlearn: 0.0000322\ttotal: 11.3s\tremaining: 2.91s\n",
            "18910:\tlearn: 0.0000322\ttotal: 11.3s\tremaining: 2.91s\n",
            "18911:\tlearn: 0.0000322\ttotal: 11.3s\tremaining: 2.91s\n",
            "18912:\tlearn: 0.0000322\ttotal: 11.3s\tremaining: 2.91s\n",
            "18913:\tlearn: 0.0000322\ttotal: 11.3s\tremaining: 2.91s\n",
            "18914:\tlearn: 0.0000322\ttotal: 11.3s\tremaining: 2.91s\n",
            "18915:\tlearn: 0.0000322\ttotal: 11.3s\tremaining: 2.91s\n",
            "18916:\tlearn: 0.0000322\ttotal: 11.3s\tremaining: 2.91s\n",
            "18917:\tlearn: 0.0000322\ttotal: 11.3s\tremaining: 2.9s\n",
            "18918:\tlearn: 0.0000321\ttotal: 11.3s\tremaining: 2.9s\n",
            "18919:\tlearn: 0.0000321\ttotal: 11.3s\tremaining: 2.9s\n",
            "18920:\tlearn: 0.0000321\ttotal: 11.3s\tremaining: 2.9s\n",
            "18921:\tlearn: 0.0000321\ttotal: 11.3s\tremaining: 2.9s\n",
            "18922:\tlearn: 0.0000321\ttotal: 11.3s\tremaining: 2.9s\n",
            "18923:\tlearn: 0.0000321\ttotal: 11.3s\tremaining: 2.9s\n",
            "18924:\tlearn: 0.0000321\ttotal: 11.3s\tremaining: 2.9s\n",
            "18925:\tlearn: 0.0000321\ttotal: 11.3s\tremaining: 2.9s\n",
            "18926:\tlearn: 0.0000321\ttotal: 11.3s\tremaining: 2.9s\n",
            "18927:\tlearn: 0.0000321\ttotal: 11.3s\tremaining: 2.9s\n",
            "18928:\tlearn: 0.0000321\ttotal: 11.3s\tremaining: 2.9s\n",
            "18929:\tlearn: 0.0000321\ttotal: 11.3s\tremaining: 2.9s\n",
            "18930:\tlearn: 0.0000320\ttotal: 11.3s\tremaining: 2.9s\n",
            "18931:\tlearn: 0.0000320\ttotal: 11.3s\tremaining: 2.9s\n",
            "18932:\tlearn: 0.0000320\ttotal: 11.3s\tremaining: 2.9s\n",
            "18933:\tlearn: 0.0000320\ttotal: 11.3s\tremaining: 2.9s\n",
            "18934:\tlearn: 0.0000320\ttotal: 11.3s\tremaining: 2.9s\n",
            "18935:\tlearn: 0.0000320\ttotal: 11.3s\tremaining: 2.89s\n",
            "18936:\tlearn: 0.0000320\ttotal: 11.3s\tremaining: 2.89s\n",
            "18937:\tlearn: 0.0000320\ttotal: 11.3s\tremaining: 2.89s\n",
            "18938:\tlearn: 0.0000320\ttotal: 11.3s\tremaining: 2.89s\n",
            "18939:\tlearn: 0.0000320\ttotal: 11.3s\tremaining: 2.89s\n",
            "18940:\tlearn: 0.0000320\ttotal: 11.3s\tremaining: 2.89s\n",
            "18941:\tlearn: 0.0000319\ttotal: 11.3s\tremaining: 2.89s\n",
            "18942:\tlearn: 0.0000319\ttotal: 11.3s\tremaining: 2.89s\n",
            "18943:\tlearn: 0.0000319\ttotal: 11.3s\tremaining: 2.89s\n",
            "18944:\tlearn: 0.0000319\ttotal: 11.3s\tremaining: 2.89s\n",
            "18945:\tlearn: 0.0000319\ttotal: 11.3s\tremaining: 2.89s\n",
            "18946:\tlearn: 0.0000319\ttotal: 11.3s\tremaining: 2.89s\n",
            "18947:\tlearn: 0.0000319\ttotal: 11.3s\tremaining: 2.89s\n",
            "18948:\tlearn: 0.0000319\ttotal: 11.3s\tremaining: 2.89s\n",
            "18949:\tlearn: 0.0000319\ttotal: 11.3s\tremaining: 2.89s\n",
            "18950:\tlearn: 0.0000319\ttotal: 11.3s\tremaining: 2.88s\n",
            "18951:\tlearn: 0.0000319\ttotal: 11.3s\tremaining: 2.88s\n",
            "18952:\tlearn: 0.0000319\ttotal: 11.3s\tremaining: 2.88s\n",
            "18953:\tlearn: 0.0000319\ttotal: 11.3s\tremaining: 2.88s\n",
            "18954:\tlearn: 0.0000318\ttotal: 11.3s\tremaining: 2.88s\n",
            "18955:\tlearn: 0.0000318\ttotal: 11.3s\tremaining: 2.88s\n",
            "18956:\tlearn: 0.0000318\ttotal: 11.3s\tremaining: 2.88s\n",
            "18957:\tlearn: 0.0000318\ttotal: 11.3s\tremaining: 2.88s\n",
            "18958:\tlearn: 0.0000318\ttotal: 11.3s\tremaining: 2.88s\n",
            "18959:\tlearn: 0.0000318\ttotal: 11.3s\tremaining: 2.88s\n",
            "18960:\tlearn: 0.0000318\ttotal: 11.3s\tremaining: 2.88s\n",
            "18961:\tlearn: 0.0000318\ttotal: 11.3s\tremaining: 2.88s\n",
            "18962:\tlearn: 0.0000318\ttotal: 11.3s\tremaining: 2.88s\n",
            "18963:\tlearn: 0.0000318\ttotal: 11.3s\tremaining: 2.88s\n",
            "18964:\tlearn: 0.0000318\ttotal: 11.3s\tremaining: 2.88s\n",
            "18965:\tlearn: 0.0000318\ttotal: 11.3s\tremaining: 2.88s\n",
            "18966:\tlearn: 0.0000318\ttotal: 11.3s\tremaining: 2.88s\n",
            "18967:\tlearn: 0.0000318\ttotal: 11.3s\tremaining: 2.88s\n",
            "18968:\tlearn: 0.0000317\ttotal: 11.3s\tremaining: 2.87s\n",
            "18969:\tlearn: 0.0000317\ttotal: 11.3s\tremaining: 2.87s\n",
            "18970:\tlearn: 0.0000317\ttotal: 11.3s\tremaining: 2.87s\n",
            "18971:\tlearn: 0.0000317\ttotal: 11.3s\tremaining: 2.87s\n",
            "18972:\tlearn: 0.0000317\ttotal: 11.3s\tremaining: 2.87s\n",
            "18973:\tlearn: 0.0000317\ttotal: 11.3s\tremaining: 2.87s\n",
            "18974:\tlearn: 0.0000317\ttotal: 11.3s\tremaining: 2.87s\n",
            "18975:\tlearn: 0.0000317\ttotal: 11.3s\tremaining: 2.87s\n",
            "18976:\tlearn: 0.0000317\ttotal: 11.3s\tremaining: 2.87s\n",
            "18977:\tlearn: 0.0000317\ttotal: 11.3s\tremaining: 2.87s\n",
            "18978:\tlearn: 0.0000317\ttotal: 11.3s\tremaining: 2.87s\n",
            "18979:\tlearn: 0.0000317\ttotal: 11.3s\tremaining: 2.87s\n",
            "18980:\tlearn: 0.0000317\ttotal: 11.3s\tremaining: 2.87s\n",
            "18981:\tlearn: 0.0000317\ttotal: 11.3s\tremaining: 2.87s\n",
            "18982:\tlearn: 0.0000317\ttotal: 11.3s\tremaining: 2.87s\n",
            "18983:\tlearn: 0.0000316\ttotal: 11.3s\tremaining: 2.87s\n",
            "18984:\tlearn: 0.0000316\ttotal: 11.3s\tremaining: 2.86s\n",
            "18985:\tlearn: 0.0000316\ttotal: 11.3s\tremaining: 2.86s\n",
            "18986:\tlearn: 0.0000316\ttotal: 11.3s\tremaining: 2.86s\n",
            "18987:\tlearn: 0.0000316\ttotal: 11.3s\tremaining: 2.86s\n",
            "18988:\tlearn: 0.0000316\ttotal: 11.3s\tremaining: 2.86s\n",
            "18989:\tlearn: 0.0000316\ttotal: 11.3s\tremaining: 2.86s\n",
            "18990:\tlearn: 0.0000316\ttotal: 11.3s\tremaining: 2.86s\n",
            "18991:\tlearn: 0.0000316\ttotal: 11.3s\tremaining: 2.86s\n",
            "18992:\tlearn: 0.0000316\ttotal: 11.3s\tremaining: 2.86s\n",
            "18993:\tlearn: 0.0000316\ttotal: 11.3s\tremaining: 2.86s\n",
            "18994:\tlearn: 0.0000315\ttotal: 11.3s\tremaining: 2.86s\n",
            "18995:\tlearn: 0.0000315\ttotal: 11.3s\tremaining: 2.86s\n",
            "18996:\tlearn: 0.0000315\ttotal: 11.3s\tremaining: 2.86s\n",
            "18997:\tlearn: 0.0000315\ttotal: 11.3s\tremaining: 2.86s\n",
            "18998:\tlearn: 0.0000315\ttotal: 11.3s\tremaining: 2.86s\n",
            "18999:\tlearn: 0.0000315\ttotal: 11.3s\tremaining: 2.85s\n",
            "19000:\tlearn: 0.0000315\ttotal: 11.3s\tremaining: 2.85s\n",
            "19001:\tlearn: 0.0000315\ttotal: 11.3s\tremaining: 2.85s\n",
            "19002:\tlearn: 0.0000315\ttotal: 11.3s\tremaining: 2.85s\n",
            "19003:\tlearn: 0.0000315\ttotal: 11.3s\tremaining: 2.85s\n",
            "19004:\tlearn: 0.0000315\ttotal: 11.3s\tremaining: 2.85s\n",
            "19005:\tlearn: 0.0000315\ttotal: 11.3s\tremaining: 2.85s\n",
            "19006:\tlearn: 0.0000315\ttotal: 11.3s\tremaining: 2.85s\n",
            "19007:\tlearn: 0.0000314\ttotal: 11.3s\tremaining: 2.85s\n",
            "19008:\tlearn: 0.0000314\ttotal: 11.3s\tremaining: 2.85s\n",
            "19009:\tlearn: 0.0000314\ttotal: 11.3s\tremaining: 2.85s\n",
            "19010:\tlearn: 0.0000314\ttotal: 11.3s\tremaining: 2.85s\n",
            "19011:\tlearn: 0.0000314\ttotal: 11.3s\tremaining: 2.85s\n",
            "19012:\tlearn: 0.0000314\ttotal: 11.3s\tremaining: 2.85s\n",
            "19013:\tlearn: 0.0000314\ttotal: 11.3s\tremaining: 2.85s\n",
            "19014:\tlearn: 0.0000314\ttotal: 11.3s\tremaining: 2.85s\n",
            "19015:\tlearn: 0.0000314\ttotal: 11.3s\tremaining: 2.85s\n",
            "19016:\tlearn: 0.0000314\ttotal: 11.3s\tremaining: 2.85s\n",
            "19017:\tlearn: 0.0000313\ttotal: 11.3s\tremaining: 2.84s\n",
            "19018:\tlearn: 0.0000313\ttotal: 11.3s\tremaining: 2.84s\n",
            "19019:\tlearn: 0.0000313\ttotal: 11.3s\tremaining: 2.84s\n",
            "19020:\tlearn: 0.0000313\ttotal: 11.3s\tremaining: 2.84s\n",
            "19021:\tlearn: 0.0000313\ttotal: 11.3s\tremaining: 2.84s\n",
            "19022:\tlearn: 0.0000313\ttotal: 11.4s\tremaining: 2.84s\n",
            "19023:\tlearn: 0.0000313\ttotal: 11.4s\tremaining: 2.84s\n",
            "19024:\tlearn: 0.0000313\ttotal: 11.4s\tremaining: 2.84s\n",
            "19025:\tlearn: 0.0000313\ttotal: 11.4s\tremaining: 2.84s\n",
            "19026:\tlearn: 0.0000313\ttotal: 11.4s\tremaining: 2.84s\n",
            "19027:\tlearn: 0.0000313\ttotal: 11.4s\tremaining: 2.84s\n",
            "19028:\tlearn: 0.0000313\ttotal: 11.4s\tremaining: 2.84s\n",
            "19029:\tlearn: 0.0000312\ttotal: 11.4s\tremaining: 2.84s\n",
            "19030:\tlearn: 0.0000312\ttotal: 11.4s\tremaining: 2.84s\n",
            "19031:\tlearn: 0.0000312\ttotal: 11.4s\tremaining: 2.84s\n",
            "19032:\tlearn: 0.0000312\ttotal: 11.4s\tremaining: 2.83s\n",
            "19033:\tlearn: 0.0000312\ttotal: 11.4s\tremaining: 2.83s\n",
            "19034:\tlearn: 0.0000312\ttotal: 11.4s\tremaining: 2.83s\n",
            "19035:\tlearn: 0.0000312\ttotal: 11.4s\tremaining: 2.83s\n",
            "19036:\tlearn: 0.0000312\ttotal: 11.4s\tremaining: 2.83s\n",
            "19037:\tlearn: 0.0000312\ttotal: 11.4s\tremaining: 2.83s\n",
            "19038:\tlearn: 0.0000312\ttotal: 11.4s\tremaining: 2.83s\n",
            "19039:\tlearn: 0.0000312\ttotal: 11.4s\tremaining: 2.83s\n",
            "19040:\tlearn: 0.0000311\ttotal: 11.4s\tremaining: 2.83s\n",
            "19041:\tlearn: 0.0000311\ttotal: 11.4s\