            "\u001b[32m[I 2022-02-27 13:46:15,528]\u001b[0m Trial 0 finished with value: 0.025097177884660503 and parameters: {'iterations': 9869, 'od_wait': 1307, 'learning_rate': 0.12979552983974416, 'reg_lambda': 78.67476881265057, 'random_strength': 23.367923455841748, 'depth': 6, 'min_data_in_leaf': 7, 'leaf_estimation_iterations': 12, 'bagging_temperature': 0.05971725229406313, 'colsample_bylevel': 0.9759565524695697}. Best is trial 0 with value: 0.025097177884660503.\u001b[0m\n",
            "\u001b[32m[I 2022-02-27 13:46:26,698]\u001b[0m Trial 1 finished with value: 0.0271036563896543 and parameters: {'iterations': 7168, 'od_wait': 881, 'learning_rate': 0.012471707512837438, 'reg_lambda': 75.58361489915922, 'random_strength': 32.61859381470461, 'depth': 9, 'min_data_in_leaf': 2, 'leaf_estimation_iterations': 9, 'bagging_temperature': 2.3429433464230547, 'colsample_bylevel': 0.7536865037359813}. Best is trial 0 with value: 0.025097177884660503.\u001b[0m\n",
            "\u001b[32m[I 2022-02-27 13:46:26,839]\u001b[0m Trial 2 finished with value: 0.03051676099709911 and parameters: {'iterations': 21164, 'od_wait': 1395, 'learning_rate': 0.5067569808802928, 'reg_lambda': 14.05704350461735, 'random_strength': 17.948490733727787, 'depth': 8, 'min_data_in_leaf': 10, 'leaf_estimation_iterations': 7, 'bagging_temperature': 49.436265555047555, 'colsample_bylevel': 0.8104063414185414}. Best is trial 0 with value: 0.025097177884660503.\u001b[0m\n",
            "\u001b[32m[I 2022-02-27 13:46:26,909]\u001b[0m Trial 3 finished with value: 0.026258445286576435 and parameters: {'iterations': 5199, 'od_wait': 1407, 'learning_rate': 0.5130663940026954, 'reg_lambda': 36.147307954397554, 'random_strength': 41.196629394788914, 'depth': 5, 'min_data_in_leaf': 9, 'leaf_estimation_iterations': 10, 'bagging_temperature': 2.5782500284928953, 'colsample_bylevel': 0.4359887925200487}. Best is trial 0 with value: 0.025097177884660503.\u001b[0m\n",
            "\u001b[32m[I 2022-02-27 13:46:27,269]\u001b[0m Trial 4 finished with value: 0.034000196389452855 and parameters: {'iterations': 21881, 'od_wait': 1274, 'learning_rate': 0.7336531735182962, 'reg_lambda': 64.44382686042414, 'random_strength': 31.443915955441778, 'depth': 9, 'min_data_in_leaf': 2, 'leaf_estimation_iterations': 6, 'bagging_temperature': 1.8207676078921613, 'colsample_bylevel': 0.410430934410855}. Best is trial 0 with value: 0.025097177884660503.\u001b[0m\n",
            "\u001b[32m[I 2022-02-27 13:46:28,144]\u001b[0m Trial 5 finished with value: 0.029432191149648908 and parameters: {'iterations': 17511, 'od_wait': 1371, 'learning_rate': 0.10314219840439286, 'reg_lambda': 20.02508663577265, 'random_strength': 42.25126095572169, 'depth': 9, 'min_data_in_leaf': 8, 'leaf_estimation_iterations': 11, 'bagging_temperature': 0.46734755933233374, 'colsample_bylevel': 0.9450739008096471}. Best is trial 0 with value: 0.025097177884660503.\u001b[0m\n",
            "\u001b[32m[I 2022-02-27 13:46:28,315]\u001b[0m Trial 6 finished with value: 0.023926445475754475 and parameters: {'iterations': 22719, 'od_wait': 2144, 'learning_rate': 0.38742862225700236, 'reg_lambda': 1.0430445672906337, 'random_strength': 30.3336481775479, 'depth': 1, 'min_data_in_leaf': 3, 'leaf_estimation_iterations': 11, 'bagging_temperature': 63.29576064504878, 'colsample_bylevel': 0.9077546855938966}. Best is trial 6 with value: 0.023926445475754475.\u001b[0m\n",
            "\u001b[32m[I 2022-02-27 13:46:30,279]\u001b[0m Trial 7 finished with value: 0.028503914308416502 and parameters: {'iterations': 7560, 'od_wait': 1861, 'learning_rate': 0.04964705306410436, 'reg_lambda': 29.904425387290704, 'random_strength': 39.44465926843161, 'depth': 10, 'min_data_in_leaf': 10, 'leaf_estimation_iterations': 6, 'bagging_temperature': 0.49602076088097735, 'colsample_bylevel': 0.8634473470778221}. Best is trial 6 with value: 0.023926445475754475.\u001b[0m\n",
            "\u001b[32m[I 2022-02-27 13:46:30,354]\u001b[0m Trial 8 finished with value: 0.02451302609353429 and parameters: {'iterations': 22652, 'od_wait': 1488, 'learning_rate': 0.6900952305139918, 'reg_lambda': 12.326057458512672, 'random_strength': 17.24757186084286, 'depth': 1, 'min_data_in_leaf': 5, 'leaf_estimation_iterations': 13, 'bagging_temperature': 0.3278515436651861, 'colsample_bylevel': 0.6498245730322098}. Best is trial 6 with value: 0.023926445475754475.\u001b[0m\n",
            "\u001b[32m[I 2022-02-27 13:46:30,883]\u001b[0m Trial 9 finished with value: 0.028571694530056802 and parameters: {'iterations': 11146, 'od_wait': 1382, 'learning_rate': 0.186910046958689, 'reg_lambda': 24.448782760158668, 'random_strength': 38.78027811230748, 'depth': 9, 'min_data_in_leaf': 4, 'leaf_estimation_iterations': 6, 'bagging_temperature': 45.82144410937443, 'colsample_bylevel': 0.9534527726982599}. Best is trial 6 with value: 0.023926445475754475.\u001b[0m\n",
            "\u001b[32m[I 2022-02-27 13:46:30,975]\u001b[0m Trial 10 finished with value: 0.024566611420399256 and parameters: {'iterations': 17408, 'od_wait': 2213, 'learning_rate': 0.9515018891335194, 'reg_lambda': 50.11168486403471, 'random_strength': 48.44907212712218, 'depth': 1, 'min_data_in_leaf': 4, 'leaf_estimation_iterations': 1, 'bagging_temperature': 10.14837384856135, 'colsample_bylevel': 0.6013998430593614}. Best is trial 6 with value: 0.023926445475754475.\u001b[0m\n",
            "\u001b[32m[I 2022-02-27 13:46:31,200]\u001b[0m Trial 11 finished with value: 0.024255293804522415 and parameters: {'iterations': 24716, 'od_wait': 2228, 'learning_rate': 0.33326056337876275, 'reg_lambda': 1.3604020942698654, 'random_strength': 11.938488340709464, 'depth': 1, 'min_data_in_leaf': 5, 'leaf_estimation_iterations': 15, 'bagging_temperature': 0.051537492042056, 'colsample_bylevel': 0.6322623363033385}. Best is trial 6 with value: 0.023926445475754475.\u001b[0m\n",
            "\u001b[32m[I 2022-02-27 13:46:31,315]\u001b[0m Trial 12 finished with value: 0.02476573798417756 and parameters: {'iterations': 24046, 'od_wait': 2236, 'learning_rate': 0.31803315736775556, 'reg_lambda': 1.1636662767595776, 'random_strength': 11.464855015559706, 'depth': 3, 'min_data_in_leaf': 1, 'leaf_estimation_iterations': 15, 'bagging_temperature': 0.011917559029093867, 'colsample_bylevel': 0.5555534064697549}. Best is trial 6 with value: 0.023926445475754475.\u001b[0m\n",
            "\u001b[32m[I 2022-02-27 13:46:31,438]\u001b[0m Trial 13 finished with value: 0.024987725005754816 and parameters: {'iterations': 18499, 'od_wait': 2020, 'learning_rate': 0.32862158446086304, 'reg_lambda': 96.05337400951834, 'random_strength': 25.274375939237043, 'depth': 3, 'min_data_in_leaf': 6, 'leaf_estimation_iterations': 15, 'bagging_temperature': 0.04996126737200697, 'colsample_bylevel': 0.6960471147160444}. Best is trial 6 with value: 0.023926445475754475.\u001b[0m\n",
            "\u001b[32m[I 2022-02-27 13:46:31,525]\u001b[0m Trial 14 finished with value: 0.024388248821451148 and parameters: {'iterations': 24986, 'od_wait': 1792, 'learning_rate': 0.33447857513868734, 'reg_lambda': 3.2402727799961912, 'random_strength': 11.441815249803167, 'depth': 3, 'min_data_in_leaf': 3, 'leaf_estimation_iterations': 13, 'bagging_temperature': 11.283215025264372, 'colsample_bylevel': 0.5225185937593682}. Best is trial 6 with value: 0.023926445475754475.\u001b[0m\n",
            "\u001b[32m[I 2022-02-27 13:46:31,643]\u001b[0m Trial 15 finished with value: 0.024893224937309884 and parameters: {'iterations': 15066, 'od_wait': 569, 'learning_rate': 0.6473743844143705, 'reg_lambda': 42.48906116620021, 'random_strength': 26.11137479432123, 'depth': 2, 'min_data_in_leaf': 5, 'leaf_estimation_iterations': 15, 'bagging_temperature': 0.09949466433511435, 'colsample_bylevel': 0.8689958812095421}. Best is trial 6 with value: 0.023926445475754475.\u001b[0m\n",
            "\u001b[32m[I 2022-02-27 13:46:31,746]\u001b[0m Trial 16 finished with value: 0.027526951807676392 and parameters: {'iterations': 20017, 'od_wait': 1797, 'learning_rate': 0.41349779261199715, 'reg_lambda': 1.3089652498845652, 'random_strength': 20.051963916939496, 'depth': 6, 'min_data_in_leaf': 6, 'leaf_estimation_iterations': 3, 'bagging_temperature': 0.01714004129861827, 'colsample_bylevel': 0.7242397085167096}. Best is trial 6 with value: 0.023926445475754475.\u001b[0m\n",
            "\u001b[32m[I 2022-02-27 13:46:31,886]\u001b[0m Trial 17 finished with value: 0.025958175293179692 and parameters: {'iterations': 13844, 'od_wait': 2026, 'learning_rate': 0.2225534891309997, 'reg_lambda': 50.551434640664716, 'random_strength': 34.4934842469532, 'depth': 4, 'min_data_in_leaf': 3, 'leaf_estimation_iterations': 13, 'bagging_temperature': 10.479780100269874, 'colsample_bylevel': 0.8137132369035899}. Best is trial 6 with value: 0.023926445475754475.\u001b[0m\n",
            "\u001b[32m[I 2022-02-27 13:46:32,020]\u001b[0m Trial 18 finished with value: 0.024839174262035704 and parameters: {'iterations': 23309, 'od_wait': 2291, 'learning_rate': 0.5678692305171783, 'reg_lambda': 12.886042051354822, 'random_strength': 28.7090930458825, 'depth': 1, 'min_data_in_leaf': 4, 'leaf_estimation_iterations': 10, 'bagging_temperature': 91.06684845994984, 'colsample_bylevel': 0.6497994173594722}. Best is trial 6 with value: 0.023926445475754475.\u001b[0m\n",
            "\u001b[32m[I 2022-02-27 13:46:32,113]\u001b[0m Trial 19 finished with value: 0.02606136539015995 and parameters: {'iterations': 19909, 'od_wait': 1630, 'learning_rate': 0.9325107165002047, 'reg_lambda': 23.96489843166233, 'random_strength': 49.71962773622663, 'depth': 2, 'min_data_in_leaf': 7, 'leaf_estimation_iterations': 12, 'bagging_temperature': 0.13305822637867154, 'colsample_bylevel': 0.5093019581115651}. Best is trial 6 with value: 0.023926445475754475.\u001b[0m\n",
            "\u001b[32m[I 2022-02-27 13:46:32,220]\u001b[0m Trial 20 finished with value: 0.028786399002076222 and parameters: {'iterations': 15540, 'od_wait': 2063, 'learning_rate': 0.8153228800862964, 'reg_lambda': 58.094267078668466, 'random_strength': 14.698892225344125, 'depth': 5, 'min_data_in_leaf': 1, 'leaf_estimation_iterations': 8, 'bagging_temperature': 0.037172469852347394, 'colsample_bylevel': 0.8930292979290846}. Best is trial 6 with value: 0.023926445475754475.\u001b[0m\n",
            "\u001b[32m[I 2022-02-27 13:46:32,319]\u001b[0m Trial 21 finished with value: 0.024224017255099504 and parameters: {'iterations': 24969, 'od_wait': 1792, 'learning_rate': 0.3768593363636414, 'reg_lambda': 0.13856897631929854, 'random_strength': 10.493287124493019, 'depth': 2, 'min_data_in_leaf': 3, 'leaf_estimation_iterations': 13, 'bagging_temperature': 14.541058011880622, 'colsample_bylevel': 0.5082344934272367}. Best is trial 6 with value: 0.023926445475754475.\u001b[0m\n",
            "\u001b[32m[I 2022-02-27 13:46:32,412]\u001b[0m Trial 22 finished with value: 0.025744117418139662 and parameters: {'iterations': 24642, 'od_wait': 1936, 'learning_rate': 0.41026946081630955, 'reg_lambda': 7.93005032871824, 'random_strength': 20.867551256541763, 'depth': 2, 'min_data_in_leaf': 3, 'leaf_estimation_iterations': 14, 'bagging_temperature': 22.46242408074901, 'colsample_bylevel': 0.46721757333107666}. Best is trial 6 with value: 0.023926445475754475.\u001b[0m\n",
            "\u001b[32m[I 2022-02-27 13:46:32,607]\u001b[0m Trial 23 finished with value: 0.02350123186614708 and parameters: {'iterations': 22598, 'od_wait': 2135, 'learning_rate': 0.2531240021687532, 'reg_lambda': 18.558310867002607, 'random_strength': 10.18407051179085, 'depth': 1, 'min_data_in_leaf': 2, 'leaf_estimation_iterations': 11, 'bagging_temperature': 6.314671742368705, 'colsample_bylevel': 0.5874929859029296}. Best is trial 23 with value: 0.02350123186614708.\u001b[0m\n",
            "\u001b[32m[I 2022-02-27 13:46:32,763]\u001b[0m Trial 24 finished with value: 0.02410513041323413 and parameters: {'iterations': 20769, 'od_wait': 1649, 'learning_rate': 0.43329444451547927, 'reg_lambda': 17.499699497128557, 'random_strength': 15.277070121703852, 'depth': 2, 'min_data_in_leaf': 2, 'leaf_estimation_iterations': 11, 'bagging_temperature': 4.923025926270425, 'colsample_bylevel': 0.5576723522941097}. Best is trial 23 with value: 0.02350123186614708.\u001b[0m\n",
            "\u001b[32m[I 2022-02-27 13:46:32,893]\u001b[0m Trial 25 finished with value: 0.024798928914746318 and parameters: {'iterations': 20378, 'od_wait': 1121, 'learning_rate': 0.21773668597843399, 'reg_lambda': 33.93699779832219, 'random_strength': 14.852113501807791, 'depth': 4, 'min_data_in_leaf': 2, 'leaf_estimation_iterations': 10, 'bagging_temperature': 4.277728040359008, 'colsample_bylevel': 0.5831607163353162}. Best is trial 23 with value: 0.02350123186614708.\u001b[0m\n",
            "\u001b[32m[I 2022-02-27 13:46:33,028]\u001b[0m Trial 26 finished with value: 0.02431306443924771 and parameters: {'iterations': 22447, 'od_wait': 1554, 'learning_rate': 0.5859393750338631, 'reg_lambda': 19.281488350432866, 'random_strength': 28.042969584138696, 'depth': 1, 'min_data_in_leaf': 1, 'leaf_estimation_iterations': 11, 'bagging_temperature': 6.403636212459335, 'colsample_bylevel': 0.7020515288607383}. Best is trial 23 with value: 0.02350123186614708.\u001b[0m\n",
            "\u001b[32m[I 2022-02-27 13:46:33,121]\u001b[0m Trial 27 finished with value: 0.02601316189545419 and parameters: {'iterations': 18199, 'od_wait': 2115, 'learning_rate': 0.45194305139482505, 'reg_lambda': 42.51399894421387, 'random_strength': 14.99783527896717, 'depth': 4, 'min_data_in_leaf': 2, 'leaf_estimation_iterations': 8, 'bagging_temperature': 26.372377367854188, 'colsample_bylevel': 0.5691906325875986}. Best is trial 23 with value: 0.02350123186614708.\u001b[0m\n",
            "\u001b[32m[I 2022-02-27 13:46:33,259]\u001b[0m Trial 28 finished with value: 0.025249057759771994 and parameters: {'iterations': 19213, 'od_wait': 1021, 'learning_rate': 0.26570388526480054, 'reg_lambda': 28.22794859541366, 'random_strength': 36.01598715924876, 'depth': 2, 'min_data_in_leaf': 1, 'leaf_estimation_iterations': 9, 'bagging_temperature': 1.2354082825685762, 'colsample_bylevel': 0.75453117983497}. Best is trial 23 with value: 0.02350123186614708.\u001b[0m\n",
            "\u001b[32m[I 2022-02-27 13:46:33,584]\u001b[0m Trial 29 finished with value: 0.02641733786001729 and parameters: {'iterations': 21513, 'od_wait': 1709, 'learning_rate': 0.138404216358852, 'reg_lambda': 9.046573026984781, 'random_strength': 22.537960362344805, 'depth': 7, 'min_data_in_leaf': 2, 'leaf_estimation_iterations': 12, 'bagging_temperature': 99.93453813382853, 'colsample_bylevel': 0.9920795571716232}. Best is trial 23 with value: 0.02350123186614708.\u001b[0m\n",
            "\u001b[32m[I 2022-02-27 13:46:33,670]\u001b[0m Trial 30 finished with value: 0.027175941642320713 and parameters: {'iterations': 12081, 'od_wait': 1924, 'learning_rate': 0.4669288600724291, 'reg_lambda': 18.044041111057737, 'random_strength': 25.659106621849403, 'depth': 3, 'min_data_in_leaf': 4, 'leaf_estimation_iterations': 11, 'bagging_temperature': 4.318867736618463, 'colsample_bylevel': 0.4734169908314909}. Best is trial 23 with value: 0.02350123186614708.\u001b[0m\n",
            "\u001b[32m[I 2022-02-27 13:46:33,778]\u001b[0m Trial 31 finished with value: 0.024560151837965158 and parameters: {'iterations': 23267, 'od_wait': 1654, 'learning_rate': 0.3963418131724583, 'reg_lambda': 7.0937597207445915, 'random_strength': 10.117605722498748, 'depth': 2, 'min_data_in_leaf': 3, 'leaf_estimation_iterations': 12, 'bagging_temperature': 20.466784449883182, 'colsample_bylevel': 0.5333187257058669}. Best is trial 23 with value: 0.02350123186614708.\u001b[0m\n",
            "\u001b[32m[I 2022-02-27 13:46:33,953]\u001b[0m Trial 32 finished with value: 0.0242542635004983 and parameters: {'iterations': 21218, 'od_wait': 1751, 'learning_rate': 0.2552130475718921, 'reg_lambda': 15.62764795061818, 'random_strength': 13.093369377121775, 'depth': 2, 'min_data_in_leaf': 3, 'leaf_estimation_iterations': 9, 'bagging_temperature': 46.368344754754226, 'colsample_bylevel': 0.4904017285790496}. Best is trial 23 with value: 0.02350123186614708.\u001b[0m\n",
            "\u001b[32m[I 2022-02-27 13:46:34,120]\u001b[0m Trial 33 finished with value: 0.023680030334045154 and parameters: {'iterations': 23353, 'od_wait': 2141, 'learning_rate': 0.5305500206781879, 'reg_lambda': 7.726815381085451, 'random_strength': 17.18008109587679, 'depth': 1, 'min_data_in_leaf': 2, 'leaf_estimation_iterations': 14, 'bagging_temperature': 16.967431539604398, 'colsample_bylevel': 0.6239469361223653}. Best is trial 23 with value: 0.02350123186614708.\u001b[0m\n",
            "\u001b[32m[I 2022-02-27 13:46:34,274]\u001b[0m Trial 34 finished with value: 0.02345725836956371 and parameters: {'iterations': 23035, 'od_wait': 2153, 'learning_rate': 0.5341517957078322, 'reg_lambda': 9.004469241208662, 'random_strength': 18.80631534158251, 'depth': 1, 'min_data_in_leaf': 2, 'leaf_estimation_iterations': 14, 'bagging_temperature': 6.434154899500212, 'colsample_bylevel': 0.6116463529252205}. Best is trial 34 with value: 0.02345725836956371.\u001b[0m\n",
            "\u001b[32m[I 2022-02-27 13:46:34,403]\u001b[0m Trial 35 finished with value: 0.024579170175236933 and parameters: {'iterations': 22966, 'od_wait': 2132, 'learning_rate': 0.562658172551828, 'reg_lambda': 7.7765121200838525, 'random_strength': 17.468322430978965, 'depth': 1, 'min_data_in_leaf': 1, 'leaf_estimation_iterations': 14, 'bagging_temperature': 33.69495552890258, 'colsample_bylevel': 0.6116555534237587}. Best is trial 34 with value: 0.02345725836956371.\u001b[0m\n",
            "\u001b[32m[I 2022-02-27 13:46:34,630]\u001b[0m Trial 36 finished with value: 0.024925852988188633 and parameters: {'iterations': 16454, 'od_wait': 2158, 'learning_rate': 0.5089066255277956, 'reg_lambda': 75.89903962505085, 'random_strength': 19.882431425002252, 'depth': 1, 'min_data_in_leaf': 2, 'leaf_estimation_iterations': 14, 'bagging_temperature': 2.0219623525868813, 'colsample_bylevel': 0.7788331592540141}. Best is trial 34 with value: 0.02345725836956371.\u001b[0m\n",
            "\u001b[32m[I 2022-02-27 13:46:34,813]\u001b[0m Trial 37 finished with value: 0.030313107582975448 and parameters: {'iterations': 21847, 'od_wait': 1940, 'learning_rate': 0.6053952112516918, 'reg_lambda': 23.883598090433892, 'random_strength': 31.204984320000253, 'depth': 7, 'min_data_in_leaf': 1, 'leaf_estimation_iterations': 12, 'bagging_temperature': 62.06669791347809, 'colsample_bylevel': 0.674122053102601}. Best is trial 34 with value: 0.02345725836956371.\u001b[0m\n",
            "\u001b[32m[I 2022-02-27 13:46:34,909]\u001b[0m Trial 38 finished with value: 0.026938826831303928 and parameters: {'iterations': 7642, 'od_wait': 2289, 'learning_rate': 0.826621411571018, 'reg_lambda': 9.575465264354868, 'random_strength': 22.918871519991736, 'depth': 3, 'min_data_in_leaf': 2, 'leaf_estimation_iterations': 14, 'bagging_temperature': 6.526734092744884, 'colsample_bylevel': 0.6201416969443687}. Best is trial 34 with value: 0.02345725836956371.\u001b[0m\n",
            "\u001b[32m[I 2022-02-27 13:46:35,112]\u001b[0m Trial 39 finished with value: 0.023911450986146162 and parameters: {'iterations': 23520, 'od_wait': 2010, 'learning_rate': 0.49554372648991446, 'reg_lambda': 99.0678266494659, 'random_strength': 19.21498299471895, 'depth': 1, 'min_data_in_leaf': 4, 'leaf_estimation_iterations': 7, 'bagging_temperature': 0.7731379247823429, 'colsample_bylevel': 0.6715485105908657}. Best is trial 34 with value: 0.02345725836956371.\u001b[0m\n",
            "\u001b[32m[I 2022-02-27 13:46:35,233]\u001b[0m Trial 40 finished with value: 0.024932946053384815 and parameters: {'iterations': 18950, 'od_wait': 2005, 'learning_rate': 0.7764000868146025, 'reg_lambda': 84.08101693697157, 'random_strength': 17.989493196141545, 'depth': 1, 'min_data_in_leaf': 4, 'leaf_estimation_iterations': 6, 'bagging_temperature': 0.6630620777622777, 'colsample_bylevel': 0.6689397231488876}. Best is trial 34 with value: 0.02345725836956371.\u001b[0m\n",
            "\u001b[32m[I 2022-02-27 13:46:35,384]\u001b[0m Trial 41 finished with value: 0.023447811777713316 and parameters: {'iterations': 23428, 'od_wait': 2130, 'learning_rate': 0.5205634669969372, 'reg_lambda': 99.85924863232428, 'random_strength': 19.067622237523853, 'depth': 1, 'min_data_in_leaf': 3, 'leaf_estimation_iterations': 7, 'bagging_temperature': 1.1221270439821789, 'colsample_bylevel': 0.7284593146496524}. Best is trial 41 with value: 0.023447811777713316.\u001b[0m\n",
            "\u001b[32m[I 2022-02-27 13:46:35,478]\u001b[0m Trial 42 finished with value: 0.024571884373791618 and parameters: {'iterations': 23544, 'od_wait': 2101, 'learning_rate': 0.6753636448296719, 'reg_lambda': 93.37697914689139, 'random_strength': 18.706996469943633, 'depth': 1, 'min_data_in_leaf': 2, 'leaf_estimation_iterations': 4, 'bagging_temperature': 1.1247448395052944, 'colsample_bylevel': 0.7291898974218091}. Best is trial 41 with value: 0.023447811777713316.\u001b[0m\n",
            "\u001b[32m[I 2022-02-27 13:46:35,630]\u001b[0m Trial 43 finished with value: 0.02473345397410202 and parameters: {'iterations': 21863, 'od_wait': 1881, 'learning_rate': 0.5141287577041043, 'reg_lambda': 86.99372123159081, 'random_strength': 21.466511127266344, 'depth': 1, 'min_data_in_leaf': 4, 'leaf_estimation_iterations': 7, 'bagging_temperature': 0.204705574001898, 'colsample_bylevel': 0.5937426944553884}. Best is trial 41 with value: 0.023447811777713316.\u001b[0m\n",
