            "\u001b[32m[I 2022-02-27 10:18:01,561]\u001b[0m Trial 25 finished with value: 0.017733533767542824 and parameters: {'iterations': 23403, 'od_wait': 641, 'learning_rate': 0.8073309028156138, 'reg_lambda': 23.7468254395607, 'subsample': 0.5783177164064529, 'random_strength': 28.069537567712917, 'depth': 2, 'min_data_in_leaf': 6, 'leaf_estimation_iterations': 2, 'bagging_temperature': 0.03161557183121134, 'colsample_bylevel': 0.5557549045316925}. Best is trial 7 with value: 0.016017583049373674.\u001b[0m\n",
            "\u001b[32m[I 2022-02-27 10:18:03,300]\u001b[0m Trial 26 finished with value: 0.0182286312193156 and parameters: {'iterations': 15952, 'od_wait': 900, 'learning_rate': 0.19933253395713682, 'reg_lambda': 90.74270260131127, 'subsample': 0.825575262604029, 'random_strength': 13.32776864045152, 'depth': 10, 'min_data_in_leaf': 4, 'leaf_estimation_iterations': 8, 'bagging_temperature': 0.29599490992652816, 'colsample_bylevel': 0.7973164746483573}. Best is trial 7 with value: 0.016017583049373674.\u001b[0m\n",
            "\u001b[32m[I 2022-02-27 10:18:03,476]\u001b[0m Trial 27 finished with value: 0.017586087037245107 and parameters: {'iterations': 7100, 'od_wait': 1112, 'learning_rate': 0.618731408735046, 'reg_lambda': 7.488058195449092, 'subsample': 0.3633662144062406, 'random_strength': 31.29678776718838, 'depth': 1, 'min_data_in_leaf': 10, 'leaf_estimation_iterations': 10, 'bagging_temperature': 1.2893741624853234, 'colsample_bylevel': 0.6624642043335056}. Best is trial 7 with value: 0.016017583049373674.\u001b[0m\n",
            "\u001b[32m[I 2022-02-27 10:18:03,589]\u001b[0m Trial 28 finished with value: 0.017283768604101586 and parameters: {'iterations': 11126, 'od_wait': 1407, 'learning_rate': 0.4035893744229191, 'reg_lambda': 38.76660647340418, 'subsample': 0.6786420495495611, 'random_strength': 25.494518907472496, 'depth': 4, 'min_data_in_leaf': 7, 'leaf_estimation_iterations': 4, 'bagging_temperature': 4.020240525395431, 'colsample_bylevel': 0.5064297158741808}. Best is trial 7 with value: 0.016017583049373674.\u001b[0m\n",
            "\u001b[32m[I 2022-02-27 10:18:03,754]\u001b[0m Trial 29 finished with value: 0.019989630357375682 and parameters: {'iterations': 9743, 'od_wait': 576, 'learning_rate': 0.6679879381551151, 'reg_lambda': 16.245358018806773, 'subsample': 0.0892728714522471, 'random_strength': 19.346033798092964, 'depth': 3, 'min_data_in_leaf': 3, 'leaf_estimation_iterations': 6, 'bagging_temperature': 0.38863297523425294, 'colsample_bylevel': 0.8846815976453517}. Best is trial 7 with value: 0.016017583049373674.\u001b[0m\n",
            "\u001b[32m[I 2022-02-27 10:18:03,898]\u001b[0m Trial 30 finished with value: 0.01848955088035223 and parameters: {'iterations': 21307, 'od_wait': 800, 'learning_rate': 0.920642006598401, 'reg_lambda': 66.08297600820545, 'subsample': 0.7516008563936626, 'random_strength': 37.61991628117802, 'depth': 2, 'min_data_in_leaf': 5, 'leaf_estimation_iterations': 15, 'bagging_temperature': 0.14049932690334208, 'colsample_bylevel': 0.95584783283809}. Best is trial 7 with value: 0.016017583049373674.\u001b[0m\n",
            "\u001b[32m[I 2022-02-27 10:18:04,135]\u001b[0m Trial 31 finished with value: 0.016539550212711574 and parameters: {'iterations': 16044, 'od_wait': 1340, 'learning_rate': 0.3684926486415763, 'reg_lambda': 22.82346404413917, 'subsample': 0.7611829407540024, 'random_strength': 15.653963128759763, 'depth': 1, 'min_data_in_leaf': 6, 'leaf_estimation_iterations': 11, 'bagging_temperature': 18.4056247249893, 'colsample_bylevel': 0.9319060288576659}. Best is trial 7 with value: 0.016017583049373674.\u001b[0m\n",
            "\u001b[32m[I 2022-02-27 10:18:04,372]\u001b[0m Trial 32 finished with value: 0.01643393283664945 and parameters: {'iterations': 17755, 'od_wait': 1272, 'learning_rate': 0.2790882104842433, 'reg_lambda': 11.215612279787113, 'subsample': 0.7182372755979397, 'random_strength': 14.247825263566561, 'depth': 1, 'min_data_in_leaf': 6, 'leaf_estimation_iterations': 11, 'bagging_temperature': 39.08331198684306, 'colsample_bylevel': 0.8750154879226113}. Best is trial 7 with value: 0.016017583049373674.\u001b[0m\n",
            "\u001b[32m[I 2022-02-27 10:18:04,526]\u001b[0m Trial 33 finished with value: 0.01580518266527112 and parameters: {'iterations': 18397, 'od_wait': 1592, 'learning_rate': 0.2339917651114298, 'reg_lambda': 10.072852796786936, 'subsample': 0.6237792841980018, 'random_strength': 13.739897899677393, 'depth': 2, 'min_data_in_leaf': 5, 'leaf_estimation_iterations': 11, 'bagging_temperature': 6.6472978291288625, 'colsample_bylevel': 0.8296854325211159}. Best is trial 33 with value: 0.01580518266527112.\u001b[0m\n",
            "\u001b[32m[I 2022-02-27 10:18:04,727]\u001b[0m Trial 34 finished with value: 0.01573511382752293 and parameters: {'iterations': 21601, 'od_wait': 1748, 'learning_rate': 0.12086578250229468, 'reg_lambda': 8.76941265799609, 'subsample': 0.6153913099959777, 'random_strength': 10.103324015795415, 'depth': 2, 'min_data_in_leaf': 3, 'leaf_estimation_iterations': 9, 'bagging_temperature': 1.4346745607037552, 'colsample_bylevel': 0.8272694401092091}. Best is trial 34 with value: 0.01573511382752293.\u001b[0m\n",
            "\u001b[32m[I 2022-02-27 10:18:04,900]\u001b[0m Trial 35 finished with value: 0.015710364182727605 and parameters: {'iterations': 20964, 'od_wait': 1556, 'learning_rate': 0.1552714506036248, 'reg_lambda': 6.486450404815283, 'subsample': 0.6280493395541005, 'random_strength': 11.755744816182421, 'depth': 2, 'min_data_in_leaf': 2, 'leaf_estimation_iterations': 9, 'bagging_temperature': 1.6272486212926731, 'colsample_bylevel': 0.8337068125643778}. Best is trial 35 with value: 0.015710364182727605.\u001b[0m\n",
            "\u001b[32m[I 2022-02-27 10:18:05,147]\u001b[0m Trial 36 finished with value: 0.015605710034679029 and parameters: {'iterations': 21440, 'od_wait': 1556, 'learning_rate': 0.13922062099210825, 'reg_lambda': 6.549811965999423, 'subsample': 0.6350401745190869, 'random_strength': 10.179526124082381, 'depth': 3, 'min_data_in_leaf': 2, 'leaf_estimation_iterations': 10, 'bagging_temperature': 1.3030608889192723, 'colsample_bylevel': 0.8229828063842228}. Best is trial 36 with value: 0.015605710034679029.\u001b[0m\n",
            "\u001b[32m[I 2022-02-27 10:18:08,230]\u001b[0m Trial 37 finished with value: 0.015942861171723492 and parameters: {'iterations': 21179, 'od_wait': 1564, 'learning_rate': 0.004625177749576104, 'reg_lambda': 5.290971518430121, 'subsample': 0.6234693588521184, 'random_strength': 10.441568828914384, 'depth': 2, 'min_data_in_leaf': 2, 'leaf_estimation_iterations': 10, 'bagging_temperature': 1.7590284243900491, 'colsample_bylevel': 0.8161396083215715}. Best is trial 36 with value: 0.015605710034679029.\u001b[0m\n",
            "\u001b[32m[I 2022-02-27 10:18:08,472]\u001b[0m Trial 38 finished with value: 0.015022649308898217 and parameters: {'iterations': 22998, 'od_wait': 1831, 'learning_rate': 0.1411711026794204, 'reg_lambda': 16.230836022516222, 'subsample': 0.4947654989658998, 'random_strength': 10.148417928412433, 'depth': 2, 'min_data_in_leaf': 2, 'leaf_estimation_iterations': 12, 'bagging_temperature': 0.6625045766184683, 'colsample_bylevel': 0.7588898583919745}. Best is trial 38 with value: 0.015022649308898217.\u001b[0m\n",
            "\u001b[32m[I 2022-02-27 10:18:08,713]\u001b[0m Trial 39 finished with value: 0.015731758930663527 and parameters: {'iterations': 24644, 'od_wait': 1934, 'learning_rate': 0.14264484668890984, 'reg_lambda': 16.530123917959944, 'subsample': 0.4882479821109622, 'random_strength': 17.836853207387854, 'depth': 3, 'min_data_in_leaf': 2, 'leaf_estimation_iterations': 13, 'bagging_temperature': 0.587480886621646, 'colsample_bylevel': 0.7401675442659055}. Best is trial 38 with value: 0.015022649308898217.\u001b[0m\n",
            "\u001b[32m[I 2022-02-27 10:18:09,082]\u001b[0m Trial 40 finished with value: 0.016656341149561237 and parameters: {'iterations': 24626, 'od_wait': 1997, 'learning_rate': 0.14105987050356178, 'reg_lambda': 15.623015469457567, 'subsample': 0.517323961952766, 'random_strength': 17.990134812427538, 'depth': 5, 'min_data_in_leaf': 2, 'leaf_estimation_iterations': 13, 'bagging_temperature': 0.5617298347819591, 'colsample_bylevel': 0.7551450735903293}. Best is trial 38 with value: 0.015022649308898217.\u001b[0m\n",
            "\u001b[32m[I 2022-02-27 10:18:09,313]\u001b[0m Trial 41 finished with value: 0.015244881688361394 and parameters: {'iterations': 22634, 'od_wait': 1781, 'learning_rate': 0.1209749880705168, 'reg_lambda': 19.860563755128023, 'subsample': 0.4703716126253281, 'random_strength': 11.901710038186602, 'depth': 2, 'min_data_in_leaf': 3, 'leaf_estimation_iterations': 12, 'bagging_temperature': 0.9893117450508225, 'colsample_bylevel': 0.7723908837740787}. Best is trial 38 with value: 0.015022649308898217.\u001b[0m\n",
            "\u001b[32m[I 2022-02-27 10:18:10,373]\u001b[0m Trial 42 finished with value: 0.015349309649577371 and parameters: {'iterations': 23211, 'od_wait': 1916, 'learning_rate': 0.01585398740813697, 'reg_lambda': 26.96473243097087, 'subsample': 0.4447176311622946, 'random_strength': 11.986659421862285, 'depth': 3, 'min_data_in_leaf': 1, 'leaf_estimation_iterations': 14, 'bagging_temperature': 0.9787659560428214, 'colsample_bylevel': 0.6831291002481401}. Best is trial 38 with value: 0.015022649308898217.\u001b[0m\n",
            "\u001b[32m[I 2022-02-27 10:18:11,872]\u001b[0m Trial 43 finished with value: 0.01571728260879269 and parameters: {'iterations': 23218, 'od_wait': 1837, 'learning_rate': 0.01062048873858652, 'reg_lambda': 26.77047071300113, 'subsample': 0.4242589278980185, 'random_strength': 12.155463793474635, 'depth': 4, 'min_data_in_leaf': 1, 'leaf_estimation_iterations': 15, 'bagging_temperature': 0.9874093001882152, 'colsample_bylevel': 0.8590468495616113}. Best is trial 38 with value: 0.015022649308898217.\u001b[0m\n",
            "\u001b[32m[I 2022-02-27 10:18:12,316]\u001b[0m Trial 44 finished with value: 0.015086105251627721 and parameters: {'iterations': 22978, 'od_wait': 2076, 'learning_rate': 0.07055300929821202, 'reg_lambda': 28.679698401846988, 'subsample': 0.35872798398433936, 'random_strength': 14.633189464530938, 'depth': 3, 'min_data_in_leaf': 2, 'leaf_estimation_iterations': 14, 'bagging_temperature': 0.38034861492291183, 'colsample_bylevel': 0.6889922450399129}. Best is trial 38 with value: 0.015022649308898217.\u001b[0m\n",
            "\u001b[32m[I 2022-02-27 10:18:12,766]\u001b[0m Trial 45 finished with value: 0.016096300020929075 and parameters: {'iterations': 22770, 'od_wait': 2161, 'learning_rate': 0.07070782025505422, 'reg_lambda': 27.89533294243832, 'subsample': 0.2989603716859961, 'random_strength': 14.66172882693135, 'depth': 4, 'min_data_in_leaf': 1, 'leaf_estimation_iterations': 14, 'bagging_temperature': 0.3796175521852288, 'colsample_bylevel': 0.689793992507616}. Best is trial 38 with value: 0.015022649308898217.\u001b[0m\n",
            "\u001b[32m[I 2022-02-27 10:18:12,958]\u001b[0m Trial 46 finished with value: 0.016497428735499167 and parameters: {'iterations': 22227, 'od_wait': 2060, 'learning_rate': 0.194455967905931, 'reg_lambda': 20.348708629520214, 'subsample': 0.35834596146516073, 'random_strength': 21.707515509729404, 'depth': 3, 'min_data_in_leaf': 3, 'leaf_estimation_iterations': 12, 'bagging_temperature': 0.7921845933257011, 'colsample_bylevel': 0.619784596976063}. Best is trial 38 with value: 0.015022649308898217.\u001b[0m\n",
            "\u001b[32m[I 2022-02-27 10:18:13,399]\u001b[0m Trial 47 finished with value: 0.01634255472325205 and parameters: {'iterations': 23918, 'od_wait': 1681, 'learning_rate': 0.09083075157871832, 'reg_lambda': 36.72727077533433, 'subsample': 0.1951751579716942, 'random_strength': 12.241416625766131, 'depth': 6, 'min_data_in_leaf': 1, 'leaf_estimation_iterations': 14, 'bagging_temperature': 0.24616651818149912, 'colsample_bylevel': 0.6816745822823299}. Best is trial 38 with value: 0.015022649308898217.\u001b[0m\n",
            "\u001b[32m[I 2022-02-27 10:18:13,753]\u001b[0m Trial 48 finished with value: 0.01557851657397004 and parameters: {'iterations': 22466, 'od_wait': 1869, 'learning_rate': 0.04895503569104592, 'reg_lambda': 28.577709131145475, 'subsample': 0.4462087589506047, 'random_strength': 14.741323341581522, 'depth': 4, 'min_data_in_leaf': 2, 'leaf_estimation_iterations': 12, 'bagging_temperature': 0.09208973065820558, 'colsample_bylevel': 0.7808099861371157}. Best is trial 38 with value: 0.015022649308898217.\u001b[0m\n",
