            "\u001b[32m[I 2022-02-27 13:49:50,412]\u001b[0m Trial 99 finished with value: 0.01679719106383586 and parameters: {'iterations': 14833, 'od_wait': 1545, 'learning_rate': 0.20674530015019923, 'reg_lambda': 92.15780502561513, 'random_strength': 27.89197056022178, 'depth': 3, 'min_data_in_leaf': 6, 'leaf_estimation_iterations': 5, 'bagging_temperature': 7.526892736522729, 'colsample_bylevel': 0.8700269591806137}. Best is trial 63 with value: 0.015016386954000573.\u001b[0m\n"
          ]
        },
        {
          "output_type": "stream",
          "name": "stdout",
          "text": [
            "Best Trial: score 0.015016386954000573,\n",
            "params {'iterations': 15636, 'od_wait': 2073, 'learning_rate': 0.10707149268600862, 'reg_lambda': 72.71946114780083, 'random_strength': 25.258353333557334, 'depth': 3, 'min_data_in_leaf': 7, 'leaf_estimation_iterations': 15, 'bagging_temperature': 1.206487802455036, 'colsample_bylevel': 0.8801871935444627}\n"
          ]
        }
      ]
    },
    {
      "cell_type": "code",
      "source": [
        "test_dinner_f = test_dinner[['본사정원수', '공휴일전', '공휴일후', '휴가비율', '출장비율', '야근비율', '재택비율', '식사가능비율',\n",
        "       '평균기온', '일강수량', '요일', '요일_야근', '월', '일', '일_초중말', '밥_석식', '국_석식',\n",
        "       '반찬1_석식', '흑미밥_석식', '반찬상위1_석식',  '상위반찬수_석식']].copy()"
      ],
      "metadata": {
        "id": "IfdoBlvF2GPr"
      },
      "execution_count": 193,
      "outputs": []
    },
    {
      "cell_type": "code",
      "source": [
        "cb2 = CatBoostRegressor(iterations = 15636, \n",
        "                        od_wait = 2073, \n",
        "                        learning_rate = 0.10707149268600862, \n",
        "                        reg_lambda = 72.71946114780083, \n",
        "                        random_strength = 25.258353333557334, \n",
        "                        depth = 3, \n",
        "                        min_data_in_leaf = 7, \n",
        "                        leaf_estimation_iterations = 15, \n",
        "                        bagging_temperature = 1.206487802455036, \n",
        "                        colsample_bylevel = 0.8801871935444627)"
      ],
      "metadata": {
        "id": "-uMK25XU2KgV"
      },
      "execution_count": 194,
      "outputs": []
    },
    {
      "cell_type": "code",
      "source": [
        "cb2.fit(train_dinner_f, dinner_target_ratio)\n",
        "\n",
        "pred_d = cb2.predict(test_dinner_f)\n",
        "\n",
        "sub['석식계'] = pred_d * test_dinner.reset_index(drop=True)['본사정원수']\n",
        "sub.to_csv(\"./catboost_ratio_selected_2.csv\", index=False)"
      ],
      "metadata": {
        "colab": {
          "base_uri": "https://localhost:8080/"
        },
        "id": "cGm2_JhZ2AWW",
        "outputId": "14da31e3-af99-4291-9ee9-d01ca095de2e"
      },
      "execution_count": 195,
      "outputs": [
        {
          "output_type": "stream",
          "name": "stdout",
          "text": [
            "\u001b[1;30;43m스트리밍 출력 내용이 길어서 마지막 5000줄이 삭제되었습니다.\u001b[0m\n",
            "10636:\tlearn: 0.0002245\ttotal: 8.57s\tremaining: 4.03s\n",
            "10637:\tlearn: 0.0002245\ttotal: 8.57s\tremaining: 4.03s\n",
            "10638:\tlearn: 0.0002244\ttotal: 8.57s\tremaining: 4.02s\n",
            "10639:\tlearn: 0.0002243\ttotal: 8.57s\tremaining: 4.02s\n",
            "10640:\tlearn: 0.0002243\ttotal: 8.57s\tremaining: 4.02s\n",
            "10641:\tlearn: 0.0002243\ttotal: 8.57s\tremaining: 4.02s\n",
            "10642:\tlearn: 0.0002241\ttotal: 8.57s\tremaining: 4.02s\n",
            "10643:\tlearn: 0.0002241\ttotal: 8.57s\tremaining: 4.02s\n",
            "10644:\tlearn: 0.0002241\ttotal: 8.57s\tremaining: 4.02s\n",
            "10645:\tlearn: 0.0002240\ttotal: 8.57s\tremaining: 4.02s\n",
            "10646:\tlearn: 0.0002240\ttotal: 8.57s\tremaining: 4.02s\n",
            "10647:\tlearn: 0.0002239\ttotal: 8.57s\tremaining: 4.02s\n",
            "10648:\tlearn: 0.0002239\ttotal: 8.58s\tremaining: 4.02s\n",
            "10649:\tlearn: 0.0002237\ttotal: 8.58s\tremaining: 4.01s\n",
            "10650:\tlearn: 0.0002237\ttotal: 8.58s\tremaining: 4.01s\n",
            "10651:\tlearn: 0.0002236\ttotal: 8.58s\tremaining: 4.01s\n",
            "10652:\tlearn: 0.0002235\ttotal: 8.58s\tremaining: 4.01s\n",
            "10653:\tlearn: 0.0002235\ttotal: 8.58s\tremaining: 4.01s\n",
            "10654:\tlearn: 0.0002235\ttotal: 8.58s\tremaining: 4.01s\n",
            "10655:\tlearn: 0.0002234\ttotal: 8.58s\tremaining: 4.01s\n",
            "10656:\tlearn: 0.0002232\ttotal: 8.58s\tremaining: 4.01s\n",
            "10657:\tlearn: 0.0002231\ttotal: 8.58s\tremaining: 4.01s\n",
            "10658:\tlearn: 0.0002231\ttotal: 8.58s\tremaining: 4.01s\n",
            "10659:\tlearn: 0.0002230\ttotal: 8.58s\tremaining: 4.01s\n",
            "10660:\tlearn: 0.0002229\ttotal: 8.58s\tremaining: 4.01s\n",
            "10661:\tlearn: 0.0002229\ttotal: 8.59s\tremaining: 4s\n",
            "10662:\tlearn: 0.0002228\ttotal: 8.59s\tremaining: 4s\n",
            "10663:\tlearn: 0.0002228\ttotal: 8.59s\tremaining: 4s\n",
            "10664:\tlearn: 0.0002227\ttotal: 8.59s\tremaining: 4s\n",
            "10665:\tlearn: 0.0002226\ttotal: 8.59s\tremaining: 4s\n",
            "10666:\tlearn: 0.0002226\ttotal: 8.59s\tremaining: 4s\n",
            "10667:\tlearn: 0.0002224\ttotal: 8.59s\tremaining: 4s\n",
            "10668:\tlearn: 0.0002224\ttotal: 8.59s\tremaining: 4s\n",
            "10669:\tlearn: 0.0002224\ttotal: 8.59s\tremaining: 4s\n",
            "10670:\tlearn: 0.0002224\ttotal: 8.59s\tremaining: 4s\n",
            "10671:\tlearn: 0.0002222\ttotal: 8.59s\tremaining: 4s\n",
            "10672:\tlearn: 0.0002222\ttotal: 8.59s\tremaining: 4s\n",
            "10673:\tlearn: 0.0002221\ttotal: 8.6s\tremaining: 4s\n",
            "10674:\tlearn: 0.0002221\ttotal: 8.6s\tremaining: 3.99s\n",
            "10675:\tlearn: 0.0002220\ttotal: 8.6s\tremaining: 3.99s\n",
            "10676:\tlearn: 0.0002219\ttotal: 8.6s\tremaining: 3.99s\n",
            "10677:\tlearn: 0.0002218\ttotal: 8.6s\tremaining: 3.99s\n",
            "10678:\tlearn: 0.0002218\ttotal: 8.6s\tremaining: 3.99s\n",
            "10679:\tlearn: 0.0002218\ttotal: 8.6s\tremaining: 3.99s\n",
            "10680:\tlearn: 0.0002217\ttotal: 8.6s\tremaining: 3.99s\n",
            "10681:\tlearn: 0.0002217\ttotal: 8.6s\tremaining: 3.99s\n",
            "10682:\tlearn: 0.0002216\ttotal: 8.6s\tremaining: 3.99s\n",
            "10683:\tlearn: 0.0002215\ttotal: 8.6s\tremaining: 3.99s\n",
            "10684:\tlearn: 0.0002214\ttotal: 8.6s\tremaining: 3.99s\n",
            "10685:\tlearn: 0.0002214\ttotal: 8.61s\tremaining: 3.99s\n",
            "10686:\tlearn: 0.0002213\ttotal: 8.61s\tremaining: 3.98s\n",
            "10687:\tlearn: 0.0002212\ttotal: 8.61s\tremaining: 3.98s\n",
            "10688:\tlearn: 0.0002212\ttotal: 8.61s\tremaining: 3.98s\n",
            "10689:\tlearn: 0.0002211\ttotal: 8.61s\tremaining: 3.98s\n",
            "10690:\tlearn: 0.0002210\ttotal: 8.61s\tremaining: 3.98s\n",
            "10691:\tlearn: 0.0002210\ttotal: 8.61s\tremaining: 3.98s\n",
            "10692:\tlearn: 0.0002209\ttotal: 8.61s\tremaining: 3.98s\n",
            "10693:\tlearn: 0.0002209\ttotal: 8.61s\tremaining: 3.98s\n",
            "10694:\tlearn: 0.0002208\ttotal: 8.61s\tremaining: 3.98s\n",
            "10695:\tlearn: 0.0002207\ttotal: 8.61s\tremaining: 3.98s\n",
            "10696:\tlearn: 0.0002206\ttotal: 8.61s\tremaining: 3.98s\n",
            "10697:\tlearn: 0.0002206\ttotal: 8.61s\tremaining: 3.98s\n",
            "10698:\tlearn: 0.0002205\ttotal: 8.62s\tremaining: 3.98s\n",
            "10699:\tlearn: 0.0002205\ttotal: 8.62s\tremaining: 3.97s\n",
            "10700:\tlearn: 0.0002205\ttotal: 8.62s\tremaining: 3.97s\n",
            "10701:\tlearn: 0.0002204\ttotal: 8.62s\tremaining: 3.97s\n",
            "10702:\tlearn: 0.0002202\ttotal: 8.62s\tremaining: 3.97s\n",
            "10703:\tlearn: 0.0002201\ttotal: 8.62s\tremaining: 3.97s\n",
            "10704:\tlearn: 0.0002199\ttotal: 8.62s\tremaining: 3.97s\n",
            "10705:\tlearn: 0.0002199\ttotal: 8.62s\tremaining: 3.97s\n",
            "10706:\tlearn: 0.0002198\ttotal: 8.62s\tremaining: 3.97s\n",
            "10707:\tlearn: 0.0002198\ttotal: 8.62s\tremaining: 3.97s\n",
            "10708:\tlearn: 0.0002197\ttotal: 8.62s\tremaining: 3.97s\n",
            "10709:\tlearn: 0.0002197\ttotal: 8.62s\tremaining: 3.97s\n",
            "10710:\tlearn: 0.0002197\ttotal: 8.62s\tremaining: 3.96s\n",
            "10711:\tlearn: 0.0002195\ttotal: 8.63s\tremaining: 3.96s\n",
            "10712:\tlearn: 0.0002194\ttotal: 8.63s\tremaining: 3.96s\n",
            "10713:\tlearn: 0.0002193\ttotal: 8.63s\tremaining: 3.96s\n",
            "10714:\tlearn: 0.0002192\ttotal: 8.63s\tremaining: 3.96s\n",
            "10715:\tlearn: 0.0002191\ttotal: 8.63s\tremaining: 3.96s\n",
            "10716:\tlearn: 0.0002190\ttotal: 8.63s\tremaining: 3.96s\n",
            "10717:\tlearn: 0.0002190\ttotal: 8.63s\tremaining: 3.96s\n",
            "10718:\tlearn: 0.0002189\ttotal: 8.63s\tremaining: 3.96s\n",
            "10719:\tlearn: 0.0002189\ttotal: 8.63s\tremaining: 3.96s\n",
            "10720:\tlearn: 0.0002189\ttotal: 8.63s\tremaining: 3.96s\n",
            "10721:\tlearn: 0.0002188\ttotal: 8.63s\tremaining: 3.96s\n",
            "10722:\tlearn: 0.0002187\ttotal: 8.63s\tremaining: 3.96s\n",
            "10723:\tlearn: 0.0002186\ttotal: 8.63s\tremaining: 3.95s\n",
            "10724:\tlearn: 0.0002186\ttotal: 8.63s\tremaining: 3.95s\n",
            "10725:\tlearn: 0.0002185\ttotal: 8.63s\tremaining: 3.95s\n",
            "10726:\tlearn: 0.0002185\ttotal: 8.64s\tremaining: 3.95s\n",
            "10727:\tlearn: 0.0002184\ttotal: 8.64s\tremaining: 3.95s\n",
            "10728:\tlearn: 0.0002184\ttotal: 8.64s\tremaining: 3.95s\n",
            "10729:\tlearn: 0.0002183\ttotal: 8.64s\tremaining: 3.95s\n",
            "10730:\tlearn: 0.0002182\ttotal: 8.64s\tremaining: 3.95s\n",
            "10731:\tlearn: 0.0002181\ttotal: 8.64s\tremaining: 3.95s\n",
            "10732:\tlearn: 0.0002181\ttotal: 8.64s\tremaining: 3.95s\n",
            "10733:\tlearn: 0.0002179\ttotal: 8.64s\tremaining: 3.95s\n",
            "10734:\tlearn: 0.0002178\ttotal: 8.64s\tremaining: 3.94s\n",
            "10735:\tlearn: 0.0002178\ttotal: 8.64s\tremaining: 3.94s\n",
            "10736:\tlearn: 0.0002177\ttotal: 8.64s\tremaining: 3.94s\n",
            "10737:\tlearn: 0.0002177\ttotal: 8.64s\tremaining: 3.94s\n",
            "10738:\tlearn: 0.0002177\ttotal: 8.65s\tremaining: 3.94s\n",
            "10739:\tlearn: 0.0002177\ttotal: 8.65s\tremaining: 3.94s\n",
            "10740:\tlearn: 0.0002176\ttotal: 8.65s\tremaining: 3.94s\n",
            "10741:\tlearn: 0.0002176\ttotal: 8.65s\tremaining: 3.94s\n",
            "10742:\tlearn: 0.0002175\ttotal: 8.65s\tremaining: 3.94s\n",
            "10743:\tlearn: 0.0002175\ttotal: 8.65s\tremaining: 3.94s\n",
            "10744:\tlearn: 0.0002174\ttotal: 8.65s\tremaining: 3.94s\n",
            "10745:\tlearn: 0.0002174\ttotal: 8.65s\tremaining: 3.94s\n",
            "10746:\tlearn: 0.0002173\ttotal: 8.65s\tremaining: 3.94s\n",
            "10747:\tlearn: 0.0002173\ttotal: 8.65s\tremaining: 3.94s\n",
            "10748:\tlearn: 0.0002173\ttotal: 8.65s\tremaining: 3.93s\n",
            "10749:\tlearn: 0.0002172\ttotal: 8.65s\tremaining: 3.93s\n",
            "10750:\tlearn: 0.0002171\ttotal: 8.66s\tremaining: 3.93s\n",
            "10751:\tlearn: 0.0002170\ttotal: 8.66s\tremaining: 3.93s\n",
            "10752:\tlearn: 0.0002169\ttotal: 8.66s\tremaining: 3.93s\n",
            "10753:\tlearn: 0.0002169\ttotal: 8.66s\tremaining: 3.93s\n",
            "10754:\tlearn: 0.0002168\ttotal: 8.66s\tremaining: 3.93s\n",
            "10755:\tlearn: 0.0002167\ttotal: 8.66s\tremaining: 3.93s\n",
            "10756:\tlearn: 0.0002167\ttotal: 8.66s\tremaining: 3.93s\n",
            "10757:\tlearn: 0.0002167\ttotal: 8.66s\tremaining: 3.93s\n",
            "10758:\tlearn: 0.0002166\ttotal: 8.66s\tremaining: 3.93s\n",
            "10759:\tlearn: 0.0002165\ttotal: 8.66s\tremaining: 3.93s\n",
            "10760:\tlearn: 0.0002164\ttotal: 8.66s\tremaining: 3.92s\n",
            "10761:\tlearn: 0.0002163\ttotal: 8.66s\tremaining: 3.92s\n",
            "10762:\tlearn: 0.0002162\ttotal: 8.66s\tremaining: 3.92s\n",
            "10763:\tlearn: 0.0002162\ttotal: 8.67s\tremaining: 3.92s\n",
            "10764:\tlearn: 0.0002162\ttotal: 8.67s\tremaining: 3.92s\n",
            "10765:\tlearn: 0.0002162\ttotal: 8.67s\tremaining: 3.92s\n",
            "10766:\tlearn: 0.0002160\ttotal: 8.67s\tremaining: 3.92s\n",
            "10767:\tlearn: 0.0002160\ttotal: 8.67s\tremaining: 3.92s\n",
            "10768:\tlearn: 0.0002160\ttotal: 8.67s\tremaining: 3.92s\n",
            "10769:\tlearn: 0.0002159\ttotal: 8.67s\tremaining: 3.92s\n",
            "10770:\tlearn: 0.0002158\ttotal: 8.67s\tremaining: 3.92s\n",
            "10771:\tlearn: 0.0002157\ttotal: 8.67s\tremaining: 3.92s\n",
            "10772:\tlearn: 0.0002157\ttotal: 8.67s\tremaining: 3.92s\n",
            "10773:\tlearn: 0.0002157\ttotal: 8.67s\tremaining: 3.91s\n",
            "10774:\tlearn: 0.0002156\ttotal: 8.67s\tremaining: 3.91s\n",
            "10775:\tlearn: 0.0002156\ttotal: 8.68s\tremaining: 3.91s\n",
            "10776:\tlearn: 0.0002155\ttotal: 8.68s\tremaining: 3.91s\n",
            "10777:\tlearn: 0.0002154\ttotal: 8.68s\tremaining: 3.91s\n",
            "10778:\tlearn: 0.0002153\ttotal: 8.68s\tremaining: 3.91s\n",
            "10779:\tlearn: 0.0002153\ttotal: 8.68s\tremaining: 3.91s\n",
            "10780:\tlearn: 0.0002152\ttotal: 8.68s\tremaining: 3.91s\n",
            "10781:\tlearn: 0.0002151\ttotal: 8.68s\tremaining: 3.91s\n",
            "10782:\tlearn: 0.0002151\ttotal: 8.68s\tremaining: 3.91s\n",
            "10783:\tlearn: 0.0002150\ttotal: 8.68s\tremaining: 3.9s\n",
            "10784:\tlearn: 0.0002149\ttotal: 8.68s\tremaining: 3.9s\n",
            "10785:\tlearn: 0.0002148\ttotal: 8.68s\tremaining: 3.9s\n",
            "10786:\tlearn: 0.0002147\ttotal: 8.68s\tremaining: 3.9s\n",
            "10787:\tlearn: 0.0002146\ttotal: 8.68s\tremaining: 3.9s\n",
            "10788:\tlearn: 0.0002146\ttotal: 8.68s\tremaining: 3.9s\n",
            "10789:\tlearn: 0.0002145\ttotal: 8.69s\tremaining: 3.9s\n",
            "10790:\tlearn: 0.0002144\ttotal: 8.69s\tremaining: 3.9s\n",
            "10791:\tlearn: 0.0002144\ttotal: 8.69s\tremaining: 3.9s\n",
            "10792:\tlearn: 0.0002144\ttotal: 8.69s\tremaining: 3.9s\n",
            "10793:\tlearn: 0.0002143\ttotal: 8.69s\tremaining: 3.9s\n",
            "10794:\tlearn: 0.0002142\ttotal: 8.69s\tremaining: 3.9s\n",
            "10795:\tlearn: 0.0002142\ttotal: 8.69s\tremaining: 3.9s\n",
            "10796:\tlearn: 0.0002141\ttotal: 8.69s\tremaining: 3.9s\n",
            "10797:\tlearn: 0.0002141\ttotal: 8.69s\tremaining: 3.89s\n",
            "10798:\tlearn: 0.0002140\ttotal: 8.69s\tremaining: 3.89s\n",
            "10799:\tlearn: 0.0002140\ttotal: 8.69s\tremaining: 3.89s\n",
            "10800:\tlearn: 0.0002139\ttotal: 8.69s\tremaining: 3.89s\n",
            "10801:\tlearn: 0.0002139\ttotal: 8.7s\tremaining: 3.89s\n",
            "10802:\tlearn: 0.0002138\ttotal: 8.7s\tremaining: 3.89s\n",
            "10803:\tlearn: 0.0002138\ttotal: 8.7s\tremaining: 3.89s\n",
            "10804:\tlearn: 0.0002137\ttotal: 8.7s\tremaining: 3.89s\n",
            "10805:\tlearn: 0.0002136\ttotal: 8.7s\tremaining: 3.89s\n",
            "10806:\tlearn: 0.0002136\ttotal: 8.7s\tremaining: 3.89s\n",
            "10807:\tlearn: 0.0002135\ttotal: 8.7s\tremaining: 3.89s\n",
            "10808:\tlearn: 0.0002135\ttotal: 8.7s\tremaining: 3.88s\n",
            "10809:\tlearn: 0.0002134\ttotal: 8.7s\tremaining: 3.88s\n",
            "10810:\tlearn: 0.0002133\ttotal: 8.7s\tremaining: 3.88s\n",
            "10811:\tlearn: 0.0002133\ttotal: 8.7s\tremaining: 3.88s\n",
            "10812:\tlearn: 0.0002132\ttotal: 8.7s\tremaining: 3.88s\n",
            "10813:\tlearn: 0.0002132\ttotal: 8.7s\tremaining: 3.88s\n",
            "10814:\tlearn: 0.0002132\ttotal: 8.71s\tremaining: 3.88s\n",
            "10815:\tlearn: 0.0002131\ttotal: 8.71s\tremaining: 3.88s\n",
            "10816:\tlearn: 0.0002130\ttotal: 8.71s\tremaining: 3.88s\n",
            "10817:\tlearn: 0.0002130\ttotal: 8.71s\tremaining: 3.88s\n",
            "10818:\tlearn: 0.0002129\ttotal: 8.71s\tremaining: 3.88s\n",
            "10819:\tlearn: 0.0002128\ttotal: 8.71s\tremaining: 3.88s\n",
            "10820:\tlearn: 0.0002128\ttotal: 8.71s\tremaining: 3.88s\n",
            "10821:\tlearn: 0.0002126\ttotal: 8.71s\tremaining: 3.88s\n",
            "10822:\tlearn: 0.0002125\ttotal: 8.71s\tremaining: 3.87s\n",
            "10823:\tlearn: 0.0002125\ttotal: 8.71s\tremaining: 3.87s\n",
            "10824:\tlearn: 0.0002125\ttotal: 8.71s\tremaining: 3.87s\n",
            "10825:\tlearn: 0.0002123\ttotal: 8.71s\tremaining: 3.87s\n",
            "10826:\tlearn: 0.0002122\ttotal: 8.71s\tremaining: 3.87s\n",
            "10827:\tlearn: 0.0002122\ttotal: 8.72s\tremaining: 3.87s\n",
            "10828:\tlearn: 0.0002121\ttotal: 8.72s\tremaining: 3.87s\n",
            "10829:\tlearn: 0.0002121\ttotal: 8.72s\tremaining: 3.87s\n",
            "10830:\tlearn: 0.0002120\ttotal: 8.72s\tremaining: 3.87s\n",
            "10831:\tlearn: 0.0002120\ttotal: 8.72s\tremaining: 3.87s\n",
            "10832:\tlearn: 0.0002119\ttotal: 8.72s\tremaining: 3.87s\n",
            "10833:\tlearn: 0.0002119\ttotal: 8.72s\tremaining: 3.87s\n",
            "10834:\tlearn: 0.0002118\ttotal: 8.72s\tremaining: 3.86s\n",
            "10835:\tlearn: 0.0002118\ttotal: 8.72s\tremaining: 3.86s\n",
            "10836:\tlearn: 0.0002117\ttotal: 8.72s\tremaining: 3.86s\n",
            "10837:\tlearn: 0.0002117\ttotal: 8.72s\tremaining: 3.86s\n",
            "10838:\tlearn: 0.0002116\ttotal: 8.72s\tremaining: 3.86s\n",
            "10839:\tlearn: 0.0002116\ttotal: 8.72s\tremaining: 3.86s\n",
            "10840:\tlearn: 0.0002116\ttotal: 8.73s\tremaining: 3.86s\n",
            "10841:\tlearn: 0.0002116\ttotal: 8.73s\tremaining: 3.86s\n",
            "10842:\tlearn: 0.0002115\ttotal: 8.73s\tremaining: 3.86s\n",
            "10843:\tlearn: 0.0002115\ttotal: 8.73s\tremaining: 3.86s\n",
            "10844:\tlearn: 0.0002114\ttotal: 8.73s\tremaining: 3.86s\n",
            "10845:\tlearn: 0.0002113\ttotal: 8.73s\tremaining: 3.85s\n",
            "10846:\tlearn: 0.0002113\ttotal: 8.73s\tremaining: 3.85s\n",
            "10847:\tlearn: 0.0002113\ttotal: 8.73s\tremaining: 3.85s\n",
            "10848:\tlearn: 0.0002112\ttotal: 8.73s\tremaining: 3.85s\n",
            "10849:\tlearn: 0.0002112\ttotal: 8.73s\tremaining: 3.85s\n",
            "10850:\tlearn: 0.0002111\ttotal: 8.73s\tremaining: 3.85s\n",
            "10851:\tlearn: 0.0002110\ttotal: 8.73s\tremaining: 3.85s\n",
            "10852:\tlearn: 0.0002109\ttotal: 8.73s\tremaining: 3.85s\n",
            "10853:\tlearn: 0.0002108\ttotal: 8.74s\tremaining: 3.85s\n",
            "10854:\tlearn: 0.0002108\ttotal: 8.74s\tremaining: 3.85s\n",
            "10855:\tlearn: 0.0002107\ttotal: 8.74s\tremaining: 3.85s\n",
            "10856:\tlearn: 0.0002106\ttotal: 8.74s\tremaining: 3.85s\n",
            "10857:\tlearn: 0.0002106\ttotal: 8.74s\tremaining: 3.85s\n",
            "10858:\tlearn: 0.0002106\ttotal: 8.74s\tremaining: 3.85s\n",
            "10859:\tlearn: 0.0002106\ttotal: 8.74s\tremaining: 3.84s\n",
            "10860:\tlearn: 0.0002105\ttotal: 8.74s\tremaining: 3.84s\n",
            "10861:\tlearn: 0.0002105\ttotal: 8.74s\tremaining: 3.84s\n",
            "10862:\tlearn: 0.0002103\ttotal: 8.74s\tremaining: 3.84s\n",
            "10863:\tlearn: 0.0002103\ttotal: 8.74s\tremaining: 3.84s\n",
            "10864:\tlearn: 0.0002103\ttotal: 8.74s\tremaining: 3.84s\n",
            "10865:\tlearn: 0.0002103\ttotal: 8.74s\tremaining: 3.84s\n",
            "10866:\tlearn: 0.0002101\ttotal: 8.75s\tremaining: 3.84s\n",
            "10867:\tlearn: 0.0002100\ttotal: 8.75s\tremaining: 3.84s\n",
            "10868:\tlearn: 0.0002099\ttotal: 8.75s\tremaining: 3.84s\n",
            "10869:\tlearn: 0.0002099\ttotal: 8.75s\tremaining: 3.84s\n",
            "10870:\tlearn: 0.0002099\ttotal: 8.75s\tremaining: 3.83s\n",
            "10871:\tlearn: 0.0002097\ttotal: 8.75s\tremaining: 3.83s\n",
            "10872:\tlearn: 0.0002097\ttotal: 8.75s\tremaining: 3.83s\n",
            "10873:\tlearn: 0.0002096\ttotal: 8.75s\tremaining: 3.83s\n",
            "10874:\tlearn: 0.0002095\ttotal: 8.75s\tremaining: 3.83s\n",
            "10875:\tlearn: 0.0002094\ttotal: 8.75s\tremaining: 3.83s\n",
            "10876:\tlearn: 0.0002094\ttotal: 8.75s\tremaining: 3.83s\n",
            "10877:\tlearn: 0.0002094\ttotal: 8.76s\tremaining: 3.83s\n",
            "10878:\tlearn: 0.0002093\ttotal: 8.76s\tremaining: 3.83s\n",
            "10879:\tlearn: 0.0002092\ttotal: 8.76s\tremaining: 3.83s\n",
            "10880:\tlearn: 0.0002092\ttotal: 8.76s\tremaining: 3.83s\n",
            "10881:\tlearn: 0.0002092\ttotal: 8.76s\tremaining: 3.83s\n",
            "10882:\tlearn: 0.0002091\ttotal: 8.76s\tremaining: 3.83s\n",
            "10883:\tlearn: 0.0002091\ttotal: 8.76s\tremaining: 3.82s\n",
            "10884:\tlearn: 0.0002090\ttotal: 8.76s\tremaining: 3.82s\n",
            "10885:\tlearn: 0.0002089\ttotal: 8.76s\tremaining: 3.82s\n",
            "10886:\tlearn: 0.0002088\ttotal: 8.76s\tremaining: 3.82s\n",
            "10887:\tlearn: 0.0002088\ttotal: 8.76s\tremaining: 3.82s\n",
            "10888:\tlearn: 0.0002087\ttotal: 8.76s\tremaining: 3.82s\n",
            "10889:\tlearn: 0.0002087\ttotal: 8.76s\tremaining: 3.82s\n",
            "10890:\tlearn: 0.0002086\ttotal: 8.77s\tremaining: 3.82s\n",
            "10891:\tlearn: 0.0002086\ttotal: 8.77s\tremaining: 3.82s\n",
            "10892:\tlearn: 0.0002085\ttotal: 8.77s\tremaining: 3.82s\