            "\u001b[32m[I 2022-02-27 13:49:45,254]\u001b[0m Trial 88 finished with value: 0.015781290330252096 and parameters: {'iterations': 11990, 'od_wait': 1101, 'learning_rate': 0.0652205447675047, 'reg_lambda': 84.8733164667659, 'random_strength': 32.86902366495717, 'depth': 4, 'min_data_in_leaf': 6, 'leaf_estimation_iterations': 1, 'bagging_temperature': 12.010634295890037, 'colsample_bylevel': 0.8165060423265404}. Best is trial 63 with value: 0.015016386954000573.\u001b[0m\n",
            "\u001b[32m[I 2022-02-27 13:49:45,468]\u001b[0m Trial 89 finished with value: 0.016043478529049738 and parameters: {'iterations': 24889, 'od_wait': 1573, 'learning_rate': 0.11370316642289624, 'reg_lambda': 99.28682506525112, 'random_strength': 23.323147972262177, 'depth': 3, 'min_data_in_leaf': 6, 'leaf_estimation_iterations': 2, 'bagging_temperature': 18.10957530132353, 'colsample_bylevel': 0.7938008584854529}. Best is trial 63 with value: 0.015016386954000573.\u001b[0m\n",
            "\u001b[32m[I 2022-02-27 13:49:46,641]\u001b[0m Trial 90 finished with value: 0.015695556717156004 and parameters: {'iterations': 15357, 'od_wait': 1226, 'learning_rate': 0.022844767452924387, 'reg_lambda': 90.81579676324141, 'random_strength': 25.757901104253406, 'depth': 3, 'min_data_in_leaf': 7, 'leaf_estimation_iterations': 3, 'bagging_temperature': 1.050319999853373, 'colsample_bylevel': 0.8075817941470261}. Best is trial 63 with value: 0.015016386954000573.\u001b[0m\n",
            "\u001b[32m[I 2022-02-27 13:49:46,823]\u001b[0m Trial 91 finished with value: 0.015872528107494673 and parameters: {'iterations': 13257, 'od_wait': 1288, 'learning_rate': 0.19128529355377338, 'reg_lambda': 93.50662926228871, 'random_strength': 27.5486044030798, 'depth': 2, 'min_data_in_leaf': 5, 'leaf_estimation_iterations': 2, 'bagging_temperature': 8.7941277136243, 'colsample_bylevel': 0.8427707589616638}. Best is trial 63 with value: 0.015016386954000573.\u001b[0m\n",
            "\u001b[32m[I 2022-02-27 13:49:47,018]\u001b[0m Trial 92 finished with value: 0.015719201476932093 and parameters: {'iterations': 12794, 'od_wait': 1510, 'learning_rate': 0.13877959786655866, 'reg_lambda': 80.4239266652584, 'random_strength': 24.344660161792756, 'depth': 3, 'min_data_in_leaf': 4, 'leaf_estimation_iterations': 4, 'bagging_temperature': 5.638204028214487, 'colsample_bylevel': 0.7081199503130374}. Best is trial 63 with value: 0.015016386954000573.\u001b[0m\n",
            "\u001b[32m[I 2022-02-27 13:49:47,378]\u001b[0m Trial 93 finished with value: 0.01538733714811193 and parameters: {'iterations': 11519, 'od_wait': 1387, 'learning_rate': 0.09477064386372765, 'reg_lambda': 88.20077213203757, 'random_strength': 22.365802466343364, 'depth': 2, 'min_data_in_leaf': 6, 'leaf_estimation_iterations': 3, 'bagging_temperature': 4.262978094199389, 'colsample_bylevel': 0.6750063806946757}. Best is trial 63 with value: 0.015016386954000573.\u001b[0m\n",
            "\u001b[32m[I 2022-02-27 13:49:47,644]\u001b[0m Trial 94 finished with value: 0.016108607608893242 and parameters: {'iterations': 10084, 'od_wait': 1367, 'learning_rate': 0.10203422619299213, 'reg_lambda': 87.28917017430133, 'random_strength': 20.922607184238082, 'depth': 2, 'min_data_in_leaf': 6, 'leaf_estimation_iterations': 3, 'bagging_temperature': 3.846754077924845, 'colsample_bylevel': 0.9480707241597941}. Best is trial 63 with value: 0.015016386954000573.\u001b[0m\n",
            "\u001b[32m[I 2022-02-27 13:49:48,182]\u001b[0m Trial 95 finished with value: 0.015897180817098032 and parameters: {'iterations': 11359, 'od_wait': 1558, 'learning_rate': 0.06919857444900708, 'reg_lambda': 87.2920897619293, 'random_strength': 30.513461135882352, 'depth': 2, 'min_data_in_leaf': 6, 'leaf_estimation_iterations': 1, 'bagging_temperature': 14.489881206979177, 'colsample_bylevel': 0.6418314026796084}. Best is trial 63 with value: 0.015016386954000573.\u001b[0m\n",
            "\u001b[32m[I 2022-02-27 13:49:48,526]\u001b[0m Trial 96 finished with value: 0.01614421209376067 and parameters: {'iterations': 12148, 'od_wait': 1609, 'learning_rate': 0.05253891155467163, 'reg_lambda': 95.8963365108325, 'random_strength': 18.278104037708196, 'depth': 3, 'min_data_in_leaf': 7, 'leaf_estimation_iterations': 3, 'bagging_temperature': 1.9628837514028783, 'colsample_bylevel': 0.7695669493420628}. Best is trial 63 with value: 0.015016386954000573.\u001b[0m\n",
            "\u001b[32m[I 2022-02-27 13:49:49,749]\u001b[0m Trial 97 finished with value: 0.015757776636119283 and parameters: {'iterations': 16719, 'od_wait': 1425, 'learning_rate': 0.029001954153304848, 'reg_lambda': 75.60396071436047, 'random_strength': 22.278099903914654, 'depth': 4, 'min_data_in_leaf': 6, 'leaf_estimation_iterations': 2, 'bagging_temperature': 0.6294633153378483, 'colsample_bylevel': 0.6772396321586299}. Best is trial 63 with value: 0.015016386954000573.\u001b[0m\n",
            "\u001b[32m[I 2022-02-27 13:49:50,205]\u001b[0m Trial 98 finished with value: 0.01603341868412187 and parameters: {'iterations': 13835, 'od_wait': 1177, 'learning_rate': 0.1362929011665936, 'reg_lambda': 83.69966107355661, 'random_strength': 29.18889513496806, 'depth': 1, 'min_data_in_leaf': 5, 'leaf_estimation_iterations': 3, 'bagging_temperature': 2.6317193366805873, 'colsample_bylevel': 0.7452275022248243}. Best is trial 63 with value: 0.015016386954000573.\u001b[0m\n",
