{
  "cells": [
    {
      "cell_type": "markdown",
      "metadata": {
        "id": "By_RHrV2t6Fm"
      },
      "source": [
        "# 데이터 불러오기"
      ]
    },
    {
      "cell_type": "markdown",
      "metadata": {
        "id": "STJctOlpwcfI"
      },
      "source": [
        "- 기존데이터에 평균기온(°C), 일강수량(mm), 평균 지면온도(°C), 확진자수 피처가 추가된 데이터 사용"
      ]
    },
    {
      "cell_type": "code",
      "execution_count": 1,
      "metadata": {
        "ExecuteTime": {
          "end_time": "2022-02-24T15:53:42.178562Z",
          "start_time": "2022-02-24T15:53:34.065234Z"
        },
        "id": "Zi2zhM3esJNz"
      },
      "outputs": [],
      "source": [
        "import pandas as pd\n",
        "import numpy as np\n",
        "import warnings \n",
        "import os\n",
        "import holidays\n",
        "import datetime\n",
        "from datetime import timedelta\n",
        "\n",
        "\n",
        "\n",
        "from lightgbm import LGBMRegressor\n",
        "from xgboost import XGBRegressor\n",
        "\n",
        "from sklearn.preprocessing import LabelEncoder\n",
        "\n",
        "warnings.filterwarnings('ignore')\n"
      ]
    },
    {
      "cell_type": "code",
      "execution_count": 2,
      "metadata": {
        "ExecuteTime": {
          "end_time": "2022-02-24T15:53:43.021384Z",
          "start_time": "2022-02-24T15:53:42.185334Z"
        },
        "id": "9LgkN4kBt6Fp"
      },
      "outputs": [],
      "source": [
        "import matplotlib.pyplot as plt\n",
        "import seaborn as sns\n",
        "import matplotlib\n",
        "import matplotlib.font_manager as fm\n",
        "matplotlib.rcParams['axes.unicode_minus'] = False\n",
        "\n",
        "\n",
        "# plt.rc('font', family=fm.FontProperties(fname=\"c:/Windows/Fonts/malgun.ttf\").get_name())\n",
        "plt.rc('font', family='AppleGothic')\n",
        "\n",
        "plt.style.use('fivethirtyeight')"
      ]
    },
    {
      "cell_type": "code",
      "execution_count": 3,
      "metadata": {
        "ExecuteTime": {
          "end_time": "2022-02-24T15:53:43.036546Z",
          "start_time": "2022-02-24T15:53:43.027722Z"
        },
        "id": "MKovWL41t6Fp"
      },
      "outputs": [],
      "source": [
        "# # 재민\n",
        "\n",
        "# from google import colab\n",
        "# colab.drive.mount(\"/content/drive\")\n",
        "\n",
        "# data = \"/content/drive/MyDrive/colab/cook/\"\n",
        "\n",
        "# sub = pd.read_csv(f'{data}sample_submission.csv')\n",
        "# train = pd.read_csv(f'{data}weather_corona_train.csv', encoding='cp949', index_col = 0)\n",
        "# test = pd.read_csv(f'{data}weather_corona_test.csv', encoding='cp949', index_col = 0)"
      ]
    },
    {
      "cell_type": "code",
      "execution_count": 4,
      "metadata": {
        "ExecuteTime": {
          "end_time": "2022-02-24T15:53:43.066927Z",
          "start_time": "2022-02-24T15:53:43.043923Z"
        },
        "id": "5KqoDLL6uqYj"
      },
      "outputs": [],
      "source": [
        "# 효진\n",
        "train = pd.read_csv('/Users/hyojin/Desktop/miniProject/weather_corona_train.csv', encoding='cp949', index_col = 0)\n",
        "test = pd.read_csv('/Users/hyojin/Desktop/miniProject/weather_corona_test.csv', encoding='cp949', index_col = 0)\n",
        "sub = pd.read_csv('/Users/hyojin/Desktop/miniProject/sample_submission.csv')"
      ]
    },
    {
      "cell_type": "code",
      "execution_count": 5,
      "metadata": {
        "ExecuteTime": {
          "end_time": "2022-02-24T15:53:43.172085Z",
          "start_time": "2022-02-24T15:53:43.072923Z"
        },
        "id": "oChsXAfuIcWm"
      },
      "outputs": [],
      "source": [
        "# # 태남\n",
        "# train = pd.read_csv('./data/weather_corona_train.csv', encoding='cp949', index_col = 0)\n",
        "# test = pd.read_csv('./data/weather_corona_test.csv', encoding='cp949', index_col = 0)\n",
        "# sub = pd.read_csv('./data/sample_submission.csv')"
      ]
    },
    {
      "cell_type": "code",
      "execution_count": 6,
      "metadata": {
        "ExecuteTime": {
          "end_time": "2022-02-24T15:53:43.232070Z",
          "start_time": "2022-02-24T15:53:43.206923Z"
        },
        "id": "HJX-G6QIt6Fp"
      },
      "outputs": [],
      "source": [
        "## 필요없는거 일단 지우기\n",
        "train = train.drop(['평균 지면온도(°C)','확진자수','조식메뉴'],axis=1)\n",
        "test = test.drop(['평균 지면온도(°C)','확진자수','조식메뉴'],axis=1)"
      ]
    },
    {
      "cell_type": "code",
      "source": [
        "## 열 이름이 지저분해서 변경\n",
        "train.rename(columns={'평균기온(°C)':'평균기온','일강수량(mm)':'일강수량'},inplace=True)\n",
        "test.rename(columns={'평균기온(°C)':'평균기온','일강수량(mm)':'일강수량'},inplace=True)"
      ],
      "metadata": {
        "id": "Be-dWeH1es8J"
      },
      "execution_count": 7,
      "outputs": []
    },
    {
      "cell_type": "markdown",
      "metadata": {
        "id": "1m7Rfsypt6Fq"
      },
      "source": [
        "## 기온 피쳐"
      ]
    },
    {
      "cell_type": "markdown",
      "metadata": {
        "id": "I2lmlIBOwQtL"
      },
      "source": [
        "- 평균기온(°C) -> 영하는 1, 영상은 0으로 변경"
      ]
    },
    {
      "cell_type": "code",
      "execution_count": 8,
      "metadata": {
        "ExecuteTime": {
          "end_time": "2022-02-24T15:53:43.261924Z",
          "start_time": "2022-02-24T15:53:43.240923Z"
        },
        "colab": {
          "base_uri": "https://localhost:8080/"
        },
        "id": "mUHRdPUEt6Fq",
        "outputId": "60e79ae1-dbee-4667-d2a0-80182b06e497"
      },
      "outputs": [
        {
          "output_type": "stream",
          "name": "stdout",
          "text": [
            "12.4 12.6\n"
          ]
        }
      ],
      "source": [
        "## 659인덱스가 널값이라서 양 옆 기온 확인\n",
        "print(train['평균기온'][658],train['평균기온'][660])"
      ]
    },
    {
      "cell_type": "code",
      "execution_count": 9,
      "metadata": {
        "ExecuteTime": {
          "end_time": "2022-02-24T15:53:43.276926Z",
          "start_time": "2022-02-24T15:53:43.268922Z"
        },
        "id": "QNnRTM8-t6Fr"
      },
      "outputs": [],
      "source": [
        "# 양옆기온의 평균으로 결측치 채우기\n",
        "train['평균기온'][659]=12.5"
      ]
    },
    {
      "cell_type": "code",
      "execution_count": 10,
      "metadata": {
        "ExecuteTime": {
          "end_time": "2022-02-24T15:53:43.306921Z",
          "start_time": "2022-02-24T15:53:43.282923Z"
        },
        "id": "d33eV-5ht6Fr"
      },
      "outputs": [],
      "source": [
        "## 테스트데이터가 1~2월이기에 영하의 온도를 체크할 필요가 있어보임\n",
        "## 온도가 영하면 1, 영상이면 0으로 기온피쳐를 변경\n",
        "\n",
        "def cold(x):\n",
        "    if x<0:\n",
        "        return 1\n",
        "    else:\n",
        "        return 0\n",
        "\n",
        "train['평균기온'] = train['평균기온'].apply(cold)\n",
        "test['평균기온'] = test['평균기온'].apply(cold)"
      ]
    },
    {
      "cell_type": "code",
      "execution_count": 11,
      "metadata": {
        "ExecuteTime": {
          "end_time": "2022-02-24T15:53:43.336921Z",
          "start_time": "2022-02-24T15:53:43.312934Z"
        },
        "colab": {
          "base_uri": "https://localhost:8080/"
        },
        "id": "q_9BK-Ojt6Fr",
        "outputId": "2a52b07c-afbf-4529-dc9c-d7f080cbd582"
      },
      "outputs": [
        {
          "output_type": "stream",
          "name": "stdout",
          "text": [
            "영하 중식계: 917.7386363636364 영하 석식계:  424.2386363636364 \n",
            " 영상 중식계:  888.1754700089525 영상 석식계:  464.7296329453894\n"
          ]
        }
      ],
      "source": [
        "## 중식은 영하온도면 더 먹고, 석식은 영하면 덜먹음  영하면 집에 빨리가나..?\n",
        "\n",
        "print('영하 중식계:',train.loc[train['평균기온']==1,'중식계'].mean(),\n",
        "     '영하 석식계: ',train.loc[train['평균기온']==1,'석식계'].mean(),'\\n',\n",
        "     '영상 중식계: ',train.loc[train['평균기온']==0,'중식계'].mean(),\n",
        "     '영상 석식계: ', train.loc[train['평균기온']==0,'석식계'].mean())"
      ]
    },
    {
      "cell_type": "markdown",
      "metadata": {
        "id": "ABQpkOJpt6Fs"
      },
      "source": [
        "## 강수량 피쳐"
      ]
    },
    {
      "cell_type": "markdown",
      "metadata": {
        "id": "OD-TZeCGw0B-"
      },
      "source": [
        "- 일강수량(mm) -> 비 내린 날 1, 비 안 내린 날 0"
      ]
    },
    {
      "cell_type": "code",
      "execution_count": 12,
      "metadata": {
        "ExecuteTime": {
          "end_time": "2022-02-24T15:53:43.367012Z",
          "start_time": "2022-02-24T15:53:43.342926Z"
        },
        "id": "7jeeJmclt6Fs"
      },
      "outputs": [],
      "source": [
        "# 널값은 0으로 채우자\n",
        "train['일강수량']=train['일강수량'].fillna(0)\n",
        "test['일강수량']=test['일강수량'].fillna(0)"
      ]
    },
    {
      "cell_type": "code",
      "execution_count": 13,
      "metadata": {
        "ExecuteTime": {
          "end_time": "2022-02-24T15:53:43.396921Z",
          "start_time": "2022-02-24T15:53:43.371922Z"
        },
        "id": "fa-HaEWCt6Fs"
      },
      "outputs": [],
      "source": [
        "# 비가 안오면 0, 비가 온날은 1로 강수량 피쳐 변경\n",
        "def rain(x):\n",
        "    if x==0:\n",
        "        return 0\n",
        "    else:\n",
        "        return 1\n",
        "\n",
        "train['일강수량'] = train['일강수량'].apply(rain)\n",
        "test['일강수량'] = test['일강수량'].apply(rain)"
      ]
    },
    {
      "cell_type": "code",
      "execution_count": 14,
      "metadata": {
        "ExecuteTime": {
          "end_time": "2022-02-24T15:53:43.426922Z",
          "start_time": "2022-02-24T15:53:43.402928Z"
        },
        "colab": {
          "base_uri": "https://localhost:8080/"
        },
        "id": "1qCjxBF6t6Fs",
        "outputId": "d3d4fd7a-2d42-425f-e42e-dc3fb4b7f79e"
      },
      "outputs": [
        {
          "output_type": "stream",
          "name": "stdout",
          "text": [
            "비o 중식계: 924.0291262135922 비o 석식계:  463.1618122977346 \n",
            " 비x 중식계:  878.7142857142857 비x 석식계:  461.2935267857143\n"
          ]
        }
      ],
      "source": [
        "## 비가 올때 중,석식 다 많이 먹음 (차이는 중식이 더 큼)\n",
        "\n",
        "print('비o 중식계:',train.loc[train['일강수량']==1,'중식계'].mean(),\n",
        "     '비o 석식계: ',train.loc[train['일강수량']==1,'석식계'].mean(),'\\n',\n",
        "     '비x 중식계: ',train.loc[train['일강수량']==0,'중식계'].mean(),\n",
        "     '비x 석식계: ', train.loc[train['일강수량']==0,'석식계'].mean())"
      ]
    },
    {
      "cell_type": "markdown",
      "metadata": {
        "id": "M1cFtjRRt6Ft"
      },
      "source": [
        "## 날짜 피쳐 생성"
      ]
    },
    {
      "cell_type": "markdown",
      "metadata": {
        "id": "SZyWrhv_xBhP"
      },
      "source": [
        "- 공휴일전 : 공휴일 전날은 1, 아니면 0\n",
        "- 공휴일후 : 공휴일 다음 날은 1, 아니면 0"
      ]
    },
    {
      "cell_type": "code",
      "execution_count": 15,
      "metadata": {
        "ExecuteTime": {
          "end_time": "2022-02-24T15:53:43.683769Z",
          "start_time": "2022-02-24T15:53:43.433923Z"
        },
        "id": "0pRep-eFt6Ft"
      },
      "outputs": [],
      "source": [
        "holiday_list = [] \n",
        "for i in range(2016,2022):\n",
        "    for date in holidays.KR(years=i).keys():  # 한국 공휴일 가져오기\n",
        "        holiday_list.append(date)"
      ]
    },
    {
      "cell_type": "code",
      "execution_count": 16,
      "metadata": {
        "ExecuteTime": {
          "end_time": "2022-02-24T15:53:43.698772Z",
          "start_time": "2022-02-24T15:53:43.688647Z"
        },
        "id": "3t6z589Et6Ft"
      },
      "outputs": [],
      "source": [
        "holiday_before_list=[]\n",
        "for_mat='%Y-%m-%d'\n",
        "for i in holiday_list:\n",
        "    holiday_before_list.append((i - timedelta(days=1)).strftime(for_mat))\n",
        "        # i - timedelta(days=1): datetime에서 날짜 하루 빼기\n",
        "        # .strftime(for_mat): 포맷과 같은 형식으로 datetime에서 str로 변환"
      ]
    },
    {
      "cell_type": "code",
      "execution_count": 17,
      "metadata": {
        "ExecuteTime": {
          "end_time": "2022-02-24T15:53:43.728646Z",
          "start_time": "2022-02-24T15:53:43.703649Z"
        },
        "id": "MLYahcbTt6Ft"
      },
      "outputs": [],
      "source": [
        "def holiday_before(x):\n",
        "    if x in holiday_before_list:\n",
        "        return 1\n",
        "    else:\n",
        "        return 0\n",
        "train['공휴일전'] = train.일자.apply(holiday_before)\n",
        "test['공휴일전'] = test.일자.apply(holiday_before)"
      ]
    },
    {
      "cell_type": "code",
      "execution_count": 18,
      "metadata": {
        "ExecuteTime": {
          "end_time": "2022-02-24T15:53:43.758640Z",
          "start_time": "2022-02-24T15:53:43.733643Z"
        },
        "id": "Qk58XHGAt6Fu"
      },
      "outputs": [],
      "source": [
        "holiday_after_list=[]\n",
        "for_mat='%Y-%m-%d'\n",
        "for i in holiday_list:\n",
        "    holiday_after_list.append((i + timedelta(days=1)).strftime(for_mat))"
      ]
    },
    {
      "cell_type": "code",
      "execution_count": 19,
      "metadata": {
        "ExecuteTime": {
          "end_time": "2022-02-24T15:53:43.788640Z",
          "start_time": "2022-02-24T15:53:43.762643Z"
        },
        "id": "PSlIiK4wt6Fu"
      },
      "outputs": [],
      "source": [
        "def holiday_after(x):\n",
        "    if x in holiday_after_list:\n",
        "        return 1\n",
        "    else:\n",
        "        return 0\n",
        "train['공휴일후'] = train.일자.apply(holiday_after)\n",
        "test['공휴일후'] = test.일자.apply(holiday_after)"
      ]
    },
    {
      "cell_type": "code",
      "execution_count": 20,
      "metadata": {
        "ExecuteTime": {
          "end_time": "2022-02-24T15:53:43.818683Z",
          "start_time": "2022-02-24T15:53:43.791676Z"
        },
        "id": "htWQEnSLt6Fu"
      },
      "outputs": [],
      "source": [
        "## 누락된 것은 찾아서 넣음\n",
        "\n",
        "# 16-4-13 국회의원 선거\n",
        "train['공휴일전'][47]=1\n",
        "train['공휴일후'][48]=1\n",
        "\n",
        "# 17-5-9 대통령 선거\n",
        "train['공휴일전'][311]=1\n",
        "train['공휴일후'][312]=1\n",
        "\n",
        "# 18-6-13 지방선거\n",
        "train['공휴일전'][579]=1\n",
        "train['공휴일후'][580]=1\n",
        "\n",
        "# 20-4-15 국회의원 선거\n",
        "train['공휴일전'][1027]=1\n",
        "train['공휴일후'][1028]=1\n",
        "\n",
        "# 20-9-30 추석\n",
        "train['공휴일전'][1129]=1\n"
      ]
    },
    {
      "cell_type": "markdown",
      "metadata": {
        "id": "oS8zHYA0xT1l"
      },
      "source": [
        "- 요일 : 레이블 인코딩"
      ]
    },
    {
      "cell_type": "code",
      "execution_count": 21,
      "metadata": {
        "ExecuteTime": {
          "end_time": "2022-02-24T15:53:43.848685Z",
          "start_time": "2022-02-24T15:53:43.821639Z"
        },
        "id": "6eULvtFBnzlq"
      },
      "outputs": [],
      "source": [
        "train.일자 = train.일자.astype('datetime64')\n",
        "test.일자 = test.일자.astype('datetime64')"
      ]
    },
    {
      "cell_type": "code",
      "execution_count": 22,
      "metadata": {
        "ExecuteTime": {
          "end_time": "2022-02-24T15:53:43.878694Z",
          "start_time": "2022-02-24T15:53:43.852649Z"
        },
        "id": "qDLywtmisJOM"
      },
      "outputs": [],
      "source": [
        "train['월'] = train.일자.dt.month\n",
        "train['일'] = train.일자.dt.day\n",
        "\n",
        "test['월'] = test.일자.dt.month\n",
        "test['일'] = test.일자.dt.day"
      ]
    },
    {
      "cell_type": "code",
      "execution_count": 23,
      "metadata": {
        "ExecuteTime": {
          "end_time": "2022-02-24T15:53:43.923640Z",
          "start_time": "2022-02-24T15:53:43.891652Z"
        },
        "id": "0P5npZcat6Fv"
      },
      "outputs": [],
      "source": [
        "def dayofweek1(x):\n",
        "    if '월' in x:\n",
        "        return 1\n",
        "    elif \"화\" in x:\n",
        "        return 2\n",
        "    elif \"수\" in x:\n",
        "        return 3\n",
        "    elif \"목\" in x:\n",
        "        return 4\n",
        "    else:\n",
        "        return 5\n",
        "\n",
        "train['요일'] = train.요일.apply(dayofweek1)\n",
        "test['요일'] = test.요일.apply(dayofweek1)"
      ]
    },
    {
      "cell_type": "markdown",
      "metadata": {
        "id": "ABBg8tWsxWNS"
      },
      "source": [
        "- 요일_야근 : 석식의 경우 평균 석식계가 낮은 수, 금에 1값 부여, 나머지는 0"
      ]
    },
    {
      "cell_type": "code",
      "execution_count": 24,
      "metadata": {
        "ExecuteTime": {
          "end_time": "2022-02-24T15:53:43.953641Z",
          "start_time": "2022-02-24T15:53:43.932639Z"
        },
        "id": "yM-MYdcet6Fv"
      },
      "outputs": [],
      "source": [
        "## 석식계의 수, 금이 낮은 경향\n",
        "## 수,금요일은 1, 아닌날은 0인 피쳐 생성\n",
        "## 아마 이 피쳐는 석식에만 넣어도 될듯?\n",
        "\n",
        "def dayofweek2(x):\n",
        "    if x in [3,5]:\n",
        "        return 1\n",
        "    else:\n",
        "        return 0\n",
        "\n",
        "train['요일_야근'] = train.요일.apply(dayofweek2)\n",
        "test['요일_야근'] = test.요일.apply(dayofweek2)"
      ]
    },
    {
      "cell_type": "markdown",
      "metadata": {
        "id": "bmjj8vOrxiGd"
      },
      "source": [
        "- 일_초중말 : 월 초반, 중반, 말을 10일 단위로 구분"
      ]
    },
    {
      "cell_type": "code",
      "execution_count": 25,
      "metadata": {
        "ExecuteTime": {
          "end_time": "2022-02-24T15:53:43.983684Z",
          "start_time": "2022-02-24T15:53:43.960648Z"
        },
        "id": "cwU9ee_Rt6Fw"
      },
      "outputs": [],
      "source": [
        "## 10, 20, 31 기준으로 일 초, 중, 말을 표현하는 피쳐생성\n",
        "def dayofweek3(x):\n",
        "    if x < 11:\n",
        "        return 1\n",
        "    elif x < 21:\n",
        "        return 2\n",
        "    else:\n",
        "        return 3\n",
        "\n",
        "train['일_초중말'] = train.일.apply(dayofweek3)\n",
        "test['일_초중말'] = test.일.apply(dayofweek3)"
      ]
    },
    {
      "cell_type": "markdown",
      "metadata": {
        "id": "N__3DbQAt6Fw"
      },
      "source": [
        "## 인원 피쳐"
      ]
    },
    {
      "cell_type": "markdown",
      "metadata": {
        "id": "inmcgyedxuRL"
      },
      "source": [
        "- 출근 : 본사정원수 - 본사출장자수 - 본사휴가자수 - 현본사소속재택근무\n",
        "- 휴가비율 : 본사휴가자수 / 본사정원수\n",
        "- 출장비율 : 본사출장자수 / 본사정원수\n",
        "- 야근비율 : 본사시간외근무 / 본사정원수\n",
        "- 재택비율 : 현본사재택근무 / 본사정원수"
      ]
    },
    {
      "cell_type": "code",
      "execution_count": 26,
      "metadata": {
        "ExecuteTime": {
          "end_time": "2022-02-24T15:53:44.043651Z",
          "start_time": "2022-02-24T15:53:43.991685Z"
        },
        "id": "J2voWfQpqUwP"
      },
      "outputs": [],
      "source": [
        "train['출근'] = train['본사정원수'] - train['본사출장자수'] - train['본사휴가자수'] - train['현본사소속재택근무자수']\n",
        "test['출근'] = test['본사정원수'] - test['본사출장자수'] - test['본사휴가자수'] - test['현본사소속재택근무자수']\n",
        "\n",
        "train['휴가비율'] = train['본사휴가자수']/train['본사정원수']\n",
        "test['휴가비율'] = test['본사휴가자수']/test['본사정원수']\n",
        "\n",
        "train['출장비율'] = train['본사출장자수']/train['본사정원수']\n",
        "test['출장비율'] = test['본사출장자수']/test['본사정원수']\n",
        "\n",
        "train['야근비율'] = train['본사시간외근무명령서승인건수']/train['출근']\n",
        "test['야근비율'] = test['본사시간외근무명령서승인건수']/test['출근']\n",
        "\n",
        "train['재택비율'] = train['현본사소속재택근무자수']/train['본사정원수']\n",
        "test['재택비율'] = test['현본사소속재택근무자수']/test['본사정원수']"
      ]
    },
    {
      "cell_type": "markdown",
      "metadata": {
        "id": "fcR7cQrit6Fx"
      },
      "source": [
        "## 메뉴정리(중식)\n",
        "- 밥_중식\n",
        "- 국_중식\n",
        "- 반찬_중식\n",
        "=> 모두 레이블 인코딩"
      ]
    },
    {
      "cell_type": "code",
      "source": [
        "#메뉴 구분 함수\n",
        "def split_menu(x):\n",
        "  menu_return = []  #return할 메뉴 데이터. 메뉴 스플릿 & 원산지 제외\n",
        "  for data in x:\n",
        "    menus = []              #전처리된 메뉴\n",
        "    menus_sp = data.split() #띄어쓰기 split\n",
        "    for menu_sp in menus_sp:\n",
        "      if '(' in menu_sp:\n",
        "        pass\n",
        "      elif ',' in menu_sp:  #comma split\n",
        "        menus_comma = menu_sp.split(',')\n",
        "        for menu_comma in menus_comma:\n",
        "          menus.append(menu_comma)\n",
        "      else:\n",
        "        menus.append(menu_sp)\n",
        "    menu_return.append(menus)\n",
        "  return menu_return\n",
        "#train 데이터 중식메뉴 카테고리별 분류\n",
        "def seperate_lunch_menu_list(df):\n",
        "\n",
        "  str = 'None'\n",
        "  lunch_menu_list = df['중식메뉴리스트']\n",
        "\n",
        "  print('######## 점심 데이터 구분 함수 시작 ########')\n",
        "\n",
        "  #메뉴 종류별 구분 (10 피처)\n",
        "  rice = []\n",
        "  soup = []\n",
        "  side_1 = []\n",
        "  side_2 = []\n",
        "  side_3 = []\n",
        "  side_4 = []\n",
        "  side_5 = []\n",
        "  dessert_1 = []\n",
        "  dessert_2 = []\n",
        "  kimchi = []\n",
        "\n",
        "  for idx, lunch_menu in enumerate(lunch_menu_list):\n",
        "\n",
        "    # print(\"현재 인덱스 :\", idx)\n",
        "    # print(lunch_menu)\n",
        "\n",
        "    #[밥 국 반찬2개 디저트 김치]\n",
        "    if idx in [38,57,70,75,80,109,123,286,301,341,\n",
        "                 361,366,449,482,549,553,687,747,786,843,\n",
        "                 867,882,909,983,1023,1061]:   \n",
        "      rice.append(lunch_menu[0])\n",
        "      soup.append(lunch_menu[1])\n",
        "      side_1.append(lunch_menu[2])\n",
        "      side_2.append(lunch_menu[3])\n",
        "      side_3.append(str)\n",
        "      side_4.append(str)\n",
        "      side_5.append(str)\n",
        "      des