            "\u001b[32m[I 2022-02-27 13:46:43,668]\u001b[0m Trial 88 finished with value: 0.025378380520249173 and parameters: {'iterations': 24952, 'od_wait': 1700, 'learning_rate': 0.6184252133100143, 'reg_lambda': 93.56361517098267, 'random_strength': 15.685824653253828, 'depth': 2, 'min_data_in_leaf': 1, 'leaf_estimation_iterations': 10, 'bagging_temperature': 84.32072967976421, 'colsample_bylevel': 0.6368751591016945}. Best is trial 63 with value: 0.02271319056422283.\u001b[0m\n",
            "\u001b[32m[I 2022-02-27 13:46:43,754]\u001b[0m Trial 89 finished with value: 0.02611762618172976 and parameters: {'iterations': 23837, 'od_wait': 1583, 'learning_rate': 0.7672755397000237, 'reg_lambda': 89.79465796337684, 'random_strength': 14.753450661588033, 'depth': 2, 'min_data_in_leaf': 1, 'leaf_estimation_iterations': 9, 'bagging_temperature': 49.24453249772639, 'colsample_bylevel': 0.6818024375795317}. Best is trial 63 with value: 0.02271319056422283.\u001b[0m\n",
            "\u001b[32m[I 2022-02-27 13:46:43,900]\u001b[0m Trial 90 finished with value: 0.024527688790756615 and parameters: {'iterations': 24324, 'od_wait': 1831, 'learning_rate': 0.5609075178276742, 'reg_lambda': 84.15888704263978, 'random_strength': 18.0253834629236, 'depth': 1, 'min_data_in_leaf': 1, 'leaf_estimation_iterations': 11, 'bagging_temperature': 24.24645854941581, 'colsample_bylevel': 0.6362033839836019}. Best is trial 63 with value: 0.02271319056422283.\u001b[0m\n",
            "\u001b[32m[I 2022-02-27 13:46:44,037]\u001b[0m Trial 91 finished with value: 0.023045351020479204 and parameters: {'iterations': 22972, 'od_wait': 1894, 'learning_rate': 0.5819741482406041, 'reg_lambda': 97.20131171532913, 'random_strength': 16.26957644253575, 'depth': 1, 'min_data_in_leaf': 1, 'leaf_estimation_iterations': 10, 'bagging_temperature': 61.292274321232945, 'colsample_bylevel': 0.5910166981814834}. Best is trial 63 with value: 0.02271319056422283.\u001b[0m\n",
            "\u001b[32m[I 2022-02-27 13:46:44,153]\u001b[0m Trial 92 finished with value: 0.02356643065811655 and parameters: {'iterations': 22926, 'od_wait': 1432, 'learning_rate': 0.6006192217679882, 'reg_lambda': 94.48359442025506, 'random_strength': 15.237902975099567, 'depth': 1, 'min_data_in_leaf': 1, 'leaf_estimation_iterations': 10, 'bagging_temperature': 73.49771566080591, 'colsample_bylevel': 0.5881975706428995}. Best is trial 63 with value: 0.02271319056422283.\u001b[0m\n",
            "\u001b[32m[I 2022-02-27 13:46:44,253]\u001b[0m Trial 93 finished with value: 0.030189501203767122 and parameters: {'iterations': 23885, 'od_wait': 1901, 'learning_rate': 0.6635599097275238, 'reg_lambda': 97.67687878947261, 'random_strength': 12.731084022850139, 'depth': 6, 'min_data_in_leaf': 1, 'leaf_estimation_iterations': 11, 'bagging_temperature': 38.850608709340456, 'colsample_bylevel': 0.6583911671520627}. Best is trial 63 with value: 0.02271319056422283.\u001b[0m\n",
            "\u001b[32m[I 2022-02-27 13:46:44,348]\u001b[0m Trial 94 finished with value: 0.025870298088013777 and parameters: {'iterations': 23572, 'od_wait': 1730, 'learning_rate': 0.6972848725325875, 'reg_lambda': 80.03150209090693, 'random_strength': 16.920712804022934, 'depth': 1, 'min_data_in_leaf': 1, 'leaf_estimation_iterations': 8, 'bagging_temperature': 61.375752370647476, 'colsample_bylevel': 0.5698453534948104}. Best is trial 63 with value: 0.02271319056422283.\u001b[0m\n",
            "\u001b[32m[I 2022-02-27 13:46:44,458]\u001b[0m Trial 95 finished with value: 0.026645865519571856 and parameters: {'iterations': 22035, 'od_wait': 1833, 'learning_rate': 0.6270737482235162, 'reg_lambda': 92.49221791567902, 'random_strength': 45.27286967443281, 'depth': 1, 'min_data_in_leaf': 1, 'leaf_estimation_iterations': 9, 'bagging_temperature': 96.02012484817007, 'colsample_bylevel': 0.6876181145653054}. Best is trial 63 with value: 0.02271319056422283.\u001b[0m\n",
            "\u001b[32m[I 2022-02-27 13:46:44,634]\u001b[0m Trial 96 finished with value: 0.023375093599417623 and parameters: {'iterations': 20762, 'od_wait': 1672, 'learning_rate': 0.5566504985182034, 'reg_lambda': 86.95022514628845, 'random_strength': 17.883799302513864, 'depth': 1, 'min_data_in_leaf': 2, 'leaf_estimation_iterations': 10, 'bagging_temperature': 53.05922559924739, 'colsample_bylevel': 0.623995911722205}. Best is trial 63 with value: 0.02271319056422283.\u001b[0m\n",
            "\u001b[32m[I 2022-02-27 13:46:44,813]\u001b[0m Trial 97 finished with value: 0.024579424291907362 and parameters: {'iterations': 23151, 'od_wait': 1611, 'learning_rate': 0.4907410068938986, 'reg_lambda': 90.2959429846532, 'random_strength': 14.100504491538992, 'depth': 1, 'min_data_in_leaf': 1, 'leaf_estimation_iterations': 10, 'bagging_temperature': 31.06974120390745, 'colsample_bylevel': 0.5223660560004872}. Best is trial 63 with value: 0.02271319056422283.\u001b[0m\n",
            "\u001b[32m[I 2022-02-27 13:46:44,929]\u001b[0m Trial 98 finished with value: 0.025149580952945623 and parameters: {'iterations': 24581, 'od_wait': 1783, 'learning_rate': 0.5962765867095482, 'reg_lambda': 94.56561988016534, 'random_strength': 20.538402611274606, 'depth': 2, 'min_data_in_leaf': 2, 'leaf_estimation_iterations': 11, 'bagging_temperature': 77.07874873104079, 'colsample_bylevel': 0.6012160758119014}. Best is trial 63 with value: 0.02271319056422283.\u001b[0m\n",
